{"E:\\Computing Level 8\\DK821 Year 4\\Semester 1\\Team Project\\Code\\Service_Loop_Server\\spec\\Digital_Signature_Spec.js":{"path":"E:\\Computing Level 8\\DK821 Year 4\\Semester 1\\Team Project\\Code\\Service_Loop_Server\\spec\\Digital_Signature_Spec.js","statementMap":{},"fnMap":{},"branchMap":{},"s":{},"f":{},"b":{},"_coverageSchema":"43e27e138ebf9cfc5966b082cf9a028302ed4184","hash":"c1666baaf936afc5ddf6595b7afcebe59486d09c","contentHash":"24e8d302edf3c2fb415d618bed63d448e328b3710c00d79f8eb9f39ef1f8cbab"},"E:\\Computing Level 8\\DK821 Year 4\\Semester 1\\Team Project\\Code\\Service_Loop_Server\\spec\\Notification_Spec.js":{"path":"E:\\Computing Level 8\\DK821 Year 4\\Semester 1\\Team Project\\Code\\Service_Loop_Server\\spec\\Notification_Spec.js","statementMap":{"0":{"start":{"line":1,"column":15},"end":{"line":1,"column":46}},"1":{"start":{"line":3,"column":0},"end":{"line":33,"column":3}},"2":{"start":{"line":4,"column":4},"end":{"line":6,"column":7}},"3":{"start":{"line":5,"column":8},"end":{"line":5,"column":49}},"4":{"start":{"line":8,"column":4},"end":{"line":11,"column":7}},"5":{"start":{"line":9,"column":36},"end":{"line":9,"column":101}},"6":{"start":{"line":10,"column":8},"end":{"line":10,"column":41}},"7":{"start":{"line":13,"column":4},"end":{"line":22,"column":7}},"8":{"start":{"line":14,"column":36},"end":{"line":14,"column":101}},"9":{"start":{"line":15,"column":30},"end":{"line":15,"column":65}},"10":{"start":{"line":17,"column":28},"end":{"line":17,"column":47}},"11":{"start":{"line":18,"column":8},"end":{"line":18,"column":336}},"12":{"start":{"line":19,"column":28},"end":{"line":19,"column":147}},"13":{"start":{"line":20,"column":8},"end":{"line":20,"column":48}},"14":{"start":{"line":21,"column":8},"end":{"line":21,"column":15}},"15":{"start":{"line":24,"column":4},"end":{"line":32,"column":7}},"16":{"start":{"line":25,"column":36},"end":{"line":25,"column":101}},"17":{"start":{"line":26,"column":30},"end":{"line":26,"column":65}},"18":{"start":{"line":28,"column":28},"end":{"line":28,"column":106}},"19":{"start":{"line":30,"column":8},"end":{"line":30,"column":73}},"20":{"start":{"line":31,"column":8},"end":{"line":31,"column":15}},"21":{"start":{"line":35,"column":0},"end":{"line":149,"column":3}},"22":{"start":{"line":36,"column":4},"end":{"line":38,"column":7}},"23":{"start":{"line":37,"column":8},"end":{"line":37,"column":49}},"24":{"start":{"line":40,"column":4},"end":{"line":43,"column":7}},"25":{"start":{"line":41,"column":36},"end":{"line":41,"column":101}},"26":{"start":{"line":42,"column":8},"end":{"line":42,"column":41}},"27":{"start":{"line":45,"column":4},"end":{"line":55,"column":7}},"28":{"start":{"line":47,"column":36},"end":{"line":47,"column":101}},"29":{"start":{"line":48,"column":30},"end":{"line":48,"column":65}},"30":{"start":{"line":50,"column":8},"end":{"line":50,"column":93}},"31":{"start":{"line":51,"column":28},"end":{"line":51,"column":147}},"32":{"start":{"line":53,"column":8},"end":{"line":53,"column":86}},"33":{"start":{"line":54,"column":8},"end":{"line":54,"column":15}},"34":{"start":{"line":57,"column":4},"end":{"line":72,"column":7}},"35":{"start":{"line":59,"column":36},"end":{"line":59,"column":101}},"36":{"start":{"line":60,"column":30},"end":{"line":60,"column":65}},"37":{"start":{"line":62,"column":28},"end":{"line":62,"column":47}},"38":{"start":{"line":63,"column":8},"end":{"line":63,"column":336}},"39":{"start":{"line":65,"column":28},"end":{"line":65,"column":147}},"40":{"start":{"line":67,"column":8},"end":{"line":67,"column":93}},"41":{"start":{"line":70,"column":8},"end":{"line":70,"column":48}},"42":{"start":{"line":71,"column":8},"end":{"line":71,"column":15}},"43":{"start":{"line":74,"column":4},"end":{"line":91,"column":7}},"44":{"start":{"line":76,"column":36},"end":{"line":76,"column":101}},"45":{"start":{"line":77,"column":30},"end":{"line":77,"column":65}},"46":{"start":{"line":79,"column":28},"end":{"line":79,"column":47}},"47":{"start":{"line":83,"column":8},"end":{"line":83,"column":93}},"48":{"start":{"line":84,"column":28},"end":{"line":84,"column":146}},"49":{"start":{"line":86,"column":8},"end":{"line":86,"column":93}},"50":{"start":{"line":89,"column":8},"end":{"line":89,"column":86}},"51":{"start":{"line":90,"column":8},"end":{"line":90,"column":15}},"52":{"start":{"line":93,"column":4},"end":{"line":110,"column":7}},"53":{"start":{"line":95,"column":36},"end":{"line":95,"column":101}},"54":{"start":{"line":96,"column":30},"end":{"line":96,"column":65}},"55":{"start":{"line":98,"column":28},"end":{"line":98,"column":47}},"56":{"start":{"line":99,"column":8},"end":{"line":99,"column":336}},"57":{"start":{"line":100,"column":8},"end":{"line":100,"column":311}},"58":{"start":{"line":103,"column":28},"end":{"line":103,"column":163}},"59":{"start":{"line":105,"column":8},"end":{"line":105,"column":93}},"60":{"start":{"line":108,"column":8},"end":{"line":108,"column":48}},"61":{"start":{"line":109,"column":8},"end":{"line":109,"column":15}},"62":{"start":{"line":112,"column":4},"end":{"line":129,"column":7}},"63":{"start":{"line":114,"column":36},"end":{"line":114,"column":101}},"64":{"start":{"line":115,"column":30},"end":{"line":115,"column":65}},"65":{"start":{"line":117,"column":28},"end":{"line":117,"column":47}},"66":{"start":{"line":118,"column":8},"end":{"line":118,"column":336}},"67":{"start":{"line":119,"column":8},"end":{"line":119,"column":311}},"68":{"start":{"line":122,"column":28},"end":{"line":122,"column":163}},"69":{"start":{"line":124,"column":8},"end":{"line":124,"column":93}},"70":{"start":{"line":127,"column":8},"end":{"line":127,"column":48}},"71":{"start":{"line":128,"column":8},"end":{"line":128,"column":15}},"72":{"start":{"line":131,"column":4},"end":{"line":148,"column":7}},"73":{"start":{"line":133,"column":36},"end":{"line":133,"column":101}},"74":{"start":{"line":134,"column":30},"end":{"line":134,"column":65}},"75":{"start":{"line":136,"column":28},"end":{"line":136,"column":47}},"76":{"start":{"line":137,"column":8},"end":{"line":137,"column":336}},"77":{"start":{"line":138,"column":8},"end":{"line":138,"column":311}},"78":{"start":{"line":141,"column":28},"end":{"line":141,"column":163}},"79":{"start":{"line":144,"column":8},"end":{"line":144,"column":89}},"80":{"start":{"line":146,"column":8},"end":{"line":146,"column":48}},"81":{"start":{"line":147,"column":8},"end":{"line":147,"column":15}},"82":{"start":{"line":151,"column":0},"end":{"line":179,"column":3}},"83":{"start":{"line":152,"column":4},"end":{"line":154,"column":7}},"84":{"start":{"line":153,"column":8},"end":{"line":153,"column":49}},"85":{"start":{"line":156,"column":4},"end":{"line":159,"column":7}},"86":{"start":{"line":157,"column":36},"end":{"line":157,"column":101}},"87":{"start":{"line":158,"column":8},"end":{"line":158,"column":41}},"88":{"start":{"line":161,"column":4},"end":{"line":178,"column":7}},"89":{"start":{"line":163,"column":36},"end":{"line":163,"column":101}},"90":{"start":{"line":164,"column":30},"end":{"line":164,"column":65}},"91":{"start":{"line":166,"column":28},"end":{"line":166,"column":47}},"92":{"start":{"line":168,"column":8},"end":{"line":168,"column":336}},"93":{"start":{"line":169,"column":8},"end":{"line":169,"column":311}},"94":{"start":{"line":171,"column":28},"end":{"line":171,"column":123}},"95":{"start":{"line":172,"column":0},"end":{"line":172,"column":27}},"96":{"start":{"line":173,"column":8},"end":{"line":173,"column":93}},"97":{"start":{"line":174,"column":8},"end":{"line":174,"column":89}},"98":{"start":{"line":176,"column":8},"end":{"line":176,"column":48}},"99":{"start":{"line":177,"column":8},"end":{"line":177,"column":15}}},"fnMap":{"0":{"name":"(anonymous_0)","decl":{"start":{"line":3,"column":40},"end":{"line":3,"column":41}},"loc":{"start":{"line":3,"column":52},"end":{"line":33,"column":1}},"line":3},"1":{"name":"(anonymous_1)","decl":{"start":{"line":4,"column":15},"end":{"line":4,"column":16}},"loc":{"start":{"line":4,"column":26},"end":{"line":6,"column":5}},"line":4},"2":{"name":"(anonymous_2)","decl":{"start":{"line":8,"column":14},"end":{"line":8,"column":15}},"loc":{"start":{"line":8,"column":25},"end":{"line":11,"column":5}},"line":8},"3":{"name":"(anonymous_3)","decl":{"start":{"line":13,"column":67},"end":{"line":13,"column":68}},"loc":{"start":{"line":13,"column":89},"end":{"line":22,"column":5}},"line":13},"4":{"name":"(anonymous_4)","decl":{"start":{"line":24,"column":60},"end":{"line":24,"column":61}},"loc":{"start":{"line":24,"column":82},"end":{"line":32,"column":5}},"line":24},"5":{"name":"(anonymous_5)","decl":{"start":{"line":35,"column":40},"end":{"line":35,"column":41}},"loc":{"start":{"line":35,"column":52},"end":{"line":149,"column":1}},"line":35},"6":{"name":"(anonymous_6)","decl":{"start":{"line":36,"column":15},"end":{"line":36,"column":16}},"loc":{"start":{"line":36,"column":26},"end":{"line":38,"column":5}},"line":36},"7":{"name":"(anonymous_7)","decl":{"start":{"line":40,"column":14},"end":{"line":40,"column":15}},"loc":{"start":{"line":40,"column":25},"end":{"line":43,"column":5}},"line":40},"8":{"name":"(anonymous_8)","decl":{"start":{"line":45,"column":77},"end":{"line":45,"column":78}},"loc":{"start":{"line":45,"column":99},"end":{"line":55,"column":5}},"line":45},"9":{"name":"(anonymous_9)","decl":{"start":{"line":57,"column":93},"end":{"line":57,"column":94}},"loc":{"start":{"line":57,"column":115},"end":{"line":72,"column":5}},"line":57},"10":{"name":"(anonymous_10)","decl":{"start":{"line":74,"column":94},"end":{"line":74,"column":95}},"loc":{"start":{"line":74,"column":116},"end":{"line":91,"column":5}},"line":74},"11":{"name":"(anonymous_11)","decl":{"start":{"line":93,"column":114},"end":{"line":93,"column":115}},"loc":{"start":{"line":93,"column":136},"end":{"line":110,"column":5}},"line":93},"12":{"name":"(anonymous_12)","decl":{"start":{"line":112,"column":114},"end":{"line":112,"column":115}},"loc":{"start":{"line":112,"column":136},"end":{"line":129,"column":5}},"line":112},"13":{"name":"(anonymous_13)","decl":{"start":{"line":131,"column":111},"end":{"line":131,"column":112}},"loc":{"start":{"line":131,"column":133},"end":{"line":148,"column":5}},"line":131},"14":{"name":"(anonymous_14)","decl":{"start":{"line":151,"column":62},"end":{"line":151,"column":63}},"loc":{"start":{"line":151,"column":74},"end":{"line":179,"column":1}},"line":151},"15":{"name":"(anonymous_15)","decl":{"start":{"line":152,"column":15},"end":{"line":152,"column":16}},"loc":{"start":{"line":152,"column":26},"end":{"line":154,"column":5}},"line":152},"16":{"name":"(anonymous_16)","decl":{"start":{"line":156,"column":14},"end":{"line":156,"column":15}},"loc":{"start":{"line":156,"column":25},"end":{"line":159,"column":5}},"line":156},"17":{"name":"(anonymous_17)","decl":{"start":{"line":161,"column":33},"end":{"line":161,"column":34}},"loc":{"start":{"line":161,"column":55},"end":{"line":178,"column":5}},"line":161}},"branchMap":{},"s":{"0":1,"1":1,"2":1,"3":2,"4":1,"5":2,"6":2,"7":1,"8":1,"9":1,"10":1,"11":1,"12":1,"13":1,"14":1,"15":1,"16":1,"17":1,"18":1,"19":1,"20":1,"21":1,"22":1,"23":6,"24":1,"25":6,"26":6,"27":1,"28":1,"29":1,"30":1,"31":1,"32":1,"33":1,"34":1,"35":1,"36":1,"37":1,"38":1,"39":1,"40":1,"41":1,"42":1,"43":1,"44":1,"45":1,"46":1,"47":1,"48":1,"49":1,"50":1,"51":1,"52":1,"53":1,"54":1,"55":1,"56":1,"57":1,"58":1,"59":1,"60":1,"61":1,"62":1,"63":1,"64":1,"65":1,"66":1,"67":1,"68":1,"69":1,"70":1,"71":1,"72":1,"73":1,"74":1,"75":1,"76":1,"77":1,"78":1,"79":1,"80":1,"81":1,"82":1,"83":1,"84":1,"85":1,"86":1,"87":1,"88":1,"89":1,"90":1,"91":1,"92":1,"93":1,"94":1,"95":1,"96":1,"97":1,"98":1,"99":1},"f":{"0":1,"1":2,"2":2,"3":1,"4":1,"5":1,"6":6,"7":6,"8":1,"9":1,"10":1,"11":1,"12":1,"13":1,"14":1,"15":1,"16":1,"17":1},"b":{},"_coverageSchema":"43e27e138ebf9cfc5966b082cf9a028302ed4184","hash":"25920d0061ac775cfe9a10e698f43aa84f4b7fec","contentHash":"d8f3f3c7101a7ca5152b71d8a8476ae04143fafa29f7de6de355968e05cb2f95"},"E:\\Computing Level 8\\DK821 Year 4\\Semester 1\\Team Project\\Code\\Service_Loop_Server\\services\\database.js":{"path":"E:\\Computing Level 8\\DK821 Year 4\\Semester 1\\Team Project\\Code\\Service_Loop_Server\\services\\database.js","statementMap":{"0":{"start":{"line":1,"column":17},"end":{"line":1,"column":36}},"1":{"start":{"line":2,"column":18},"end":{"line":2,"column":44}},"2":{"start":{"line":6,"column":4},"end":{"line":6,"column":21}},"3":{"start":{"line":7,"column":4},"end":{"line":7,"column":19}},"4":{"start":{"line":8,"column":4},"end":{"line":8,"column":29}},"5":{"start":{"line":13,"column":4},"end":{"line":46,"column":7}},"6":{"start":{"line":19,"column":6},"end":{"line":26,"column":10}},"7":{"start":{"line":21,"column":10},"end":{"line":21,"column":48}},"8":{"start":{"line":21,"column":34},"end":{"line":21,"column":46}},"9":{"start":{"line":22,"column":26},"end":{"line":22,"column":47}},"10":{"start":{"line":23,"column":10},"end":{"line":25,"column":38}},"11":{"start":{"line":28,"column":6},"end":{"line":28,"column":44}},"12":{"start":{"line":31,"column":6},"end":{"line":33,"column":9}},"13":{"start":{"line":32,"column":8},"end":{"line":32,"column":84}},"14":{"start":{"line":36,"column":6},"end":{"line":38,"column":9}},"15":{"start":{"line":37,"column":8},"end":{"line":37,"column":49}},"16":{"start":{"line":41,"column":6},"end":{"line":45,"column":9}},"17":{"start":{"line":51,"column":4},"end":{"line":53,"column":7}},"18":{"start":{"line":52,"column":6},"end":{"line":52,"column":26}},"19":{"start":{"line":68,"column":18},"end":{"line":68,"column":33}},"20":{"start":{"line":71,"column":4},"end":{"line":71,"column":46}},"21":{"start":{"line":72,"column":4},"end":{"line":72,"column":37}},"22":{"start":{"line":73,"column":4},"end":{"line":73,"column":51}},"23":{"start":{"line":74,"column":4},"end":{"line":74,"column":31}},"24":{"start":{"line":75,"column":4},"end":{"line":75,"column":61}},"25":{"start":{"line":78,"column":4},"end":{"line":91,"column":7}},"26":{"start":{"line":79,"column":6},"end":{"line":90,"column":9}},"27":{"start":{"line":80,"column":8},"end":{"line":89,"column":9}},"28":{"start":{"line":81,"column":10},"end":{"line":81,"column":47}},"29":{"start":{"line":82,"column":10},"end":{"line":82,"column":27}},"30":{"start":{"line":84,"column":10},"end":{"line":84,"column":50}},"31":{"start":{"line":86,"column":10},"end":{"line":86,"column":35}},"32":{"start":{"line":88,"column":10},"end":{"line":88,"column":83}},"33":{"start":{"line":107,"column":19},"end":{"line":107,"column":45}},"34":{"start":{"line":108,"column":19},"end":{"line":108,"column":168}},"35":{"start":{"line":110,"column":4},"end":{"line":117,"column":7}},"36":{"start":{"line":111,"column":6},"end":{"line":116,"column":11}},"37":{"start":{"line":112,"column":8},"end":{"line":112,"column":45}},"38":{"start":{"line":115,"column":10},"end":{"line":115,"column":56}},"39":{"start":{"line":129,"column":4},"end":{"line":144,"column":7}},"40":{"start":{"line":130,"column":6},"end":{"line":143,"column":11}},"41":{"start":{"line":132,"column":10},"end":{"line":140,"column":11}},"42":{"start":{"line":133,"column":12},"end":{"line":133,"column":57}},"43":{"start":{"line":135,"column":12},"end":{"line":139,"column":13}},"44":{"start":{"line":136,"column":14},"end":{"line":136,"column":68}},"45":{"start":{"line":138,"column":14},"end":{"line":138,"column":58}},"46":{"start":{"line":142,"column":10},"end":{"line":142,"column":56}},"47":{"start":{"line":156,"column":4},"end":{"line":164,"column":7}},"48":{"start":{"line":157,"column":6},"end":{"line":163,"column":11}},"49":{"start":{"line":159,"column":10},"end":{"line":159,"column":75}},"50":{"start":{"line":161,"column":10},"end":{"line":161,"column":47}},"51":{"start":{"line":162,"column":10},"end":{"line":162,"column":56}},"52":{"start":{"line":176,"column":29},"end":{"line":176,"column":54}},"53":{"start":{"line":177,"column":19},"end":{"line":177,"column":39}},"54":{"start":{"line":179,"column":4},"end":{"line":187,"column":7}},"55":{"start":{"line":180,"column":6},"end":{"line":186,"column":11}},"56":{"start":{"line":182,"column":10},"end":{"line":182,"column":76}},"57":{"start":{"line":184,"column":10},"end":{"line":184,"column":47}},"58":{"start":{"line":185,"column":10},"end":{"line":185,"column":56}},"59":{"start":{"line":199,"column":36},"end":{"line":199,"column":70}},"60":{"start":{"line":200,"column":19},"end":{"line":200,"column":39}},"61":{"start":{"line":202,"column":4},"end":{"line":210,"column":7}},"62":{"start":{"line":203,"column":6},"end":{"line":209,"column":11}},"63":{"start":{"line":205,"column":10},"end":{"line":205,"column":83}},"64":{"start":{"line":207,"column":10},"end":{"line":207,"column":47}},"65":{"start":{"line":208,"column":10},"end":{"line":208,"column":56}},"66":{"start":{"line":222,"column":28},"end":{"line":222,"column":53}},"67":{"start":{"line":223,"column":19},"end":{"line":223,"column":39}},"68":{"start":{"line":225,"column":4},"end":{"line":233,"column":7}},"69":{"start":{"line":226,"column":6},"end":{"line":232,"column":11}},"70":{"start":{"line":228,"column":10},"end":{"line":228,"column":83}},"71":{"start":{"line":230,"column":10},"end":{"line":230,"column":47}},"72":{"start":{"line":231,"column":10},"end":{"line":231,"column":56}},"73":{"start":{"line":245,"column":36},"end":{"line":245,"column":70}},"74":{"start":{"line":246,"column":19},"end":{"line":246,"column":73}},"75":{"start":{"line":248,"column":4},"end":{"line":256,"column":7}},"76":{"start":{"line":249,"column":6},"end":{"line":255,"column":11}},"77":{"start":{"line":251,"column":10},"end":{"line":251,"column":83}},"78":{"start":{"line":253,"column":10},"end":{"line":253,"column":47}},"79":{"start":{"line":254,"column":10},"end":{"line":254,"column":56}},"80":{"start":{"line":269,"column":19},"end":{"line":269,"column":40}},"81":{"start":{"line":270,"column":19},"end":{"line":270,"column":62}},"82":{"start":{"line":272,"column":4},"end":{"line":281,"column":7}},"83":{"start":{"line":273,"column":6},"end":{"line":280,"column":11}},"84":{"start":{"line":274,"column":8},"end":{"line":274,"column":26}},"85":{"start":{"line":275,"column":8},"end":{"line":275,"column":75}},"86":{"start":{"line":278,"column":10},"end":{"line":278,"column":28}},"87":{"start":{"line":279,"column":10},"end":{"line":279,"column":56}},"88":{"start":{"line":298,"column":21},"end":{"line":298,"column":25}},"89":{"start":{"line":299,"column":22},"end":{"line":299,"column":47}},"90":{"start":{"line":300,"column":18},"end":{"line":300,"column":33}},"91":{"start":{"line":301,"column":23},"end":{"line":301,"column":44}},"92":{"start":{"line":304,"column":21},"end":{"line":304,"column":59}},"93":{"start":{"line":305,"column":4},"end":{"line":305,"column":50}},"94":{"start":{"line":306,"column":4},"end":{"line":306,"column":36}},"95":{"start":{"line":307,"column":4},"end":{"line":307,"column":109}},"96":{"start":{"line":308,"column":4},"end":{"line":308,"column":39}},"97":{"start":{"line":310,"column":4},"end":{"line":310,"column":40}},"98":{"start":{"line":311,"column":4},"end":{"line":311,"column":44}},"99":{"start":{"line":312,"column":4},"end":{"line":312,"column":61}},"100":{"start":{"line":314,"column":4},"end":{"line":314,"column":33}},"101":{"start":{"line":315,"column":4},"end":{"line":315,"column":43}},"102":{"start":{"line":317,"column":4},"end":{"line":347,"column":7}},"103":{"start":{"line":318,"column":6},"end":{"line":346,"column":9}},"104":{"start":{"line":320,"column":8},"end":{"line":345,"column":9}},"105":{"start":{"line":321,"column":10},"end":{"line":321,"column":32}},"106":{"start":{"line":322,"column":10},"end":{"line":322,"column":50}},"107":{"start":{"line":324,"column":10},"end":{"line":324,"column":34}},"108":{"start":{"line":325,"column":10},"end":{"line":325,"column":28}},"109":{"start":{"line":327,"column":38},"end":{"line":327,"column":355}},"110":{"start":{"line":330,"column":10},"end":{"line":344,"column":11}},"111":{"start":{"line":331,"column":46},"end":{"line":331,"column":308}},"112":{"start":{"line":334,"column":12},"end":{"line":340,"column":13}},"113":{"start":{"line":335,"column":14},"end":{"line":335,"column":36}},"114":{"start":{"line":336,"column":14},"end":{"line":336,"column":173}},"115":{"start":{"line":338,"column":14},"end":{"line":338,"column":36}},"116":{"start":{"line":339,"column":14},"end":{"line":339,"column":81}},"117":{"start":{"line":342,"column":12},"end":{"line":342,"column":34}},"118":{"start":{"line":343,"column":12},"end":{"line":343,"column":79}},"119":{"start":{"line":351,"column":28},"end":{"line":351,"column":54}},"120":{"start":{"line":352,"column":19},"end":{"line":352,"column":40}},"121":{"start":{"line":354,"column":4},"end":{"line":361,"column":7}},"122":{"start":{"line":355,"column":6},"end":{"line":360,"column":11}},"123":{"start":{"line":356,"column":8},"end":{"line":356,"column":24}},"124":{"start":{"line":359,"column":10},"end":{"line":359,"column":56}},"125":{"start":{"line":379,"column":36},"end":{"line":379,"column":70}},"126":{"start":{"line":380,"column":23},"end":{"line":380,"column":44}},"127":{"start":{"line":382,"column":28},"end":{"line":382,"column":57}},"128":{"start":{"line":383,"column":33},"end":{"line":383,"column":43}},"129":{"start":{"line":385,"column":4},"end":{"line":385,"column":128}},"130":{"start":{"line":386,"column":4},"end":{"line":386,"column":62}},"131":{"start":{"line":387,"column":4},"end":{"line":387,"column":67}},"132":{"start":{"line":388,"column":4},"end":{"line":388,"column":84}},"133":{"start":{"line":389,"column":4},"end":{"line":389,"column":70}},"134":{"start":{"line":390,"column":4},"end":{"line":390,"column":60}},"135":{"start":{"line":391,"column":4},"end":{"line":391,"column":66}},"136":{"start":{"line":392,"column":4},"end":{"line":392,"column":40}},"137":{"start":{"line":393,"column":4},"end":{"line":393,"column":47}},"138":{"start":{"line":395,"column":4},"end":{"line":403,"column":7}},"139":{"start":{"line":396,"column":6},"end":{"line":402,"column":9}},"140":{"start":{"line":397,"column":8},"end":{"line":401,"column":9}},"141":{"start":{"line":398,"column":10},"end":{"line":398,"column":50}},"142":{"start":{"line":400,"column":10},"end":{"line":400,"column":60}},"143":{"start":{"line":420,"column":36},"end":{"line":420,"column":70}},"144":{"start":{"line":421,"column":28},"end":{"line":421,"column":57}},"145":{"start":{"line":424,"column":23},"end":{"line":424,"column":44}},"146":{"start":{"line":426,"column":33},"end":{"line":426,"column":43}},"147":{"start":{"line":429,"column":4},"end":{"line":438,"column":5}},"148":{"start":{"line":431,"column":6},"end":{"line":437,"column":7}},"149":{"start":{"line":432,"column":8},"end":{"line":432,"column":62}},"150":{"start":{"line":434,"column":8},"end":{"line":436,"column":9}},"151":{"start":{"line":435,"column":10},"end":{"line":435,"column":77}},"152":{"start":{"line":441,"column":4},"end":{"line":443,"column":5}},"153":{"start":{"line":442,"column":6},"end":{"line":442,"column":48}},"154":{"start":{"line":445,"column":4},"end":{"line":445,"column":67}},"155":{"start":{"line":446,"column":4},"end":{"line":446,"column":84}},"156":{"start":{"line":447,"column":4},"end":{"line":447,"column":128}},"157":{"start":{"line":448,"column":4},"end":{"line":448,"column":62}},"158":{"start":{"line":450,"column":4},"end":{"line":450,"column":70}},"159":{"start":{"line":451,"column":4},"end":{"line":451,"column":60}},"160":{"start":{"line":453,"column":4},"end":{"line":461,"column":7}},"161":{"start":{"line":454,"column":6},"end":{"line":460,"column":9}},"162":{"start":{"line":455,"column":8},"end":{"line":459,"column":9}},"163":{"start":{"line":456,"column":10},"end":{"line":456,"column":50}},"164":{"start":{"line":458,"column":10},"end":{"line":458,"column":60}},"165":{"start":{"line":475,"column":4},"end":{"line":489,"column":7}},"166":{"start":{"line":476,"column":6},"end":{"line":488,"column":11}},"167":{"start":{"line":477,"column":8},"end":{"line":481,"column":9}},"168":{"start":{"line":478,"column":10},"end":{"line":478,"column":88}},"169":{"start":{"line":480,"column":10},"end":{"line":480,"column":61}},"170":{"start":{"line":485,"column":10},"end":{"line":485,"column":40}},"171":{"start":{"line":486,"column":10},"end":{"line":486,"column":33}},"172":{"start":{"line":487,"column":10},"end":{"line":487,"column":56}},"173":{"start":{"line":502,"column":36},"end":{"line":502,"column":70}},"174":{"start":{"line":505,"column":4},"end":{"line":568,"column":5}},"175":{"start":{"line":507,"column":29},"end":{"line":507,"column":52}},"176":{"start":{"line":508,"column":40},"end":{"line":508,"column":176}},"177":{"start":{"line":511,"column":32},"end":{"line":511,"column":118}},"178":{"start":{"line":514,"column":6},"end":{"line":546,"column":7}},"179":{"start":{"line":515,"column":23},"end":{"line":515,"column":98}},"180":{"start":{"line":517,"column":8},"end":{"line":542,"column":11}},"181":{"start":{"line":519,"column":10},"end":{"line":541,"column":15}},"182":{"start":{"line":521,"column":12},"end":{"line":535,"column":13}},"183":{"start":{"line":522,"column":14},"end":{"line":522,"column":32}},"184":{"start":{"line":523,"column":14},"end":{"line":523,"column":91}},"185":{"start":{"line":526,"column":14},"end":{"line":530,"column":15}},"186":{"start":{"line":527,"column":16},"end":{"line":529,"column":17}},"187":{"start":{"line":527,"column":29},"end":{"line":527,"column":30}},"188":{"start":{"line":528,"column":18},"end":{"line":528,"column":70}},"189":{"start":{"line":532,"column":14},"end":{"line":532,"column":32}},"190":{"start":{"line":534,"column":14},"end":{"line":534,"column":65}},"191":{"start":{"line":539,"column":14},"end":{"line":539,"column":32}},"192":{"start":{"line":540,"column":14},"end":{"line":540,"column":60}},"193":{"start":{"line":544,"column":8},"end":{"line":544,"column":26}},"194":{"start":{"line":545,"column":8},"end":{"line":545,"column":44}},"195":{"start":{"line":549,"column":21},"end":{"line":549,"column":96}},"196":{"start":{"line":551,"column":6},"end":{"line":567,"column":9}},"197":{"start":{"line":552,"column":8},"end":{"line":566,"column":13}},"198":{"start":{"line":554,"column":10},"end":{"line":560,"column":11}},"199":{"start":{"line":555,"column":12},"end":{"line":555,"column":30}},"200":{"start":{"line":556,"column":12},"end":{"line":556,"column":63}},"201":{"start":{"line":558,"column":12},"end":{"line":558,"column":30}},"202":{"start":{"line":559,"column":12},"end":{"line":559,"column":90}},"203":{"start":{"line":563,"column":12},"end":{"line":563,"column":30}},"204":{"start":{"line":564,"column":12},"end":{"line":564,"column":32}},"205":{"start":{"line":565,"column":12},"end":{"line":565,"column":58}},"206":{"start":{"line":580,"column":22},"end":{"line":580,"column":47}},"207":{"start":{"line":581,"column":19},"end":{"line":581,"column":116}},"208":{"start":{"line":583,"column":4},"end":{"line":599,"column":7}},"209":{"start":{"line":584,"column":6},"end":{"line":598,"column":11}},"210":{"start":{"line":585,"column":8},"end":{"line":591,"column":9}},"211":{"start":{"line":586,"column":10},"end":{"line":586,"column":28}},"212":{"start":{"line":587,"column":10},"end":{"line":587,"column":80}},"213":{"start":{"line":589,"column":10},"end":{"line":589,"column":28}},"214":{"start":{"line":590,"column":10},"end":{"line":590,"column":53}},"215":{"start":{"line":595,"column":10},"end":{"line":595,"column":30}},"216":{"start":{"line":596,"column":10},"end":{"line":596,"column":28}},"217":{"start":{"line":597,"column":10},"end":{"line":597,"column":56}},"218":{"start":{"line":604,"column":22},"end":{"line":604,"column":47}},"219":{"start":{"line":605,"column":19},"end":{"line":605,"column":39}},"220":{"start":{"line":607,"column":4},"end":{"line":623,"column":7}},"221":{"start":{"line":608,"column":6},"end":{"line":622,"column":11}},"222":{"start":{"line":609,"column":8},"end":{"line":615,"column":9}},"223":{"start":{"line":610,"column":10},"end":{"line":610,"column":28}},"224":{"start":{"line":611,"column":10},"end":{"line":611,"column":80}},"225":{"start":{"line":613,"column":10},"end":{"line":613,"column":28}},"226":{"start":{"line":614,"column":10},"end":{"line":614,"column":53}},"227":{"start":{"line":619,"column":10},"end":{"line":619,"column":30}},"228":{"start":{"line":620,"column":10},"end":{"line":620,"column":28}},"229":{"start":{"line":621,"column":10},"end":{"line":621,"column":56}},"230":{"start":{"line":628,"column":22},"end":{"line":628,"column":47}},"231":{"start":{"line":629,"column":19},"end":{"line":629,"column":46}},"232":{"start":{"line":631,"column":4},"end":{"line":646,"column":7}},"233":{"start":{"line":632,"column":6},"end":{"line":645,"column":11}},"234":{"start":{"line":633,"column":8},"end":{"line":639,"column":9}},"235":{"start":{"line":634,"column":10},"end":{"line":634,"column":28}},"236":{"start":{"line":635,"column":10},"end":{"line":635,"column":80}},"237":{"start":{"line":637,"column":10},"end":{"line":637,"column":28}},"238":{"start":{"line":638,"column":10},"end":{"line":638,"column":53}},"239":{"start":{"line":642,"column":10},"end":{"line":642,"column":30}},"240":{"start":{"line":643,"column":10},"end":{"line":643,"column":28}},"241":{"start":{"line":644,"column":10},"end":{"line":644,"column":56}},"242":{"start":{"line":658,"column":36},"end":{"line":658,"column":70}},"243":{"start":{"line":660,"column":19},"end":{"line":660,"column":43}},"244":{"start":{"line":661,"column":19},"end":{"line":661,"column":48}},"245":{"start":{"line":663,"column":4},"end":{"line":672,"column":7}},"246":{"start":{"line":664,"column":6},"end":{"line":671,"column":11}},"247":{"start":{"line":665,"column":8},"end":{"line":665,"column":26}},"248":{"start":{"line":666,"column":8},"end":{"line":666,"column":54}},"249":{"start":{"line":669,"column":10},"end":{"line":669,"column":28}},"250":{"start":{"line":670,"column":10},"end":{"line":670,"column":56}},"251":{"start":{"line":676,"column":22},"end":{"line":676,"column":47}},"252":{"start":{"line":677,"column":19},"end":{"line":677,"column":35}},"253":{"start":{"line":678,"column":19},"end":{"line":678,"column":112}},"254":{"start":{"line":680,"column":22},"end":{"line":680,"column":57}},"255":{"start":{"line":681,"column":4},"end":{"line":681,"column":30}},"256":{"start":{"line":682,"column":4},"end":{"line":682,"column":28}},"257":{"start":{"line":683,"column":4},"end":{"line":704,"column":5}},"258":{"start":{"line":685,"column":40},"end":{"line":685,"column":319}},"259":{"start":{"line":687,"column":6},"end":{"line":700,"column":7}},"260":{"start":{"line":688,"column":8},"end":{"line":695,"column":11}},"261":{"start":{"line":689,"column":10},"end":{"line":694,"column":13}},"262":{"start":{"line":690,"column":48},"end":{"line":690,"column":307}},"263":{"start":{"line":692,"column":12},"end":{"line":692,"column":30}},"264":{"start":{"line":693,"column":12},"end":{"line":693,"column":177}},"265":{"start":{"line":697,"column":8},"end":{"line":697,"column":48}},"266":{"start":{"line":698,"column":8},"end":{"line":698,"column":26}},"267":{"start":{"line":699,"column":8},"end":{"line":699,"column":75}},"268":{"start":{"line":702,"column":6},"end":{"line":702,"column":24}},"269":{"start":{"line":703,"column":6},"end":{"line":703,"column":93}},"270":{"start":{"line":708,"column":22},"end":{"line":708,"column":47}},"271":{"start":{"line":710,"column":4},"end":{"line":726,"column":7}},"272":{"start":{"line":711,"column":6},"end":{"line":725,"column":11}},"273":{"start":{"line":712,"column":8},"end":{"line":720,"column":9}},"274":{"start":{"line":713,"column":10},"end":{"line":713,"column":70}},"275":{"start":{"line":715,"column":10},"end":{"line":719,"column":11}},"276":{"start":{"line":716,"column":12},"end":{"line":716,"column":66}},"277":{"start":{"line":718,"column":12},"end":{"line":718,"column":95}},"278":{"start":{"line":723,"column":10},"end":{"line":723,"column":30}},"279":{"start":{"line":724,"column":10},"end":{"line":724,"column":56}},"280":{"start":{"line":730,"column":22},"end":{"line":730,"column":47}},"281":{"start":{"line":731,"column":36},"end":{"line":731,"column":70}},"282":{"start":{"line":733,"column":4},"end":{"line":740,"column":7}},"283":{"start":{"line":734,"column":6},"end":{"line":739,"column":9}},"284":{"start":{"line":735,"column":8},"end":{"line":738,"column":12}},"285":{"start":{"line":737,"column":12},"end":{"line":737,"column":85}},"286":{"start":{"line":746,"column":4},"end":{"line":746,"column":38}},"287":{"start":{"line":747,"column":22},"end":{"line":747,"column":47}},"288":{"start":{"line":749,"column":4},"end":{"line":754,"column":7}},"289":{"start":{"line":750,"column":6},"end":{"line":753,"column":9}},"290":{"start":{"line":751,"column":8},"end":{"line":751,"column":26}},"291":{"start":{"line":752,"column":8},"end":{"line":752,"column":51}},"292":{"start":{"line":759,"column":4},"end":{"line":759,"column":22}},"293":{"start":{"line":760,"column":22},"end":{"line":760,"column":48}},"294":{"start":{"line":762,"column":4},"end":{"line":768,"column":7}},"295":{"start":{"line":763,"column":6},"end":{"line":767,"column":9}},"296":{"start":{"line":764,"column":8},"end":{"line":764,"column":30}},"297":{"start":{"line":765,"column":8},"end":{"line":765,"column":27}},"298":{"start":{"line":766,"column":8},"end":{"line":766,"column":136}},"299":{"start":{"line":842,"column":4},"end":{"line":842,"column":25}},"300":{"start":{"line":843,"column":22},"end":{"line":843,"column":47}},"301":{"start":{"line":845,"column":19},"end":{"line":845,"column":106}},"302":{"start":{"line":847,"column":4},"end":{"line":856,"column":7}},"303":{"start":{"line":848,"column":6},"end":{"line":855,"column":8}},"304":{"start":{"line":849,"column":8},"end":{"line":849,"column":27}},"305":{"start":{"line":850,"column":8},"end":{"line":854,"column":9}},"306":{"start":{"line":851,"column":10},"end":{"line":851,"column":24}},"307":{"start":{"line":853,"column":10},"end":{"line":853,"column":24}},"308":{"start":{"line":860,"column":4},"end":{"line":860,"column":25}},"309":{"start":{"line":861,"column":22},"end":{"line":861,"column":47}},"310":{"start":{"line":863,"column":19},"end":{"line":863,"column":35}},"311":{"start":{"line":864,"column":19},"end":{"line":864,"column":32}},"312":{"start":{"line":866,"column":4},"end":{"line":884,"column":7}},"313":{"start":{"line":869,"column":6},"end":{"line":873,"column":7}},"314":{"start":{"line":870,"column":8},"end":{"line":870,"column":89}},"315":{"start":{"line":872,"column":8},"end":{"line":872,"column":31}},"316":{"start":{"line":876,"column":6},"end":{"line":883,"column":7}},"317":{"start":{"line":878,"column":8},"end":{"line":880,"column":10}},"318":{"start":{"line":879,"column":10},"end":{"line":879,"column":54}},"319":{"start":{"line":882,"column":8},"end":{"line":882,"column":133}},"320":{"start":{"line":888,"column":22},"end":{"line":888,"column":47}},"321":{"start":{"line":890,"column":19},"end":{"line":890,"column":35}},"322":{"start":{"line":891,"column":19},"end":{"line":891,"column":95}},"323":{"start":{"line":893,"column":4},"end":{"line":897,"column":7}},"324":{"start":{"line":894,"column":6},"end":{"line":896,"column":8}},"325":{"start":{"line":895,"column":8},"end":{"line":895,"column":24}},"326":{"start":{"line":901,"column":22},"end":{"line":901,"column":47}},"327":{"start":{"line":902,"column":15},"end":{"line":902,"column":28}},"328":{"start":{"line":903,"column":17},"end":{"line":903,"column":32}},"329":{"start":{"line":904,"column":20},"end":{"line":904,"column":47}},"330":{"start":{"line":906,"column":19},"end":{"line":906,"column":35}},"331":{"start":{"line":907,"column":19},"end":{"line":907,"column":97}},"332":{"start":{"line":909,"column":4},"end":{"line":922,"column":7}},"333":{"start":{"line":910,"column":6},"end":{"line":921,"column":8}},"334":{"start":{"line":911,"column":8},"end":{"line":920,"column":9}},"335":{"start":{"line":912,"column":10},"end":{"line":912,"column":91}},"336":{"start":{"line":913,"column":37},"end":{"line":913,"column":404}},"337":{"start":{"line":914,"column":35},"end":{"line":914,"column":387}},"338":{"start":{"line":915,"column":10},"end":{"line":915,"column":191}},"339":{"start":{"line":917,"column":37},"end":{"line":917,"column":404}},"340":{"start":{"line":918,"column":35},"end":{"line":918,"column":387}},"341":{"start":{"line":919,"column":10},"end":{"line":919,"column":191}},"342":{"start":{"line":926,"column":4},"end":{"line":926,"column":24}},"343":{"start":{"line":927,"column":4},"end":{"line":927,"column":23}},"344":{"start":{"line":928,"column":4},"end":{"line":928,"column":23}},"345":{"start":{"line":929,"column":23},"end":{"line":929,"column":49}},"346":{"start":{"line":931,"column":19},"end":{"line":931,"column":40}},"347":{"start":{"line":933,"column":4},"end":{"line":940,"column":7}},"348":{"start":{"line":934,"column":6},"end":{"line":939,"column":11}},"349":{"start":{"line":935,"column":8},"end":{"line":935,"column":46}},"350":{"start":{"line":938,"column":10},"end":{"line":938,"column":56}},"351":{"start":{"line":949,"column":0},"end":{"line":949,"column":26}}},"fnMap":{"0":{"name":"(anonymous_0)","decl":{"start":{"line":5,"column":2},"end":{"line":5,"column":3}},"loc":{"start":{"line":5,"column":35},"end":{"line":9,"column":3}},"line":5},"1":{"name":"(anonymous_1)","decl":{"start":{"line":12,"column":2},"end":{"line":12,"column":3}},"loc":{"start":{"line":12,"column":12},"end":{"line":47,"column":3}},"line":12},"2":{"name":"(anonymous_2)","decl":{"start":{"line":13,"column":23},"end":{"line":13,"column":24}},"loc":{"start":{"line":13,"column":44},"end":{"line":46,"column":5}},"line":13},"3":{"name":"(anonymous_3)","decl":{"start":{"line":20,"column":8},"end":{"line":20,"column":9}},"loc":{"start":{"line":20,"column":38},"end":{"line":26,"column":9}},"line":20},"4":{"name":"(anonymous_4)","decl":{"start":{"line":31,"column":42},"end":{"line":31,"column":43}},"loc":{"start":{"line":31,"column":48},"end":{"line":33,"column":7}},"line":31},"5":{"name":"(anonymous_5)","decl":{"start":{"line":36,"column":38},"end":{"line":36,"column":39}},"loc":{"start":{"line":36,"column":49},"end":{"line":38,"column":7}},"line":36},"6":{"name":"(anonymous_6)","decl":{"start":{"line":50,"column":2},"end":{"line":50,"column":3}},"loc":{"start":{"line":50,"column":15},"end":{"line":54,"column":3}},"line":50},"7":{"name":"(anonymous_7)","decl":{"start":{"line":51,"column":30},"end":{"line":51,"column":31}},"loc":{"start":{"line":51,"column":42},"end":{"line":53,"column":5}},"line":51},"8":{"name":"(anonymous_8)","decl":{"start":{"line":66,"column":2},"end":{"line":66,"column":3}},"loc":{"start":{"line":66,"column":70},"end":{"line":92,"column":3}},"line":66},"9":{"name":"(anonymous_9)","decl":{"start":{"line":78,"column":23},"end":{"line":78,"column":24}},"loc":{"start":{"line":78,"column":44},"end":{"line":91,"column":5}},"line":78},"10":{"name":"(anonymous_10)","decl":{"start":{"line":79,"column":19},"end":{"line":79,"column":20}},"loc":{"start":{"line":79,"column":34},"end":{"line":90,"column":7}},"line":79},"11":{"name":"(anonymous_11)","decl":{"start":{"line":106,"column":2},"end":{"line":106,"column":3}},"loc":{"start":{"line":106,"column":105},"end":{"line":118,"column":3}},"line":106},"12":{"name":"(anonymous_12)","decl":{"start":{"line":110,"column":23},"end":{"line":110,"column":24}},"loc":{"start":{"line":110,"column":44},"end":{"line":117,"column":5}},"line":110},"13":{"name":"(anonymous_13)","decl":{"start":{"line":111,"column":54},"end":{"line":111,"column":55}},"loc":{"start":{"line":111,"column":64},"end":{"line":113,"column":7}},"line":111},"14":{"name":"(anonymous_14)","decl":{"start":{"line":114,"column":15},"end":{"line":114,"column":16}},"loc":{"start":{"line":114,"column":30},"end":{"line":116,"column":9}},"line":114},"15":{"name":"(anonymous_15)","decl":{"start":{"line":128,"column":2},"end":{"line":128,"column":3}},"loc":{"start":{"line":128,"column":26},"end":{"line":145,"column":3}},"line":128},"16":{"name":"(anonymous_16)","decl":{"start":{"line":129,"column":23},"end":{"line":129,"column":24}},"loc":{"start":{"line":129,"column":44},"end":{"line":144,"column":5}},"line":129},"17":{"name":"(anonymous_17)","decl":{"start":{"line":131,"column":14},"end":{"line":131,"column":15}},"loc":{"start":{"line":131,"column":27},"end":{"line":141,"column":9}},"line":131},"18":{"name":"(anonymous_18)","decl":{"start":{"line":141,"column":17},"end":{"line":141,"column":18}},"loc":{"start":{"line":141,"column":32},"end":{"line":143,"column":9}},"line":141},"19":{"name":"(anonymous_19)","decl":{"start":{"line":155,"column":2},"end":{"line":155,"column":3}},"loc":{"start":{"line":155,"column":30},"end":{"line":165,"column":3}},"line":155},"20":{"name":"(anonymous_20)","decl":{"start":{"line":156,"column":23},"end":{"line":156,"column":24}},"loc":{"start":{"line":156,"column":44},"end":{"line":164,"column":5}},"line":156},"21":{"name":"(anonymous_21)","decl":{"start":{"line":158,"column":14},"end":{"line":158,"column":15}},"loc":{"start":{"line":158,"column":32},"end":{"line":160,"column":9}},"line":158},"22":{"name":"(anonymous_22)","decl":{"start":{"line":160,"column":17},"end":{"line":160,"column":18}},"loc":{"start":{"line":160,"column":32},"end":{"line":163,"column":9}},"line":160},"23":{"name":"(anonymous_23)","decl":{"start":{"line":175,"column":2},"end":{"line":175,"column":3}},"loc":{"start":{"line":175,"column":31},"end":{"line":188,"column":3}},"line":175},"24":{"name":"(anonymous_24)","decl":{"start":{"line":179,"column":23},"end":{"line":179,"column":24}},"loc":{"start":{"line":179,"column":44},"end":{"line":187,"column":5}},"line":179},"25":{"name":"(anonymous_25)","decl":{"start":{"line":181,"column":14},"end":{"line":181,"column":15}},"loc":{"start":{"line":181,"column":29},"end":{"line":183,"column":9}},"line":181},"26":{"name":"(anonymous_26)","decl":{"start":{"line":183,"column":17},"end":{"line":183,"column":18}},"loc":{"start":{"line":183,"column":32},"end":{"line":186,"column":9}},"line":183},"27":{"name":"(anonymous_27)","decl":{"start":{"line":198,"column":2},"end":{"line":198,"column":3}},"loc":{"start":{"line":198,"column":39},"end":{"line":211,"column":3}},"line":198},"28":{"name":"(anonymous_28)","decl":{"start":{"line":202,"column":23},"end":{"line":202,"column":24}},"loc":{"start":{"line":202,"column":44},"end":{"line":210,"column":5}},"line":202},"29":{"name":"(anonymous_29)","decl":{"start":{"line":204,"column":14},"end":{"line":204,"column":15}},"loc":{"start":{"line":204,"column":32},"end":{"line":206,"column":9}},"line":204},"30":{"name":"(anonymous_30)","decl":{"start":{"line":206,"column":17},"end":{"line":206,"column":18}},"loc":{"start":{"line":206,"column":32},"end":{"line":209,"column":9}},"line":206},"31":{"name":"(anonymous_31)","decl":{"start":{"line":221,"column":2},"end":{"line":221,"column":3}},"loc":{"start":{"line":221,"column":30},"end":{"line":234,"column":3}},"line":221},"32":{"name":"(anonymous_32)","decl":{"start":{"line":225,"column":23},"end":{"line":225,"column":24}},"loc":{"start":{"line":225,"column":44},"end":{"line":233,"column":5}},"line":225},"33":{"name":"(anonymous_33)","decl":{"start":{"line":227,"column":14},"end":{"line":227,"column":15}},"loc":{"start":{"line":227,"column":32},"end":{"line":229,"column":9}},"line":227},"34":{"name":"(anonymous_34)","decl":{"start":{"line":229,"column":17},"end":{"line":229,"column":18}},"loc":{"start":{"line":229,"column":32},"end":{"line":232,"column":9}},"line":229},"35":{"name":"(anonymous_35)","decl":{"start":{"line":244,"column":2},"end":{"line":244,"column":3}},"loc":{"start":{"line":244,"column":52},"end":{"line":257,"column":3}},"line":244},"36":{"name":"(anonymous_36)","decl":{"start":{"line":248,"column":23},"end":{"line":248,"column":24}},"loc":{"start":{"line":248,"column":44},"end":{"line":256,"column":5}},"line":248},"37":{"name":"(anonymous_37)","decl":{"start":{"line":250,"column":14},"end":{"line":250,"column":15}},"loc":{"start":{"line":250,"column":32},"end":{"line":252,"column":9}},"line":250},"38":{"name":"(anonymous_38)","decl":{"start":{"line":252,"column":17},"end":{"line":252,"column":18}},"loc":{"start":{"line":252,"column":32},"end":{"line":255,"column":9}},"line":252},"39":{"name":"(anonymous_39)","decl":{"start":{"line":268,"column":2},"end":{"line":268,"column":3}},"loc":{"start":{"line":268,"column":40},"end":{"line":282,"column":3}},"line":268},"40":{"name":"(anonymous_40)","decl":{"start":{"line":272,"column":23},"end":{"line":272,"column":24}},"loc":{"start":{"line":272,"column":44},"end":{"line":281,"column":5}},"line":272},"41":{"name":"(anonymous_41)","decl":{"start":{"line":273,"column":54},"end":{"line":273,"column":55}},"loc":{"start":{"line":273,"column":64},"end":{"line":276,"column":7}},"line":273},"42":{"name":"(anonymous_42)","decl":{"start":{"line":277,"column":15},"end":{"line":277,"column":16}},"loc":{"start":{"line":277,"column":30},"end":{"line":280,"column":9}},"line":277},"43":{"name":"(anonymous_43)","decl":{"start":{"line":297,"column":2},"end":{"line":297,"column":3}},"loc":{"start":{"line":297,"column":87},"end":{"line":348,"column":3}},"line":297},"44":{"name":"(anonymous_44)","decl":{"start":{"line":317,"column":23},"end":{"line":317,"column":24}},"loc":{"start":{"line":317,"column":44},"end":{"line":347,"column":5}},"line":317},"45":{"name":"(anonymous_45)","decl":{"start":{"line":318,"column":19},"end":{"line":318,"column":20}},"loc":{"start":{"line":318,"column":46},"end":{"line":346,"column":7}},"line":318},"46":{"name":"(anonymous_46)","decl":{"start":{"line":350,"column":2},"end":{"line":350,"column":3}},"loc":{"start":{"line":350,"column":24},"end":{"line":362,"column":3}},"line":350},"47":{"name":"(anonymous_47)","decl":{"start":{"line":354,"column":23},"end":{"line":354,"column":24}},"loc":{"start":{"line":354,"column":44},"end":{"line":361,"column":5}},"line":354},"48":{"name":"(anonymous_48)","decl":{"start":{"line":355,"column":43},"end":{"line":355,"column":44}},"loc":{"start":{"line":355,"column":53},"end":{"line":357,"column":7}},"line":355},"49":{"name":"(anonymous_49)","decl":{"start":{"line":358,"column":15},"end":{"line":358,"column":16}},"loc":{"start":{"line":358,"column":30},"end":{"line":360,"column":9}},"line":358},"50":{"name":"(anonymous_50)","decl":{"start":{"line":378,"column":2},"end":{"line":378,"column":3}},"loc":{"start":{"line":378,"column":143},"end":{"line":404,"column":3}},"line":378},"51":{"name":"(anonymous_51)","decl":{"start":{"line":395,"column":23},"end":{"line":395,"column":24}},"loc":{"start":{"line":395,"column":44},"end":{"line":403,"column":5}},"line":395},"52":{"name":"(anonymous_52)","decl":{"start":{"line":396,"column":29},"end":{"line":396,"column":30}},"loc":{"start":{"line":396,"column":58},"end":{"line":402,"column":7}},"line":396},"53":{"name":"(anonymous_53)","decl":{"start":{"line":419,"column":2},"end":{"line":419,"column":3}},"loc":{"start":{"line":419,"column":131},"end":{"line":462,"column":3}},"line":419},"54":{"name":"(anonymous_54)","decl":{"start":{"line":453,"column":23},"end":{"line":453,"column":24}},"loc":{"start":{"line":453,"column":44},"end":{"line":461,"column":5}},"line":453},"55":{"name":"(anonymous_55)","decl":{"start":{"line":454,"column":29},"end":{"line":454,"column":30}},"loc":{"start":{"line":454,"column":58},"end":{"line":460,"column":7}},"line":454},"56":{"name":"(anonymous_56)","decl":{"start":{"line":474,"column":2},"end":{"line":474,"column":3}},"loc":{"start":{"line":474,"column":78},"end":{"line":490,"column":3}},"line":474},"57":{"name":"(anonymous_57)","decl":{"start":{"line":475,"column":23},"end":{"line":475,"column":24}},"loc":{"start":{"line":475,"column":44},"end":{"line":489,"column":5}},"line":475},"58":{"name":"(anonymous_58)","decl":{"start":{"line":476,"column":104},"end":{"line":476,"column":105}},"loc":{"start":{"line":476,"column":123},"end":{"line":483,"column":7}},"line":476},"59":{"name":"(anonymous_59)","decl":{"start":{"line":484,"column":15},"end":{"line":484,"column":16}},"loc":{"start":{"line":484,"column":30},"end":{"line":488,"column":9}},"line":484},"60":{"name":"(anonymous_60)","decl":{"start":{"line":501,"column":2},"end":{"line":501,"column":3}},"loc":{"start":{"line":501,"column":55},"end":{"line":569,"column":3}},"line":501},"61":{"name":"(anonymous_61)","decl":{"start":{"line":517,"column":27},"end":{"line":517,"column":28}},"loc":{"start":{"line":517,"column":48},"end":{"line":542,"column":9}},"line":517},"62":{"name":"(anonymous_62)","decl":{"start":{"line":519,"column":89},"end":{"line":519,"column":90}},"loc":{"start":{"line":519,"column":108},"end":{"line":537,"column":11}},"line":519},"63":{"name":"(anonymous_63)","decl":{"start":{"line":538,"column":19},"end":{"line":538,"column":20}},"loc":{"start":{"line":538,"column":34},"end":{"line":541,"column":13}},"line":538},"64":{"name":"(anonymous_64)","decl":{"start":{"line":551,"column":25},"end":{"line":551,"column":26}},"loc":{"start":{"line":551,"column":46},"end":{"line":567,"column":7}},"line":551},"65":{"name":"(anonymous_65)","decl":{"start":{"line":552,"column":87},"end":{"line":552,"column":88}},"loc":{"start":{"line":552,"column":106},"end":{"line":561,"column":9}},"line":552},"66":{"name":"(anonymous_66)","decl":{"start":{"line":562,"column":17},"end":{"line":562,"column":18}},"loc":{"start":{"line":562,"column":32},"end":{"line":566,"column":11}},"line":562},"67":{"name":"(anonymous_67)","decl":{"start":{"line":579,"column":2},"end":{"line":579,"column":3}},"loc":{"start":{"line":579,"column":41},"end":{"line":600,"column":3}},"line":579},"68":{"name":"(anonymous_68)","decl":{"start":{"line":583,"column":23},"end":{"line":583,"column":24}},"loc":{"start":{"line":583,"column":44},"end":{"line":599,"column":5}},"line":583},"69":{"name":"(anonymous_69)","decl":{"start":{"line":584,"column":63},"end":{"line":584,"column":64}},"loc":{"start":{"line":584,"column":74},"end":{"line":593,"column":7}},"line":584},"70":{"name":"(anonymous_70)","decl":{"start":{"line":594,"column":15},"end":{"line":594,"column":16}},"loc":{"start":{"line":594,"column":30},"end":{"line":598,"column":9}},"line":594},"71":{"name":"(anonymous_71)","decl":{"start":{"line":603,"column":2},"end":{"line":603,"column":3}},"loc":{"start":{"line":603,"column":33},"end":{"line":624,"column":3}},"line":603},"72":{"name":"(anonymous_72)","decl":{"start":{"line":607,"column":23},"end":{"line":607,"column":24}},"loc":{"start":{"line":607,"column":44},"end":{"line":623,"column":5}},"line":607},"73":{"name":"(anonymous_73)","decl":{"start":{"line":608,"column":63},"end":{"line":608,"column":64}},"loc":{"start":{"line":608,"column":74},"end":{"line":617,"column":7}},"line":608},"74":{"name":"(anonymous_74)","decl":{"start":{"line":618,"column":15},"end":{"line":618,"column":16}},"loc":{"start":{"line":618,"column":30},"end":{"line":622,"column":9}},"line":618},"75":{"name":"(anonymous_75)","decl":{"start":{"line":627,"column":2},"end":{"line":627,"column":3}},"loc":{"start":{"line":627,"column":33},"end":{"line":647,"column":3}},"line":627},"76":{"name":"(anonymous_76)","decl":{"start":{"line":631,"column":23},"end":{"line":631,"column":24}},"loc":{"start":{"line":631,"column":44},"end":{"line":646,"column":5}},"line":631},"77":{"name":"(anonymous_77)","decl":{"start":{"line":632,"column":63},"end":{"line":632,"column":64}},"loc":{"start":{"line":632,"column":74},"end":{"line":640,"column":7}},"line":632},"78":{"name":"(anonymous_78)","decl":{"start":{"line":641,"column":15},"end":{"line":641,"column":16}},"loc":{"start":{"line":641,"column":30},"end":{"line":645,"column":9}},"line":641},"79":{"name":"(anonymous_79)","decl":{"start":{"line":657,"column":2},"end":{"line":657,"column":3}},"loc":{"start":{"line":657,"column":44},"end":{"line":673,"column":3}},"line":657},"80":{"name":"(anonymous_80)","decl":{"start":{"line":663,"column":23},"end":{"line":663,"column":24}},"loc":{"start":{"line":663,"column":44},"end":{"line":672,"column":5}},"line":663},"81":{"name":"(anonymous_81)","decl":{"start":{"line":664,"column":68},"end":{"line":664,"column":69}},"loc":{"start":{"line":664,"column":78},"end":{"line":667,"column":7}},"line":664},"82":{"name":"(anonymous_82)","decl":{"start":{"line":668,"column":15},"end":{"line":668,"column":16}},"loc":{"start":{"line":668,"column":30},"end":{"line":671,"column":9}},"line":668},"83":{"name":"(anonymous_83)","decl":{"start":{"line":675,"column":2},"end":{"line":675,"column":3}},"loc":{"start":{"line":675,"column":54},"end":{"line":705,"column":3}},"line":675},"84":{"name":"(anonymous_84)","decl":{"start":{"line":688,"column":27},"end":{"line":688,"column":28}},"loc":{"start":{"line":688,"column":48},"end":{"line":695,"column":9}},"line":688},"85":{"name":"(anonymous_85)","decl":{"start":{"line":689,"column":73},"end":{"line":689,"column":74}},"loc":{"start":{"line":689,"column":89},"end":{"line":694,"column":11}},"line":689},"86":{"name":"(anonymous_86)","decl":{"start":{"line":707,"column":2},"end":{"line":707,"column":3}},"loc":{"start":{"line":707,"column":27},"end":{"line":727,"column":3}},"line":707},"87":{"name":"(anonymous_87)","decl":{"start":{"line":710,"column":23},"end":{"line":710,"column":24}},"loc":{"start":{"line":710,"column":44},"end":{"line":726,"column":5}},"line":710},"88":{"name":"(anonymous_88)","decl":{"start":{"line":711,"column":47},"end":{"line":711,"column":48}},"loc":{"start":{"line":711,"column":57},"end":{"line":721,"column":7}},"line":711},"89":{"name":"(anonymous_89)","decl":{"start":{"line":722,"column":15},"end":{"line":722,"column":16}},"loc":{"start":{"line":722,"column":30},"end":{"line":725,"column":9}},"line":722},"90":{"name":"(anonymous_90)","decl":{"start":{"line":729,"column":2},"end":{"line":729,"column":3}},"loc":{"start":{"line":729,"column":10},"end":{"line":741,"column":3}},"line":729},"91":{"name":"(anonymous_91)","decl":{"start":{"line":733,"column":23},"end":{"line":733,"column":24}},"loc":{"start":{"line":733,"column":44},"end":{"line":740,"column":5}},"line":733},"92":{"name":"(anonymous_92)","decl":{"start":{"line":734,"column":36},"end":{"line":734,"column":37}},"loc":{"start":{"line":734,"column":46},"end":{"line":739,"column":7}},"line":734},"93":{"name":"(anonymous_93)","decl":{"start":{"line":736,"column":16},"end":{"line":736,"column":17}},"loc":{"start":{"line":736,"column":34},"end":{"line":738,"column":11}},"line":736},"94":{"name":"(anonymous_94)","decl":{"start":{"line":745,"column":2},"end":{"line":745,"column":3}},"loc":{"start":{"line":745,"column":48},"end":{"line":755,"column":3}},"line":745},"95":{"name":"(anonymous_95)","decl":{"start":{"line":749,"column":23},"end":{"line":749,"column":24}},"loc":{"start":{"line":749,"column":44},"end":{"line":754,"column":5}},"line":749},"96":{"name":"(anonymous_96)","decl":{"start":{"line":750,"column":69},"end":{"line":750,"column":70}},"loc":{"start":{"line":750,"column":80},"end":{"line":753,"column":7}},"line":750},"97":{"name":"(anonymous_97)","decl":{"start":{"line":758,"column":2},"end":{"line":758,"column":3}},"loc":{"start":{"line":758,"column":41},"end":{"line":769,"column":3}},"line":758},"98":{"name":"(anonymous_98)","decl":{"start":{"line":762,"column":23},"end":{"line":762,"column":24}},"loc":{"start":{"line":762,"column":44},"end":{"line":768,"column":5}},"line":762},"99":{"name":"(anonymous_99)","decl":{"start":{"line":763,"column":52},"end":{"line":763,"column":53}},"loc":{"start":{"line":763,"column":62},"end":{"line":767,"column":7}},"line":763},"100":{"name":"(anonymous_100)","decl":{"start":{"line":841,"column":2},"end":{"line":841,"column":3}},"loc":{"start":{"line":841,"column":41},"end":{"line":857,"column":3}},"line":841},"101":{"name":"(anonymous_101)","decl":{"start":{"line":847,"column":23},"end":{"line":847,"column":24}},"loc":{"start":{"line":847,"column":44},"end":{"line":856,"column":5}},"line":847},"102":{"name":"(anonymous_102)","decl":{"start":{"line":848,"column":34},"end":{"line":848,"column":35}},"loc":{"start":{"line":848,"column":44},"end":{"line":855,"column":7}},"line":848},"103":{"name":"(anonymous_103)","decl":{"start":{"line":859,"column":2},"end":{"line":859,"column":3}},"loc":{"start":{"line":859,"column":75},"end":{"line":885,"column":3}},"line":859},"104":{"name":"(anonymous_104)","decl":{"start":{"line":866,"column":23},"end":{"line":866,"column":24}},"loc":{"start":{"line":866,"column":50},"end":{"line":884,"column":5}},"line":866},"105":{"name":"(anonymous_105)","decl":{"start":{"line":878,"column":56},"end":{"line":878,"column":57}},"loc":{"start":{"line":878,"column":66},"end":{"line":880,"column":9}},"line":878},"106":{"name":"(anonymous_106)","decl":{"start":{"line":887,"column":2},"end":{"line":887,"column":3}},"loc":{"start":{"line":887,"column":74},"end":{"line":898,"column":3}},"line":887},"107":{"name":"(anonymous_107)","decl":{"start":{"line":893,"column":23},"end":{"line":893,"column":24}},"loc":{"start":{"line":893,"column":44},"end":{"line":897,"column":5}},"line":893},"108":{"name":"(anonymous_108)","decl":{"start":{"line":894,"column":54},"end":{"line":894,"column":55}},"loc":{"start":{"line":894,"column":64},"end":{"line":896,"column":7}},"line":894},"109":{"name":"(anonymous_109)","decl":{"start":{"line":900,"column":2},"end":{"line":900,"column":3}},"loc":{"start":{"line":900,"column":28},"end":{"line":923,"column":3}},"line":900},"110":{"name":"(anonymous_110)","decl":{"start":{"line":909,"column":23},"end":{"line":909,"column":24}},"loc":{"start":{"line":909,"column":44},"end":{"line":922,"column":5}},"line":909},"111":{"name":"(anonymous_111)","decl":{"start":{"line":910,"column":54},"end":{"line":910,"column":55}},"loc":{"start":{"line":910,"column":72},"end":{"line":921,"column":7}},"line":910},"112":{"name":"(anonymous_112)","decl":{"start":{"line":925,"column":2},"end":{"line":925,"column":3}},"loc":{"start":{"line":925,"column":29},"end":{"line":941,"column":3}},"line":925},"113":{"name":"(anonymous_113)","decl":{"start":{"line":933,"column":23},"end":{"line":933,"column":24}},"loc":{"start":{"line":933,"column":44},"end":{"line":940,"column":5}},"line":933},"114":{"name":"(anonymous_114)","decl":{"start":{"line":934,"column":55},"end":{"line":934,"column":56}},"loc":{"start":{"line":934,"column":65},"end":{"line":936,"column":7}},"line":934},"115":{"name":"(anonymous_115)","decl":{"start":{"line":937,"column":15},"end":{"line":937,"column":16}},"loc":{"start":{"line":937,"column":30},"end":{"line":939,"column":9}},"line":937}},"branchMap":{"0":{"loc":{"start":{"line":21,"column":10},"end":{"line":21,"column":48}},"type":"if","locations":[{"start":{"line":21,"column":10},"end":{"line":21,"column":48}},{"start":{"line":21,"column":10},"end":{"line":21,"column":48}}],"line":21},"1":{"loc":{"start":{"line":23,"column":18},"end":{"line":25,"column":23}},"type":"cond-expr","locations":[{"start":{"line":24,"column":14},"end":{"line":24,"column":61}},{"start":{"line":25,"column":14},"end":{"line":25,"column":23}}],"line":23},"2":{"loc":{"start":{"line":80,"column":8},"end":{"line":89,"column":9}},"type":"if","locations":[{"start":{"line":80,"column":8},"end":{"line":89,"column":9}},{"start":{"line":80,"column":8},"end":{"line":89,"column":9}}],"line":80},"3":{"loc":{"start":{"line":132,"column":10},"end":{"line":140,"column":11}},"type":"if","locations":[{"start":{"line":132,"column":10},"end":{"line":140,"column":11}},{"start":{"line":132,"column":10},"end":{"line":140,"column":11}}],"line":132},"4":{"loc":{"start":{"line":135,"column":12},"end":{"line":139,"column":13}},"type":"if","locations":[{"start":{"line":135,"column":12},"end":{"line":139,"column":13}},{"start":{"line":135,"column":12},"end":{"line":139,"column":13}}],"line":135},"5":{"loc":{"start":{"line":320,"column":8},"end":{"line":345,"column":9}},"type":"if","locations":[{"start":{"line":320,"column":8},"end":{"line":345,"column":9}},{"start":{"line":320,"column":8},"end":{"line":345,"column":9}}],"line":320},"6":{"loc":{"start":{"line":330,"column":10},"end":{"line":344,"column":11}},"type":"if","locations":[{"start":{"line":330,"column":10},"end":{"line":344,"column":11}},{"start":{"line":330,"column":10},"end":{"line":344,"column":11}}],"line":330},"7":{"loc":{"start":{"line":334,"column":12},"end":{"line":340,"column":13}},"type":"if","locations":[{"start":{"line":334,"column":12},"end":{"line":340,"column":13}},{"start":{"line":334,"column":12},"end":{"line":340,"column":13}}],"line":334},"8":{"loc":{"start":{"line":397,"column":8},"end":{"line":401,"column":9}},"type":"if","locations":[{"start":{"line":397,"column":8},"end":{"line":401,"column":9}},{"start":{"line":397,"column":8},"end":{"line":401,"column":9}}],"line":397},"9":{"loc":{"start":{"line":419,"column":68},"end":{"line":419,"column":84}},"type":"default-arg","locations":[{"start":{"line":419,"column":82},"end":{"line":419,"column":84}}],"line":419},"10":{"loc":{"start":{"line":419,"column":105},"end":{"line":419,"column":129}},"type":"default-arg","locations":[{"start":{"line":419,"column":125},"end":{"line":419,"column":129}}],"line":419},"11":{"loc":{"start":{"line":429,"column":4},"end":{"line":438,"column":5}},"type":"if","locations":[{"start":{"line":429,"column":4},"end":{"line":438,"column":5}},{"start":{"line":429,"column":4},"end":{"line":438,"column":5}}],"line":429},"12":{"loc":{"start":{"line":431,"column":6},"end":{"line":437,"column":7}},"type":"if","locations":[{"start":{"line":431,"column":6},"end":{"line":437,"column":7}},{"start":{"line":431,"column":6},"end":{"line":437,"column":7}}],"line":431},"13":{"loc":{"start":{"line":431,"column":10},"end":{"line":431,"column":354}},"type":"binary-expr","locations":[{"start":{"line":431,"column":10},"end":{"line":431,"column":61}},{"start":{"line":431,"column":65},"end":{"line":431,"column":113}},{"start":{"line":431,"column":117},"end":{"line":431,"column":172}},{"start":{"line":431,"column":176},"end":{"line":431,"column":232}},{"start":{"line":431,"column":236},"end":{"line":431,"column":293}},{"start":{"line":431,"column":297},"end":{"line":431,"column":354}}],"line":431},"14":{"loc":{"start":{"line":434,"column":8},"end":{"line":436,"column":9}},"type":"if","locations":[{"start":{"line":434,"column":8},"end":{"line":436,"column":9}},{"start":{"line":434,"column":8},"end":{"line":436,"column":9}}],"line":434},"15":{"loc":{"start":{"line":441,"column":4},"end":{"line":443,"column":5}},"type":"if","locations":[{"start":{"line":441,"column":4},"end":{"line":443,"column":5}},{"start":{"line":441,"column":4},"end":{"line":443,"column":5}}],"line":441},"16":{"loc":{"start":{"line":455,"column":8},"end":{"line":459,"column":9}},"type":"if","locations":[{"start":{"line":455,"column":8},"end":{"line":459,"column":9}},{"start":{"line":455,"column":8},"end":{"line":459,"column":9}}],"line":455},"17":{"loc":{"start":{"line":477,"column":8},"end":{"line":481,"column":9}},"type":"if","locations":[{"start":{"line":477,"column":8},"end":{"line":481,"column":9}},{"start":{"line":477,"column":8},"end":{"line":481,"column":9}}],"line":477},"18":{"loc":{"start":{"line":505,"column":4},"end":{"line":568,"column":5}},"type":"if","locations":[{"start":{"line":505,"column":4},"end":{"line":568,"column":5}},{"start":{"line":505,"column":4},"end":{"line":568,"column":5}}],"line":505},"19":{"loc":{"start":{"line":514,"column":6},"end":{"line":546,"column":7}},"type":"if","locations":[{"start":{"line":514,"column":6},"end":{"line":546,"column":7}},{"start":{"line":514,"column":6},"end":{"line":546,"column":7}}],"line":514},"20":{"loc":{"start":{"line":521,"column":12},"end":{"line":535,"column":13}},"type":"if","locations":[{"start":{"line":521,"column":12},"end":{"line":535,"column":13}},{"start":{"line":521,"column":12},"end":{"line":535,"column":13}}],"line":521},"21":{"loc":{"start":{"line":521,"column":16},"end":{"line":521,"column":114}},"type":"binary-expr","locations":[{"start":{"line":521,"column":16},"end":{"line":521,"column":37}},{"start":{"line":521,"column":41},"end":{"line":521,"column":114}}],"line":521},"22":{"loc":{"start":{"line":526,"column":14},"end":{"line":530,"column":15}},"type":"if","locations":[{"start":{"line":526,"column":14},"end":{"line":530,"column":15}},{"start":{"line":526,"column":14},"end":{"line":530,"column":15}}],"line":526},"23":{"loc":{"start":{"line":554,"column":10},"end":{"line":560,"column":11}},"type":"if","locations":[{"start":{"line":554,"column":10},"end":{"line":560,"column":11}},{"start":{"line":554,"column":10},"end":{"line":560,"column":11}}],"line":554},"24":{"loc":{"start":{"line":585,"column":8},"end":{"line":591,"column":9}},"type":"if","locations":[{"start":{"line":585,"column":8},"end":{"line":591,"column":9}},{"start":{"line":585,"column":8},"end":{"line":591,"column":9}}],"line":585},"25":{"loc":{"start":{"line":585,"column":12},"end":{"line":585,"column":39}},"type":"binary-expr","locations":[{"start":{"line":585,"column":12},"end":{"line":585,"column":18}},{"start":{"line":585,"column":22},"end":{"line":585,"column":39}}],"line":585},"26":{"loc":{"start":{"line":609,"column":8},"end":{"line":615,"column":9}},"type":"if","locations":[{"start":{"line":609,"column":8},"end":{"line":615,"column":9}},{"start":{"line":609,"column":8},"end":{"line":615,"column":9}}],"line":609},"27":{"loc":{"start":{"line":609,"column":12},"end":{"line":609,"column":39}},"type":"binary-expr","locations":[{"start":{"line":609,"column":12},"end":{"line":609,"column":18}},{"start":{"line":609,"column":22},"end":{"line":609,"column":39}}],"line":609},"28":{"loc":{"start":{"line":633,"column":8},"end":{"line":639,"column":9}},"type":"if","locations":[{"start":{"line":633,"column":8},"end":{"line":639,"column":9}},{"start":{"line":633,"column":8},"end":{"line":639,"column":9}}],"line":633},"29":{"loc":{"start":{"line":633,"column":12},"end":{"line":633,"column":39}},"type":"binary-expr","locations":[{"start":{"line":633,"column":12},"end":{"line":633,"column":18}},{"start":{"line":633,"column":22},"end":{"line":633,"column":39}}],"line":633},"30":{"loc":{"start":{"line":683,"column":4},"end":{"line":704,"column":5}},"type":"if","locations":[{"start":{"line":683,"column":4},"end":{"line":704,"column":5}},{"start":{"line":683,"column":4},"end":{"line":704,"column":5}}],"line":683},"31":{"loc":{"start":{"line":687,"column":6},"end":{"line":700,"column":7}},"type":"if","locations":[{"start":{"line":687,"column":6},"end":{"line":700,"column":7}},{"start":{"line":687,"column":6},"end":{"line":700,"column":7}}],"line":687},"32":{"loc":{"start":{"line":712,"column":8},"end":{"line":720,"column":9}},"type":"if","locations":[{"start":{"line":712,"column":8},"end":{"line":720,"column":9}},{"start":{"line":712,"column":8},"end":{"line":720,"column":9}}],"line":712},"33":{"loc":{"start":{"line":715,"column":10},"end":{"line":719,"column":11}},"type":"if","locations":[{"start":{"line":715,"column":10},"end":{"line":719,"column":11}},{"start":{"line":715,"column":10},"end":{"line":719,"column":11}}],"line":715},"34":{"loc":{"start":{"line":850,"column":8},"end":{"line":854,"column":9}},"type":"if","locations":[{"start":{"line":850,"column":8},"end":{"line":854,"column":9}},{"start":{"line":850,"column":8},"end":{"line":854,"column":9}}],"line":850},"35":{"loc":{"start":{"line":859,"column":55},"end":{"line":859,"column":73}},"type":"default-arg","locations":[{"start":{"line":859,"column":68},"end":{"line":859,"column":73}}],"line":859},"36":{"loc":{"start":{"line":869,"column":6},"end":{"line":873,"column":7}},"type":"if","locations":[{"start":{"line":869,"column":6},"end":{"line":873,"column":7}},{"start":{"line":869,"column":6},"end":{"line":873,"column":7}}],"line":869},"37":{"loc":{"start":{"line":876,"column":6},"end":{"line":883,"column":7}},"type":"if","locations":[{"start":{"line":876,"column":6},"end":{"line":883,"column":7}},{"start":{"line":876,"column":6},"end":{"line":883,"column":7}}],"line":876}},"s":{"0":1,"1":1,"2":28,"3":28,"4":28,"5":19,"6":19,"7":24,"8":3,"9":21,"10":21,"11":19,"12":19,"13":190,"14":19,"15":0,"16":19,"17":32,"18":32,"19":1,"20":1,"21":1,"22":1,"23":1,"24":1,"25":1,"26":1,"27":1,"28":0,"29":0,"30":0,"31":1,"32":1,"33":1,"34":1,"35":1,"36":1,"37":1,"38":0,"39":3,"40":3,"41":3,"42":2,"43":1,"44":1,"45":0,"46":0,"47":1,"48":1,"49":1,"50":0,"51":0,"52":1,"53":1,"54":1,"55":1,"56":1,"57":0,"58":0,"59":8,"60":8,"61":8,"62":8,"63":2,"64":6,"65":6,"66":1,"67":1,"68":1,"69":1,"70":0,"71":1,"72":1,"73":3,"74":3,"75":3,"76":3,"77":0,"78":3,"79":3,"80":1,"81":1,"82":1,"83":1,"84":1,"85":1,"86":0,"87":0,"88":4,"89":4,"90":4,"91":4,"92":4,"93":4,"94":4,"95":4,"96":4,"97":4,"98":4,"99":4,"100":4,"101":4,"102":4,"103":4,"104":4,"105":0,"106":0,"107":4,"108":4,"109":4,"110":4,"111":4,"112":4,"113":4,"114":4,"115":0,"116":0,"117":0,"118":0,"119":4,"120":4,"121":4,"122":4,"123":4,"124":0,"125":8,"126":8,"127":8,"128":8,"129":8,"130":8,"131":8,"132":8,"133":8,"134":8,"135":8,"136":8,"137":8,"138":8,"139":8,"140":8,"141":0,"142":8,"143":12,"144":12,"145":12,"146":12,"147":12,"148":12,"149":12,"150":12,"151":10,"152":12,"153":12,"154":12,"155":12,"156":12,"157":12,"158":12,"159":12,"160":12,"161":12,"162":12,"163":0,"164":12,"165":4,"166":4,"167":4,"168":4,"169":0,"170":0,"171":0,"172":0,"173":7,"174":7,"175":4,"176":4,"177":4,"178":4,"179":4,"180":4,"181":4,"182":4,"183":1,"184":1,"185":3,"186":0,"187":0,"188":0,"189":3,"190":3,"191":0,"192":0,"193":0,"194":0,"195":3,"196":3,"197":3,"198":3,"199":2,"200":2,"201":1,"202":1,"203":0,"204":0,"205":0,"206":3,"207":3,"208":3,"209":3,"210":3,"211":3,"212":3,"213":0,"214":0,"215":0,"216":0,"217":0,"218":0,"219":0,"220":0,"221":0,"222":0,"223":0,"224":0,"225":0,"226":0,"227":0,"228":0,"229":0,"230":0,"231":0,"232":0,"233":0,"234":0,"235":0,"236":0,"237":0,"238":0,"239":0,"240":0,"241":0,"242":1,"243":1,"244":1,"245":1,"246":1,"247":1,"248":1,"249":0,"250":0,"251":3,"252":3,"253":3,"254":3,"255":3,"256":3,"257":3,"258":1,"259":1,"260":1,"261":1,"262":1,"263":1,"264":1,"265":0,"266":0,"267":0,"268":2,"269":2,"270":3,"271":3,"272":3,"273":1,"274":0,"275":1,"276":1,"277":0,"278":2,"279":2,"280":0,"281":0,"282":0,"283":0,"284":0,"285":0,"286":0,"287":0,"288":0,"289":0,"290":0,"291":0,"292":0,"293":0,"294":0,"295":0,"296":0,"297":0,"298":0,"299":0,"300":0,"301":0,"302":0,"303":0,"304":0,"305":0,"306":0,"307":0,"308":0,"309":0,"310":0,"311":0,"312":0,"313":0,"314":0,"315":0,"316":0,"317":0,"318":0,"319":0,"320":0,"321":0,"322":0,"323":0,"324":0,"325":0,"326":0,"327":0,"328":0,"329":0,"330":0,"331":0,"332":0,"333":0,"334":0,"335":0,"336":0,"337":0,"338":0,"339":0,"340":0,"341":0,"342":1,"343":1,"344":1,"345":1,"346":1,"347":1,"348":1,"349":1,"350":0,"351":1},"f":{"0":28,"1":19,"2":19,"3":24,"4":190,"5":0,"6":32,"7":32,"8":1,"9":1,"10":1,"11":1,"12":1,"13":1,"14":0,"15":3,"16":3,"17":3,"18":0,"19":1,"20":1,"21":1,"22":0,"23":1,"24":1,"25":1,"26":0,"27":8,"28":8,"29":2,"30":6,"31":1,"32":1,"33":0,"34":1,"35":3,"36":3,"37":0,"38":3,"39":1,"40":1,"41":1,"42":0,"43":4,"44":4,"45":4,"46":4,"47":4,"48":4,"49":0,"50":8,"51":8,"52":8,"53":12,"54":12,"55":12,"56":4,"57":4,"58":4,"59":0,"60":7,"61":4,"62":4,"63":0,"64":3,"65":3,"66":0,"67":3,"68":3,"69":3,"70":0,"71":0,"72":0,"73":0,"74":0,"75":0,"76":0,"77":0,"78":0,"79":1,"80":1,"81":1,"82":0,"83":3,"84":1,"85":1,"86":3,"87":3,"88":1,"89":2,"90":0,"91":0,"92":0,"93":0,"94":0,"95":0,"96":0,"97":0,"98":0,"99":0,"100":0,"101":0,"102":0,"103":0,"104":0,"105":0,"106":0,"107":0,"108":0,"109":0,"110":0,"111":0,"112":1,"113":1,"114":1,"115":0},"b":{"0":[3,21],"1":[0,21],"2":[0,1],"3":[2,1],"4":[1,0],"5":[0,4],"6":[4,0],"7":[4,0],"8":[0,8],"9":[0],"10":[0],"11":[12,0],"12":[12,0],"13":[12,2,2,0,0,0],"14":[10,2],"15":[12,0],"16":[0,12],"17":[4,0],"18":[4,3],"19":[4,0],"20":[1,3],"21":[4,1],"22":[0,3],"23":[2,1],"24":[3,0],"25":[3,3],"26":[0,0],"27":[0,0],"28":[0,0],"29":[0,0],"30":[1,2],"31":[1,0],"32":[0,1],"33":[1,0],"34":[0,0],"35":[0],"36":[0,0],"37":[0,0]},"_coverageSchema":"43e27e138ebf9cfc5966b082cf9a028302ed4184","hash":"152dd872edfb212b6edf3e95158ce7f7667f76bb","contentHash":"1df8e9096f9d03a106254af3f8b9ef5e0a762b63651ca0b6afd74ef33aedbbb8"},"E:\\Computing Level 8\\DK821 Year 4\\Semester 1\\Team Project\\Code\\Service_Loop_Server\\models\\users.js":{"path":"E:\\Computing Level 8\\DK821 Year 4\\Semester 1\\Team Project\\Code\\Service_Loop_Server\\models\\users.js","statementMap":{"0":{"start":{"line":1,"column":17},"end":{"line":1,"column":36}},"1":{"start":{"line":3,"column":19},"end":{"line":49,"column":2}},"2":{"start":{"line":55,"column":13},"end":{"line":55,"column":48}},"3":{"start":{"line":56,"column":0},"end":{"line":56,"column":22}}},"fnMap":{},"branchMap":{},"s":{"0":1,"1":1,"2":1,"3":1},"f":{},"b":{},"_coverageSchema":"43e27e138ebf9cfc5966b082cf9a028302ed4184","hash":"ea87c17c4a602aee1e9d84326987975597ebf51c","contentHash":"50411805f9e23561359ac98d807637a612a341faba817f92fe3efc8d203a22e1"},"E:\\Computing Level 8\\DK821 Year 4\\Semester 1\\Team Project\\Code\\Service_Loop_Server\\spec\\Post_Spec.js":{"path":"E:\\Computing Level 8\\DK821 Year 4\\Semester 1\\Team Project\\Code\\Service_Loop_Server\\spec\\Post_Spec.js","statementMap":{"0":{"start":{"line":1,"column":15},"end":{"line":1,"column":46}},"1":{"start":{"line":3,"column":0},"end":{"line":35,"column":3}},"2":{"start":{"line":4,"column":4},"end":{"line":6,"column":7}},"3":{"start":{"line":5,"column":8},"end":{"line":5,"column":49}},"4":{"start":{"line":8,"column":4},"end":{"line":11,"column":7}},"5":{"start":{"line":13,"column":4},"end":{"line":23,"column":7}},"6":{"start":{"line":14,"column":36},"end":{"line":14,"column":101}},"7":{"start":{"line":15,"column":30},"end":{"line":15,"column":65}},"8":{"start":{"line":17,"column":21},"end":{"line":17,"column":127}},"9":{"start":{"line":18,"column":8},"end":{"line":18,"column":62}},"10":{"start":{"line":19,"column":28},"end":{"line":19,"column":128}},"11":{"start":{"line":21,"column":8},"end":{"line":21,"column":48}},"12":{"start":{"line":22,"column":8},"end":{"line":22,"column":15}},"13":{"start":{"line":25,"column":4},"end":{"line":34,"column":7}},"14":{"start":{"line":26,"column":36},"end":{"line":26,"column":101}},"15":{"start":{"line":27,"column":30},"end":{"line":27,"column":65}},"16":{"start":{"line":29,"column":21},"end":{"line":29,"column":97}},"17":{"start":{"line":30,"column":28},"end":{"line":30,"column":115}},"18":{"start":{"line":32,"column":8},"end":{"line":32,"column":78}},"19":{"start":{"line":33,"column":8},"end":{"line":33,"column":15}},"20":{"start":{"line":37,"column":0},"end":{"line":67,"column":3}},"21":{"start":{"line":38,"column":4},"end":{"line":40,"column":7}},"22":{"start":{"line":39,"column":8},"end":{"line":39,"column":49}},"23":{"start":{"line":42,"column":4},"end":{"line":53,"column":7}},"24":{"start":{"line":43,"column":36},"end":{"line":43,"column":101}},"25":{"start":{"line":44,"column":30},"end":{"line":44,"column":65}},"26":{"start":{"line":46,"column":21},"end":{"line":46,"column":127}},"27":{"start":{"line":48,"column":8},"end":{"line":48,"column":62}},"28":{"start":{"line":49,"column":28},"end":{"line":49,"column":131}},"29":{"start":{"line":51,"column":8},"end":{"line":51,"column":48}},"30":{"start":{"line":52,"column":8},"end":{"line":52,"column":15}},"31":{"start":{"line":55,"column":4},"end":{"line":66,"column":7}},"32":{"start":{"line":56,"column":36},"end":{"line":56,"column":101}},"33":{"start":{"line":57,"column":30},"end":{"line":57,"column":65}},"34":{"start":{"line":59,"column":21},"end":{"line":59,"column":127}},"35":{"start":{"line":61,"column":21},"end":{"line":61,"column":112}},"36":{"start":{"line":62,"column":28},"end":{"line":62,"column":119}},"37":{"start":{"line":64,"column":8},"end":{"line":64,"column":98}},"38":{"start":{"line":65,"column":8},"end":{"line":65,"column":15}}},"fnMap":{"0":{"name":"(anonymous_0)","decl":{"start":{"line":3,"column":34},"end":{"line":3,"column":35}},"loc":{"start":{"line":3,"column":46},"end":{"line":35,"column":1}},"line":3},"1":{"name":"(anonymous_1)","decl":{"start":{"line":4,"column":15},"end":{"line":4,"column":16}},"loc":{"start":{"line":4,"column":26},"end":{"line":6,"column":5}},"line":4},"2":{"name":"(anonymous_2)","decl":{"start":{"line":8,"column":14},"end":{"line":8,"column":15}},"loc":{"start":{"line":8,"column":25},"end":{"line":11,"column":5}},"line":8},"3":{"name":"(anonymous_3)","decl":{"start":{"line":13,"column":90},"end":{"line":13,"column":91}},"loc":{"start":{"line":13,"column":112},"end":{"line":23,"column":5}},"line":13},"4":{"name":"(anonymous_4)","decl":{"start":{"line":25,"column":102},"end":{"line":25,"column":103}},"loc":{"start":{"line":25,"column":124},"end":{"line":34,"column":5}},"line":25},"5":{"name":"(anonymous_5)","decl":{"start":{"line":37,"column":35},"end":{"line":37,"column":36}},"loc":{"start":{"line":37,"column":47},"end":{"line":67,"column":1}},"line":37},"6":{"name":"(anonymous_6)","decl":{"start":{"line":38,"column":15},"end":{"line":38,"column":16}},"loc":{"start":{"line":38,"column":26},"end":{"line":40,"column":5}},"line":38},"7":{"name":"(anonymous_7)","decl":{"start":{"line":42,"column":33},"end":{"line":42,"column":34}},"loc":{"start":{"line":42,"column":55},"end":{"line":53,"column":5}},"line":42},"8":{"name":"(anonymous_8)","decl":{"start":{"line":55,"column":62},"end":{"line":55,"column":63}},"loc":{"start":{"line":55,"column":84},"end":{"line":66,"column":5}},"line":55}},"branchMap":{},"s":{"0":1,"1":1,"2":1,"3":2,"4":1,"5":1,"6":1,"7":1,"8":1,"9":1,"10":1,"11":1,"12":1,"13":1,"14":1,"15":1,"16":1,"17":1,"18":1,"19":1,"20":1,"21":1,"22":2,"23":1,"24":1,"25":1,"26":1,"27":1,"28":1,"29":1,"30":1,"31":1,"32":1,"33":1,"34":1,"35":1,"36":1,"37":1,"38":1},"f":{"0":1,"1":2,"2":2,"3":1,"4":1,"5":1,"6":2,"7":1,"8":1},"b":{},"_coverageSchema":"43e27e138ebf9cfc5966b082cf9a028302ed4184","hash":"8d0e4f056b49dc658029c3f4456124c89e4b0329","contentHash":"addbba7a1f37cf9ded448239b2653735fa42803460fca0650ceb5282c1066fc5"},"E:\\Computing Level 8\\DK821 Year 4\\Semester 1\\Team Project\\Code\\Service_Loop_Server\\spec\\registration_spec.js":{"path":"E:\\Computing Level 8\\DK821 Year 4\\Semester 1\\Team Project\\Code\\Service_Loop_Server\\spec\\registration_spec.js","statementMap":{"0":{"start":{"line":1,"column":19},"end":{"line":1,"column":63}},"1":{"start":{"line":2,"column":19},"end":{"line":2,"column":77}},"2":{"start":{"line":3,"column":32},"end":{"line":3,"column":93}},"3":{"start":{"line":4,"column":15},"end":{"line":4,"column":46}},"4":{"start":{"line":6,"column":0},"end":{"line":32,"column":3}},"5":{"start":{"line":7,"column":4},"end":{"line":9,"column":7}},"6":{"start":{"line":8,"column":8},"end":{"line":8,"column":49}},"7":{"start":{"line":11,"column":4},"end":{"line":20,"column":7}},"8":{"start":{"line":12,"column":36},"end":{"line":12,"column":101}},"9":{"start":{"line":13,"column":30},"end":{"line":13,"column":65}},"10":{"start":{"line":14,"column":36},"end":{"line":14,"column":111}},"11":{"start":{"line":16,"column":28},"end":{"line":16,"column":172}},"12":{"start":{"line":18,"column":8},"end":{"line":18,"column":65}},"13":{"start":{"line":19,"column":8},"end":{"line":19,"column":15}},"14":{"start":{"line":22,"column":4},"end":{"line":31,"column":7}},"15":{"start":{"line":23,"column":36},"end":{"line":23,"column":101}},"16":{"start":{"line":24,"column":30},"end":{"line":24,"column":65}},"17":{"start":{"line":26,"column":28},"end":{"line":26,"column":172}},"18":{"start":{"line":27,"column":37},"end":{"line":27,"column":59}},"19":{"start":{"line":29,"column":8},"end":{"line":29,"column":147}},"20":{"start":{"line":30,"column":8},"end":{"line":30,"column":15}},"21":{"start":{"line":34,"column":0},"end":{"line":45,"column":3}},"22":{"start":{"line":35,"column":4},"end":{"line":37,"column":7}},
[...]
":{"line":192,"column":20},"end":{"line":192,"column":38}},"68":{"start":{"line":193,"column":20},"end":{"line":193,"column":62}},"69":{"start":{"line":196,"column":12},"end":{"line":196,"column":45}},"70":{"start":{"line":197,"column":12},"end":{"line":197,"column":55}},"71":{"start":{"line":198,"column":12},"end":{"line":198,"column":19}},"72":{"start":{"line":203,"column":8},"end":{"line":203,"column":41}},"73":{"start":{"line":204,"column":8},"end":{"line":204,"column":24}},"74":{"start":{"line":205,"column":8},"end":{"line":205,"column":15}},"75":{"start":{"line":209,"column":0},"end":{"line":209,"column":42}}},"fnMap":{"0":{"name":"create_new_user","decl":{"start":{"line":18,"column":37},"end":{"line":18,"column":52}},"loc":{"start":{"line":18,"column":164},"end":{"line":207,"column":1}},"line":18},"1":{"name":"(anonymous_1)","decl":{"start":{"line":27,"column":32},"end":{"line":27,"column":33}},"loc":{"start":{"line":27,"column":52},"end":{"line":40,"column":5}},"line":27},"2":{"name":"(anonymous_2)","decl":{"start":{"line":30,"column":27},"end":{"line":30,"column":28}},"loc":{"start":{"line":30,"column":48},"end":{"line":39,"column":9}},"line":30},"3":{"name":"(anonymous_3)","decl":{"start":{"line":34,"column":52},"end":{"line":34,"column":53}},"loc":{"start":{"line":34,"column":73},"end":{"line":38,"column":13}},"line":34},"4":{"name":"(anonymous_4)","decl":{"start":{"line":54,"column":32},"end":{"line":54,"column":33}},"loc":{"start":{"line":54,"column":107},"end":{"line":68,"column":5}},"line":54},"5":{"name":"(anonymous_5)","decl":{"start":{"line":55,"column":27},"end":{"line":55,"column":28}},"loc":{"start":{"line":55,"column":54},"end":{"line":67,"column":9}},"line":55},"6":{"name":"(anonymous_6)","decl":{"start":{"line":80,"column":37},"end":{"line":80,"column":38}},"loc":{"start":{"line":80,"column":92},"end":{"line":122,"column":5}},"line":80},"7":{"name":"(anonymous_7)","decl":{"start":{"line":81,"column":27},"end":{"line":81,"column":28}},"loc":{"start":{"line":81,"column":54},"end":{"line":121,"column":9}},"line":81},"8":{"name":"(anonymous_8)","decl":{"start":{"line":158,"column":22},"end":{"line":158,"column":23}},"loc":{"start":{"line":158,"column":38},"end":{"line":188,"column":17}},"line":158},"9":{"name":"(anonymous_9)","decl":{"start":{"line":189,"column":23},"end":{"line":189,"column":24}},"loc":{"start":{"line":189,"column":34},"end":{"line":194,"column":17}},"line":189}},"branchMap":{"0":{"loc":{"start":{"line":60,"column":12},"end":{"line":66,"column":13}},"type":"if","locations":[{"start":{"line":60,"column":12},"end":{"line":66,"column":13}},{"start":{"line":60,"column":12},"end":{"line":66,"column":13}}],"line":60},"1":{"loc":{"start":{"line":96,"column":16},"end":{"line":116,"column":17}},"type":"if","locations":[{"start":{"line":96,"column":16},"end":{"line":116,"column":17}},{"start":{"line":96,"column":16},"end":{"line":116,"column":17}}],"line":96},"2":{"loc":{"start":{"line":100,"column":20},"end":{"line":115,"column":21}},"type":"if","locations":[{"start":{"line":100,"column":20},"end":{"line":115,"column":21}},{"start":{"line":100,"column":20},"end":{"line":115,"column":21}}],"line":100},"3":{"loc":{"start":{"line":110,"column":24},"end":{"line":114,"column":25}},"type":"if","locations":[{"start":{"line":110,"column":24},"end":{"line":114,"column":25}},{"start":{"line":110,"column":24},"end":{"line":114,"column":25}}],"line":110},"4":{"loc":{"start":{"line":139,"column":4},"end":{"line":144,"column":5}},"type":"if","locations":[{"start":{"line":139,"column":4},"end":{"line":144,"column":5}},{"start":{"line":139,"column":4},"end":{"line":144,"column":5}}],"line":139},"5":{"loc":{"start":{"line":153,"column":8},"end":{"line":199,"column":9}},"type":"if","locations":[{"start":{"line":153,"column":8},"end":{"line":199,"column":9}},{"start":{"line":153,"column":8},"end":{"line":199,"column":9}}],"line":153},"6":{"loc":{"start":{"line":165,"column":24},"end":{"line":170,"column":25}},"type":"if","locations":[{"start":{"line":165,"column":24},"end":{"line":170,"column":25}},{"start":{"line":165,"column":24},"end":{"line":170,"column":25}}],"line":165},"7":{"loc":{"start":{"line":168,"column":31},"end":{"line":170,"column":25}},"type":"if","locations":[{"start":{"line":168,"column":31},"end":{"line":170,"column":25}},{"start":{"line":168,"column":31},"end":{"line":170,"column":25}}],"line":168},"8":{"loc":{"start":{"line":181,"column":20},"end":{"line":184,"column":21}},"type":"if","locations":[{"start":{"line":181,"column":20},"end":{"line":184,"column":21}},{"start":{"line":181,"column":20},"end":{"line":184,"column":21}}],"line":181}},"s":{"0":1,"1":2,"2":1,"3":0,"4":0,"5":0,"6":0,"7":0,"8":0,"9":2,"10":1,"11":1,"12":1,"13":0,"14":0,"15":1,"16":1,"17":2,"18":1,"19":1,"20":1,"21":1,"22":1,"23":1,"24":1,"25":0,"26":1,"27":0,"28":1,"29":1,"30":1,"31":1,"32":0,"33":0,"34":0,"35":2,"36":2,"37":2,"38":2,"39":1,"40":1,"41":1,"42":1,"43":1,"44":1,"45":1,"46":1,"47":1,"48":1,"49":1,"50":2,"51":1,"52":1,"53":1,"54":1,"55":1,"56":1,"57":1,"58":1,"59":1,"60":1,"61":1,"62":1,"63":1,"64":1,"65":0,"66":0,"67":0,"68":0,"69":0,"70":0,"71":0,"72":0,"73":0,"74":0,"75":1},"f":{"0":2,"1":1,"2":0,"3":0,"4":1,"5":1,"6":1,"7":1,"8":1,"9":0},"b":{"0":[0,1],"1":[0,1],"2":[0,1],"3":[1,0],"4":[1,1],"5":[1,0],"6":[1,1],"7":[1,0],"8":[1,0]},"_coverageSchema":"43e27e138ebf9cfc5966b082cf9a028302ed4184","hash":"01bc70be50e1290892af003aefa382cd5c30dfb7","contentHash":"0adc1b9fbdd3e091b8fe0599e7d7440bb703209bf47e029af7035e427d8de4a9"},"E:\\Computing Level 8\\DK821 Year 4\\Semester 1\\Team Project\\Code\\Service_Loop_Server\\services\\registration\\create_p12_certificate.js":{"path":"E:\\Computing Level 8\\DK821 Year 4\\Semester 1\\Team Project\\Code\\Service_Loop_Server\\services\\registration\\create_p12_certificate.js","statementMap":{"0":{"start":{"line":14,"column":30},"end":{"line":63,"column":1}},"1":{"start":{"line":17,"column":4},"end":{"line":62,"column":5}},"2":{"start":{"line":24,"column":22},"end":{"line":24,"column":27}},"3":{"start":{"line":28,"column":18},"end":{"line":28,"column":61}},"4":{"start":{"line":29,"column":25},"end":{"line":43,"column":9}},"5":{"start":{"line":46,"column":8},"end":{"line":51,"column":11}},"6":{"start":{"line":47,"column":12},"end":{"line":47,"column":27}},"7":{"start":{"line":49,"column":12},"end":{"line":49,"column":28}},"8":{"start":{"line":50,"column":12},"end":{"line":50,"column":32}},"9":{"start":{"line":53,"column":8},"end":{"line":58,"column":9}},"10":{"start":{"line":54,"column":12},"end":{"line":54,"column":52}},"11":{"start":{"line":57,"column":12},"end":{"line":57,"column":58}},"12":{"start":{"line":61,"column":8},"end":{"line":61,"column":27}},"13":{"start":{"line":65,"column":0},"end":{"line":65,"column":58}}},"fnMap":{"0":{"name":"create_user_certificate","decl":{"start":{"line":14,"column":45},"end":{"line":14,"column":68}},"loc":{"start":{"line":14,"column":134},"end":{"line":63,"column":1}},"line":14},"1":{"name":"(anonymous_1)","decl":{"start":{"line":46,"column":35},"end":{"line":46,"column":36}},"loc":{"start":{"line":46,"column":65},"end":{"line":48,"column":9}},"line":46},"2":{"name":"(anonymous_2)","decl":{"start":{"line":48,"column":16},"end":{"line":48,"column":17}},"loc":{"start":{"line":48,"column":25},"end":{"line":51,"column":9}},"line":48}},"branchMap":{"0":{"loc":{"start":{"line":53,"column":8},"end":{"line":58,"column":9}},"type":"if","locations":[{"start":{"line":53,"column":8},"end":{"line":58,"column":9}},{"start":{"line":53,"column":8},"end":{"line":58,"column":9}}],"line":53}},"s":{"0":1,"1":2,"2":2,"3":2,"4":2,"5":2,"6":1,"7":1,"8":1,"9":1,"10":1,"11":0,"12":1,"13":1},"f":{"0":2,"1":1,"2":1},"b":{"0":[1,0]},"_coverageSchema":"43e27e138ebf9cfc5966b082cf9a028302ed4184","hash":"76c459d852d6e4af56046f19e84729320c57c7cc","contentHash":"f2ece9e130576d4d73d510b1718bc5bde5ea57b884204a373f7dc1afa3e329eb"},"E:\\Computing Level 8\\DK821 Year 4\\Semester 1\\Team Project\\Code\\Service_Loop_Server\\services\\registration\\filter_registration_input.js":{"path":"E:\\Computing Level 8\\DK821 Year 4\\Semester 1\\Team Project\\Code\\Service_Loop_Server\\services\\registration\\filter_registration_input.js","statementMap":{"0":{"start":{"line":15,"column":32},"end":{"line":69,"column":1}},"1":{"start":{"line":16,"column":22},"end":{"line":16,"column":42}},"2":{"start":{"line":17,"column":32},"end":{"line":17,"column":37}},"3":{"start":{"line":18,"column":27},"end":{"line":18,"column":32}},"4":{"start":{"line":21,"column":4},"end":{"line":23,"column":5}},"5":{"start":{"line":22,"column":8},"end":{"line":22,"column":98}},"6":{"start":{"line":27,"column":4},"end":{"line":44,"column":5}},"7":{"start":{"line":28,"column":8},"end":{"line":41,"column":9}},"8":{"start":{"line":29,"column":12},"end":{"line":38,"column":13}},"9":{"start":{"line":31,"column":16},"end":{"line":35,"column":17}},"10":{"start":{"line":32,"column":20},"end":{"line":32,"column":49}},"11":{"start":{"line":34,"column":20},"end":{"line":34,"column":130}},"12":{"start":{"line":37,"column":16},"end":{"line":37,"column":215}},"13":{"start":{"line":40,"column":12},"end":{"line":40,"column":96}},"14":{"start":{"line":43,"column":8},"end":{"line":43,"column":106}},"15":{"start":{"line":46,"column":4},"end":{"line":68,"column":5}},"16":{"start":{"line":50,"column":8},"end":{"line":67,"column":9}},"17":{"start":{"line":51,"column":12},"end":{"line":64,"column":15}},"18":{"start":{"line":52,"column":35},"end":{"line":52,"column":39}},"19":{"start":{"line":53,"column":51},"end":{"line":53,"column":106}},"20":{"start":{"line":55,"column":16},"end":{"line":63,"column":17}},"21":{"start":{"line":56,"column":20},"end":{"line":56,"column":94}},"22":{"start":{"line":58,"column":20},"end":{"line":62,"column":21}},"23":{"start":{"line":59,"column":24},"end":{"line":59,"column":70}},"24":{"start":{"line":61,"column":24},"end":{"line":61,"column":154}},"25":{"start":{"line":66,"column":12},"end":{"line":66,"column":47}},"26":{"start":{"line":71,"column":0},"end":{"line":71,"column":64}}},"fnMap":{"0":{"name":"validate_registration_input","decl":{"start":{"line":15,"column":41},"end":{"line":15,"column":68}},"loc":{"start":{"line":15,"column":180},"end":{"line":69,"column":1}},"line":15},"1":{"name":"(anonymous_1)","decl":{"start":{"line":51,"column":31},"end":{"line":51,"column":32}},"loc":{"start":{"line":51,"column":58},"end":{"line":64,"column":13}},"line":51}},"branchMap":{"0":{"loc":{"start":{"line":21,"column":4},"end":{"line":23,"column":5}},"type":"if","locations":[{"start":{"line":21,"column":4},"end":{"line":23,"column":5}},{"start":{"line":21,"column":4},"end":{"line":23,"column":5}}],"line":21},"1":{"loc":{"start":{"line":21,"column":8},"end":{"line":21,"column":169}},"type":"binary-expr","locations":[{"start":{"line":21,"column":8},"end":{"line":21,"column":36}},{"start":{"line":21,"column":40},"end":{"line":21,"column":67}},{"start":{"line":21,"column":71},"end":{"line":21,"column":106}},{"start":{"line":21,"column":110},"end":{"line":21,"column":134}},{"start":{"line":21,"column":138},"end":{"line":21,"column":169}}],"line":21},"2":{"loc":{"start":{"line":27,"column":4},"end":{"line":44,"column":5}},"type":"if","locations":[{"start":{"line":27,"column":4},"end":{"line":44,"column":5}},{"start":{"line":27,"column":4},"end":{"line":44,"column":5}}],"line":27},"3":{"loc":{"start":{"line":28,"column":8},"end":{"line":41,"column":9}},"type":"if","locations":[{"start":{"line":28,"column":8},"end":{"line":41,"column":9}},{"start":{"line":28,"column":8},"end":{"line":41,"column":9}}],"line":28},"4":{"loc":{"start":{"line":29,"column":12},"end":{"line":38,"column":13}},"type":"if","locations":[{"start":{"line":29,"column":12},"end":{"line":38,"column":13}},{"start":{"line":29,"column":12},"end":{"line":38,"column":13}}],"line":29},"5":{"loc":{"start":{"line":31,"column":16},"end":{"line":35,"column":17}},"type":"if","locations":[{"start":{"line":31,"column":16},"end":{"line":35,"column":17}},{"start":{"line":31,"column":16},"end":{"line":35,"column":17}}],"line":31},"6":{"loc":{"start":{"line":46,"column":4},"end":{"line":68,"column":5}},"type":"if","locations":[{"start":{"line":46,"column":4},"end":{"line":68,"column":5}},{"start":{"line":46,"column":4},"end":{"line":68,"column":5}}],"line":46},"7":{"loc":{"start":{"line":55,"column":16},"end":{"line":63,"column":17}},"type":"if","locations":[{"start":{"line":55,"column":16},"end":{"line":63,"column":17}},{"start":{"line":55,"column":16},"end":{"line":63,"column":17}}],"line":55},"8":{"loc":{"start":{"line":58,"column":20},"end":{"line":62,"column":21}},"type":"if","locations":[{"start":{"line":58,"column":20},"end":{"line":62,"column":21}},{"start":{"line":58,"column":20},"end":{"line":62,"column":21}}],"line":58}},"s":{"0":1,"1":7,"2":7,"3":7,"4":7,"5":1,"6":6,"7":5,"8":4,"9":3,"10":2,"11":1,"12":1,"13":1,"14":1,"15":2,"16":2,"17":2,"18":2,"19":2,"20":2,"21":0,"22":2,"23":1,"24":1,"25":0,"26":1},"f":{"0":7,"1":2},"b":{"0":[1,6],"1":[7,7,6,6,6],"2":[5,1],"3":[4,1],"4":[3,1],"5":[2,1],"6":[2,0],"7":[0,2],"8":[1,1]},"_coverageSchema":"43e27e138ebf9cfc5966b082cf9a028302ed4184","hash":"e48dab9de7e1cc50053d1892c7caf6f8e0598262","contentHash":"36d8176c7efe331a4b6c7488966df7c6898f6428498f6523ebfa84e5223e623f"},"E:\\Computing Level 8\\DK821 Year 4\\Semester 1\\Team Project\\Code\\Service_Loop_Server\\spec\\Tutorial_Spec.js":{"path":"E:\\Computing Level 8\\DK821 Year 4\\Semester 1\\Team Project\\Code\\Service_Loop_Server\\spec\\Tutorial_Spec.js","statementMap":{"0":{"start":{"line":1,"column":15},"end":{"line":1,"column":46}},"1":{"start":{"line":3,"column":0},"end":{"line":35,"column":3}},"2":{"start":{"line":4,"column":4},"end":{"line":6,"column":7}},"3":{"start":{"line":5,"column":8},"end":{"line":5,"column":49}},"4":{"start":{"line":8,"column":4},"end":{"line":11,"column":7}},"5":{"start":{"line":9,"column":36},"end":{"line":9,"column":101}},"6":{"start":{"line":10,"column":8},"end":{"line":10,"column":41}},"7":{"start":{"line":13,"column":4},"end":{"line":21,"column":7}},"8":{"start":{"line":14,"column":36},"end":{"line":14,"column":101}},"9":{"start":{"line":15,"column":30},"end":{"line":15,"column":65}},"10":{"start":{"line":17,"column":28},"end":{"line":17,"column":121}},"11":{"start":{"line":19,"column":8},"end":{"line":19,"column":75}},"12":{"start":{"line":20,"column":8},"end":{"line":20,"column":15}},"13":{"start":{"line":23,"column":4},"end":{"line":34,"column":7}},"14":{"start":{"line":24,"column":36},"end":{"line":24,"column":101}},"15":{"start":{"line":25,"column":30},"end":{"line":25,"column":65}},"16":{"start":{"line":27,"column":28},"end":{"line":27,"column":258}},"17":{"start":{"line":28,"column":8},"end":{"line":28,"column":84}},"18":{"start":{"line":29,"column":8},"end":{"line":29,"column":93}},"19":{"start":{"line":30,"column":8},"end":{"line":30,"column":89}},"20":{"start":{"line":32,"column":8},"end":{"line":32,"column":79}},"21":{"start":{"line":33,"column":8},"end":{"line":33,"column":15}}},"fnMap":{"0":{"name":"(anonymous_0)","decl":{"start":{"line":3,"column":35},"end":{"line":3,"column":36}},"loc":{"start":{"line":3,"column":47},"end":{"line":35,"column":1}},"line":3},"1":{"name":"(anonymous_1)","decl":{"start":{"line":4,"column":15},"end":{"line":4,"column":16}},"loc":{"start":{"line":4,"column":26},"end":{"line":6,"column":5}},"line":4},"2":{"name":"(anonymous_2)","decl":{"start":{"line":8,"column":14},"end":{"line":8,"column":15}},"loc":{"start":{"line":8,"column":25},"end":{"line":11,"column":5}},"line":8},"3":{"name":"(anonymous_3)","decl":{"start":{"line":13,"column":83},"end":{"line":13,"column":84}},"loc":{"start":{"line":13,"column":105},"end":{"line":21,"column":5}},"line":13},"4":{"name":"(anonymous_4)","decl":{"start":{"line":23,"column":102},"end":{"line":23,"column":103}},"loc":{"start":{"line":23,"column":124},"end":{"line":34,"column":5}},"line":23}},"branchMap":{},"s":{"0":1,"1":1,"2":1,"3":2,"4":1,"5":2,"6":2,"7":1,"8":1,"9":1,"10":1,"11":1,"12":1,"13":1,"14":1,"15":1,"16":1,"17":1,"18":1,"19":1,"20":1,"21":1},"f":{"0":1,"1":2,"2":2,"3":1,"4":1},"b":{},"_coverageSchema":"43e27e138ebf9cfc5966b082cf9a028302ed4184","hash":"2ac2e6d1d1cd8dc00865bc2b167b9c88b9e3d6ee","contentHash":"7269c77d1b8e380b6f3cac5555ecd447c087f5c6db132125ca5b32085fbf1bd0"},"E:\\Computing Level 8\\DK821 Year 4\\Semester 1\\Team Project\\Code\\Service_Loop_Server\\models\\notifications.js":{"path":"E:\\Computing Level 8\\DK821 Year 4\\Semester 1\\Team Project\\Code\\Service_Loop_Server\\models\\notifications.js","statementMap":{"0":{"start":{"line":1,"column":17},"end":{"line":1,"column":36}},"1":{"start":{"line":3,"column":27},"end":{"line":47,"column":2}},"2":{"start":{"line":49,"column":21},"end":{"line":49,"column":71}},"3":{"start":{"line":50,"column":0},"end":{"line":50,"column":30}}},"fnMap":{},"branchMap":{},"s":{"0":1,"1":1,"2":1,"3":1},"f":{},"b":{},"_coverageSchema":"43e27e138ebf9cfc5966b082cf9a028302ed4184","hash":"3b6b43753ce2374f1e4fe9d90da2af38184aa541","contentHash":"a1d4368493afb083a71a2629bfa3ac50d1983d5651ab44954a8e9a6e4b0f339f"},"E:\\Computing Level 8\\DK821 Year 4\\Semester 1\\Team Project\\Code\\Service_Loop_Server\\models\\post.js":{"path":"E:\\Computing Level 8\\DK821 Year 4\\Semester 1\\Team Project\\Code\\Service_Loop_Server\\models\\post.js","statementMap":{"0":{"start":{"line":1,"column":17},"end":{"line":1,"column":36}},"1":{"start":{"line":3,"column":19},"end":{"line":86,"column":2}},"2":{"start":{"line":88,"column":13},"end":{"line":88,"column":47}},"3":{"start":{"line":89,"column":0},"end":{"line":89,"column":22}}},"fnMap":{},"branchMap":{},"s":{"0":1,"1":1,"2":1,"3":1},"f":{},"b":{},"_coverageSchema":"43e27e138ebf9cfc5966b082cf9a028302ed4184","hash":"4839c3948f0351c424b6c7f1b19a64c43d45d43e","contentHash":"330a1e661390f77bf00778be809ece33b2d2a76ea56cca253fe885ec287d828b"},"E:\\Computing Level 8\\DK821 Year 4\\Semester 1\\Team Project\\Code\\Service_Loop_Server\\services\\Blockchain.js":{"path":"E:\\Computing Level 8\\DK821 Year 4\\Semester 1\\Team Project\\Code\\Service_Loop_Server\\services\\Blockchain.js","statementMap":{"0":{"start":{"line":3,"column":27},"end":{"line":3,"column":46}},"1":{"start":{"line":4,"column":8},"end":{"line":4,"column":43}},"2":{"start":{"line":5,"column":8},"end":{"line":5,"column":45}},"3":{"start":{"line":9,"column":26},"end":{"line":20,"column":9}},"4":{"start":{"line":22,"column":45},"end":{"line":22,"column":98}},"5":{"start":{"line":23,"column":8},"end":{"line":23,"column":50}},"6":{"start":{"line":25,"column":8},"end":{"line":29,"column":9}},"7":{"start":{"line":26,"column":12},"end":{"line":26,"column":50}},"8":{"start":{"line":28,"column":12},"end":{"line":28,"column":50}},"9":{"start":{"line":37,"column":0},"end":{"line":37,"column":28}}},"fnMap":{"0":{"name":"(anonymous_0)","decl":{"start":{"line":2,"column":4},"end":{"line":2,"column":5}},"loc":{"start":{"line":2,"column":25},"end":{"line":6,"column":5}},"line":2},"1":{"name":"(anonymous_1)","decl":{"start":{"line":8,"column":4},"end":{"line":8,"column":5}},"loc":{"start":{"line":8,"column":69},"end":{"line":30,"column":5}},"line":8}},"branchMap":{"0":{"loc":{"start":{"line":25,"column":8},"end":{"line":29,"column":9}},"type":"if","locations":[{"start":{"line":25,"column":8},"end":{"line":29,"column":9}},{"start":{"line":25,"column":8},"end":{"line":29,"column":9}}],"line":25},"1":{"loc":{"start":{"line":25,"column":11},"end":{"line":25,"column":65}},"type":"binary-expr","locations":[{"start":{"line":25,"column":11},"end":{"line":25,"column":24}},{"start":{"line":25,"column":28},"end":{"line":25,"column":65}}],"line":25}},"s":{"0":1,"1":1,"2":1,"3":1,"4":1,"5":1,"6":1,"7":1,"8":0,"9":1},"f":{"0":1,"1":1},"b":{"0":[1,0],"1":[1,1]},"_coverageSchema":"43e27e138ebf9cfc5966b082cf9a028302ed4184","hash":"3f97f05aebe65f7adf2c818c98f9a7b2a09a35ee","contentHash":"847bb494c99ebb5235f38fa015c0a5729893262fc845fac5ef54356ca267ef1d"}}