{"E:\\Computing Level 8\\DK821 Year 4\\Semester 1\\Team Project\\Code\\Service_Loop_Server\\spec\\Agreement_Spec.js":{"path":"E:\\Computing Level 8\\DK821 Year 4\\Semester 1\\Team Project\\Code\\Service_Loop_Server\\spec\\Agreement_Spec.js","statementMap":{"0":{"start":{"line":2,"column":24},"end":{"line":2,"column":62}},"1":{"start":{"line":3,"column":25},"end":{"line":3,"column":64}},"2":{"start":{"line":4,"column":15},"end":{"line":4,"column":46}},"3":{"start":{"line":5,"column":28},"end":{"line":5,"column":93}},"4":{"start":{"line":6,"column":0},"end":{"line":6,"column":30}},"5":{"start":{"line":8,"column":0},"end":{"line":25,"column":3}},"6":{"start":{"line":9,"column":4},"end":{"line":11,"column":7}},"7":{"start":{"line":10,"column":8},"end":{"line":10,"column":49}},"8":{"start":{"line":13,"column":4},"end":{"line":24,"column":7}},"9":{"start":{"line":14,"column":35},"end":{"line":14,"column":227}},"10":{"start":{"line":16,"column":30},"end":{"line":16,"column":211}},"11":{"start":{"line":20,"column":8},"end":{"line":20,"column":82}},"12":{"start":{"line":22,"column":8},"end":{"line":22,"column":50}},"13":{"start":{"line":23,"column":8},"end":{"line":23,"column":15}}},"fnMap":{"0":{"name":"(anonymous_0)","decl":{"start":{"line":8,"column":22},"end":{"line":8,"column":23}},"loc":{"start":{"line":8,"column":34},"end":{"line":25,"column":1}},"line":8},"1":{"name":"(anonymous_1)","decl":{"start":{"line":9,"column":15},"end":{"line":9,"column":16}},"loc":{"start":{"line":9,"column":27},"end":{"line":11,"column":5}},"line":9},"2":{"name":"(anonymous_2)","decl":{"start":{"line":13,"column":51},"end":{"line":13,"column":52}},"loc":{"start":{"line":13,"column":73},"end":{"line":24,"column":5}},"line":13}},"branchMap":{},"s":{"0":1,"1":1,"2":1,"3":1,"4":1,"5":1,"6":1,"7":1,"8":1,"9":1,"10":1,"11":1,"12":1,"13":1},"f":{"0":1,"1":1,"2":1},"b":{},"_coverageSchema":"43e27e138ebf9cfc5966b082cf9a028302ed4184","hash":"96f0dcc7d4cb6d6d48c927a8e157e75c7c454f38","contentHash":"c4b149ab0a56c7bf9fae71666c88ae8e0fb27f358c47cab301a26f1f9e3bd27c"},"E:\\Computing Level 8\\DK821 Year 4\\Semester 1\\Team Project\\Code\\Service_Loop_Server\\services\\offer_agreement.js":{"path":"E:\\Computing Level 8\\DK821 Year 4\\Semester 1\\Team Project\\Code\\Service_Loop_Server\\services\\offer_agreement.js","statementMap":{"0":{"start":{"line":1,"column":22},"end":{"line":52,"column":1}},"1":{"start":{"line":3,"column":30},"end":{"line":3,"column":60}},"2":{"start":{"line":4,"column":23},"end":{"line":4,"column":46}},"3":{"start":{"line":5,"column":34},"end":{"line":5,"column":75}},"4":{"start":{"line":6,"column":33},"end":{"line":6,"column":56}},"5":{"start":{"line":7,"column":22},"end":{"line":7,"column":44}},"6":{"start":{"line":10,"column":22},"end":{"line":10,"column":120}},"7":{"start":{"line":12,"column":4},"end":{"line":51,"column":5}},"8":{"start":{"line":14,"column":52},"end":{"line":14,"column":278}},"9":{"start":{"line":16,"column":8},"end":{"line":18,"column":9}},"10":{"start":{"line":17,"column":12},"end":{"line":17,"column":57}},"11":{"start":{"line":20,"column":8},"end":{"line":20,"column":95}},"12":{"start":{"line":22,"column":34},"end":{"line":22,"column":147}},"13":{"start":{"line":24,"column":8},"end":{"line":24,"column":32}},"14":{"start":{"line":25,"column":0},"end":{"line":25,"column":28}},"15":{"start":{"line":28,"column":32},"end":{"line":28,"column":234}},"16":{"start":{"line":30,"column":8},"end":{"line":30,"column":39}},"17":{"start":{"line":32,"column":8},"end":{"line":32,"column":40}},"18":{"start":{"line":34,"column":30},"end":{"line":34,"column":135}},"19":{"start":{"line":35,"column":49},"end":{"line":35,"column":152}},"20":{"start":{"line":36,"column":8},"end":{"line":36,"column":348}},"21":{"start":{"line":39,"column":8},"end":{"line":39,"column":813}},"22":{"start":{"line":40,"column":8},"end":{"line":40,"column":392}},"23":{"start":{"line":43,"column":8},"end":{"line":43,"column":27}},"24":{"start":{"line":44,"column":8},"end":{"line":44,"column":58}},"25":{"start":{"line":45,"column":42},"end":{"line":45,"column":553}},"26":{"start":{"line":46,"column":44},"end":{"line":46,"column":517}},"27":{"start":{"line":48,"column":8},"end":{"line":48,"column":291}},"28":{"start":{"line":50,"column":8},"end":{"line":50,"column":205}},"29":{"start":{"line":54,"column":0},"end":{"line":54,"column":42}}},"fnMap":{"0":{"name":"offer_agreement","decl":{"start":{"line":1,"column":37},"end":{"line":1,"column":52}},"loc":{"start":{"line":1,"column":170},"end":{"line":52,"column":1}},"line":1}},"branchMap":{"0":{"loc":{"start":{"line":12,"column":4},"end":{"line":51,"column":5}},"type":"if","locations":[{"start":{"line":12,"column":4},"end":{"line":51,"column":5}},{"start":{"line":12,"column":4},"end":{"line":51,"column":5}}],"line":12},"1":{"loc":{"start":{"line":16,"column":8},"end":{"line":18,"column":9}},"type":"if","locations":[{"start":{"line":16,"column":8},"end":{"line":18,"column":9}},{"start":{"line":16,"column":8},"end":{"line":18,"column":9}}],"line":16}},"s":{"0":1,"1":0,"2":0,"3":0,"4":0,"5":0,"6":0,"7":0,"8":0,"9":0,"10":0,"11":0,"12":0,"13":0,"14":0,"15":0,"16":0,"17":0,"18":0,"19":0,"20":0,"21":0,"22":0,"23":0,"24":0,"25":0,"26":0,"27":0,"28":0,"29":1},"f":{"0":0},"b":{"0":[0,0],"1":[0,0]},"_coverageSchema":"43e27e138ebf9cfc5966b082cf9a028302ed4184","hash":"d85ff9cddd39dd3dc23b1c2dfc1cefe2ef624a01","contentHash":"ce93887d55b76df1b59938ee15b1dda1707ebb32065989e26fb9b9325927dcd3"},"E:\\Computing Level 8\\DK821 Year 4\\Semester 1\\Team Project\\Code\\Service_Loop_Server\\services\\accept_agreement.js":{"path":"E:\\Computing Level 8\\DK821 Year 4\\Semester 1\\Team Project\\Code\\Service_Loop_Server\\services\\accept_agreement.js","statementMap":{"0":{"start":{"line":1,"column":23},"end":{"line":37,"column":1}},"1":{"start":{"line":2,"column":30},"end":{"line":2,"column":60}},"2":{"start":{"line":3,"column":23},"end":{"line":3,"column":46}},"3":{"start":{"line":5,"column":22},"end":{"line":5,"column":44}},"4":{"start":{"line":7,"column":34},"end":{"line":7,"column":75}},"5":{"start":{"line":8,"column":33},"end":{"line":8,"column":56}},"6":{"start":{"line":11,"column":48},"end":{"line":11,"column":174}},"7":{"start":{"line":12,"column":4},"end":{"line":12,"column":91}},"8":{"start":{"line":14,"column":36},"end":{"line":14,"column":149}},"9":{"start":{"line":15,"column":38},"end":{"line":15,"column":144}},"10":{"start":{"line":17,"column":28},"end":{"line":17,"column":431}},"11":{"start":{"line":20,"column":26},"end":{"line":20,"column":181}},"12":{"start":{"line":21,"column":45},"end":{"line":21,"column":186}},"13":{"start":{"line":22,"column":4},"end":{"line":22,"column":522}},"14":{"start":{"line":24,"column":4},"end":{"line":24,"column":31}},"15":{"start":{"line":25,"column":4},"end":{"line":25,"column":33}},"16":{"start":{"line":28,"column":4},"end":{"line":28,"column":1352}},"17":{"start":{"line":29,"column":4},"end":{"line":29,"column":191}},"18":{"start":{"line":33,"column":38},"end":{"line":33,"column":648}},"19":{"start":{"line":34,"column":40},"end":{"line":34,"column":612}},"20":{"start":{"line":36,"column":4},"end":{"line":36,"column":288}},"21":{"start":{"line":39,"column":0},"end":{"line":39,"column":44}}},"fnMap":{"0":{"name":"accept_agreement","decl":{"start":{"line":1,"column":38},"end":{"line":1,"column":54}},"loc":{"start":{"line":1,"column":111},"end":{"line":37,"column":1}},"line":1}},"branchMap":{},"s":{"0":1,"1":0,"2":0,"3":0,"4":0,"5":0,"6":0,"7":0,"8":0,"9":0,"10":0,"11":0,"12":0,"13":0,"14":0,"15":0,"16":0,"17":0,"18":0,"19":0,"20":0,"21":1},"f":{"0":0},"b":{},"_coverageSchema":"43e27e138ebf9cfc5966b082cf9a028302ed4184","hash":"6fd934f72d5411fa121e251de2916537516af393","contentHash":"ad639dbfc83ee9aa26d29c0457c58da38d33396877e189a253ccf9fd9bbcca49"},"E:\\Computing Level 8\\DK821 Year 4\\Semester 1\\Team Project\\Code\\Service_Loop_Server\\services\\database.js":{"path":"E:\\Computing Level 8\\DK821 Year 4\\Semester 1\\Team Project\\Code\\Service_Loop_Server\\services\\database.js","statementMap":{"0":{"start":{"line":1,"column":17},"end":{"line":1,"column":36}},"1":{"start":{"line":2,"column":18},"end":{"line":2,"column":44}},"2":{"start":{"line":6,"column":4},"end":{"line":6,"column":21}},"3":{"start":{"line":7,"column":4},"end":{"line":7,"column":19}},"4":{"start":{"line":8,"column":4},"end":{"line":8,"column":29}},"5":{"start":{"line":13,"column":4},"end":{"line":46,"column":7}},"6":{"start":{"line":19,"column":6},"end":{"line":26,"column":10}},"7":{"start":{"line":21,"column":10},"end":{"line":21,"column":48}},"8":{"start":{"line":21,"column":34},"end":{"line":21,"column":46}},"9":{"start":{"line":22,"column":26},"end":{"line":22,"column":47}},"10":{"start":{"line":23,"column":10},"end":{"line":25,"column":38}},"11":{"start":{"line":28,"column":6},"end":{"line":28,"column":44}},"12":{"start":{"line":31,"column":6},"end":{"line":33,"column":9}},"13":{"start":{"line":32,"column":8},"end":{"line":32,"column":84}},"14":{"start":{"line":36,"column":6},"end":{"line":38,"column":9}},"15":{"start":{"line":37,"column":8},"end":{"line":37,"column":49}},"16":{"start":{"line":41,"column":6},"end":{"line":45,"column":9}},"17":{"start":{"line":51,"column":4},"end":{"line":53,"column":7}},"18":{"start":{"line":52,"column":6},"end":{"line":52,"column":39}},"19":{"start":{"line":68,"column":18},"end":{"line":68,"column":33}},"20":{"start":{"line":71,"column":4},"end":{"line":71,"column":46}},"21":{"start":{"line":72,"column":4},"end":{"line":72,"column":37}},"22":{"start":{"line":73,"column":4},"end":{"line":73,"column":51}},"23":{"start":{"line":74,"column":4},"end":{"line":74,"column":31}},"24":{"start":{"line":75,"column":4},"end":{"line":75,"column":61}},"25":{"start":{"line":78,"column":4},"end":{"line":91,"column":7}},"26":{"start":{"line":79,"column":6},"end":{"line":90,"column":9}},"27":{"start":{"line":80,"column":8},"end":{"line":89,"column":9}},"28":{"start":{"line":81,"column":10},"end":{"line":81,"column":47}},"29":{"start":{"line":82,"column":10},"end":{"line":82,"column":27}},"30":{"start":{"line":84,"column":10},"end":{"line":84,"column":50}},"31":{"start":{"line":86,"column":10},"end":{"line":86,"column":35}},"32":{"start":{"line":88,"column":10},"end":{"line":88,"column":83}},"33":{"start":{"line":107,"column":19},"end":{"line":107,"column":45}},"34":{"start":{"line":108,"column":19},"end":{"line":108,"column":168}},"35":{"start":{"line":110,"column":4},"end":{"line":117,"column":7}},"36":{"start":{"line":111,"column":6},"end":{"line":116,"column":11}},"37":{"start":{"line":112,"column":8},"end":{"line":112,"column":45}},"38":{"start":{"line":115,"column":10},"end":{"line":115,"column":56}},"39":{"start":{"line":129,"column":4},"end":{"line":144,"column":7}},"40":{"start":{"line":130,"column":6},"end":{"line":143,"column":11}},"41":{"start":{"line":132,"column":10},"end":{"line":140,"column":11}},"42":{"start":{"line":133,"column":12},"end":{"line":133,"column":57}},"43":{"start":{"line":135,"column":12},"end":{"line":139,"column":13}},"44":{"start":{"line":136,"column":14},"end":{"line":136,"column":68}},"45":{"start":{"line":138,"column":14},"end":{"line":138,"column":58}},"46":{"start":{"line":142,"column":10},"end":{"line":142,"column":56}},"47":{"start":{"line":157,"column":4},"end":{"line":165,"column":7}},"48":{"start":{"line":158,"column":6},"end":{"line":164,"column":11}},"49":{"start":{"line":160,"column":10},"end":{"line":160,"column":75}},"50":{"start":{"line":162,"column":10},"end":{"line":162,"column":47}},"51":{"start":{"line":163,"column":10},"end":{"line":163,"column":56}},"52":{"start":{"line":177,"column":29},"end":{"line":177,"column":54}},"53":{"start":{"line":178,"column":19},"end":{"line":178,"column":39}},"54":{"start":{"line":180,"column":4},"end":{"line":188,"column":7}},"55":{"start":{"line":181,"column":6},"end":{"line":187,"column":11}},"56":{"start":{"line":183,"column":10},"end":{"line":183,"column":76}},"57":{"start":{"line":185,"column":10},"end":{"line":185,"column":47}},"58":{"start":{"line":186,"column":10},"end":{"line":186,"column":56}},"59":{"start":{"line":200,"column":36},"end":{"line":200,"column":70}},"60":{"start":{"line":201,"column":19},"end":{"line":201,"column":39}},"61":{"start":{"line":203,"column":4},"end":{"line":211,"column":7}},"62":{"start":{"line":204,"column":6},"end":{"line":210,"column":11}},"63":{"start":{"line":206,"column":10},"end":{"line":206,"column":83}},"64":{"start":{"line":208,"column":10},"end":{"line":208,"column":47}},"65":{"start":{"line":209,"column":10},"end":{"line":209,"column":56}},"66":{"start":{"line":223,"column":28},"end":{"line":223,"column":53}},"67":{"start":{"line":224,"column":19},"end":{"line":224,"column":39}},"68":{"start":{"line":226,"column":4},"end":{"line":234,"column":7}},"69":{"start":{"line":227,"column":6},"end":{"line":233,"column":11}},"70":{"start":{"line":229,"column":10},"end":{"line":229,"column":83}},"71":{"start":{"line":231,"column":10},"end":{"line":231,"column":47}},"72":{"start":{"line":232,"column":10},"end":{"line":232,"column":56}},"73":{"start":{"line":246,"column":36},"end":{"line":246,"column":70}},"74":{"start":{"line":247,"column":19},"end":{"line":247,"column":73}},"75":{"start":{"line":249,"column":4},"end":{"line":257,"column":7}},"76":{"start":{"line":250,"column":6},"end":{"line":256,"column":11}},"77":{"start":{"line":252,"column":10},"end":{"line":252,"column":83}},"78":{"start":{"line":254,"column":10},"end":{"line":254,"column":47}},"79":{"start":{"line":255,"column":10},"end":{"line":255,"column":56}},"80":{"start":{"line":270,"column":19},"end":{"line":270,"column":40}},"81":{"start":{"line":271,"column":19},"end":{"line":271,"column":62}},"82":{"start":{"line":273,"column":4},"end":{"line":280,"column":7}},"83":{"start":{"line":274,"column":6},"end":{"line":279,"column":11}},"84":{"start":{"line":275,"column":8},"end":{"line":275,"column":114}},"85":{"start":{"line":278,"column":10},"end":{"line":278,"column":95}},"86":{"start":{"line":298,"column":21},"end":{"line":298,"column":25}},"87":{"start":{"line":299,"column":22},"end":{"line":299,"column":47}},"88":{"start":{"line":300,"column":18},"end":{"line":300,"column":33}},"89":{"start":{"line":301,"column":23},"end":{"line":301,"column":44}},"90":{"start":{"line":304,"column":21},"end":{"line":304,"column":59}},"91":{"start":{"line":305,"column":4},"end":{"line":305,"column":50}},"92":{"start":{"line":306,"column":4},"end":{"line":306,"column":36}},"93":{"start":{"line":307,"column":4},"end":{"line":307,"column":37}},"94":{"start":{"line":308,"column":4},"end":{"line":308,"column":39}},"95":{"start":{"line":310,"column":4},"end":{"line":310,"column":40}},"96":{"start":{"line":311,"column":4},"end":{"line":311,"column":44}},"97":{"start":{"line":312,"column":4},"end":{"line":312,"column":61}},"98":{"start":{"line":314,"column":4},"end":{"line":314,"column":33}},"99":{"start":{"line":315,"column":4},"end":{"line":315,"column":43}},"100":{"start":{"line":317,"column":4},"end":{"line":346,"column":7}},"101":{"start":{"line":318,"column":6},"end":{"line":344,"column":7}},"102":{"start":{"line":319,"column":8},"end":{"line":341,"column":11}},"103":{"start":{"line":321,"column":10},"end":{"line":340,"column":11}},"104":{"start":{"line":322,"column":12},"end":{"line":322,"column":91}},"105":{"start":{"line":325,"column":40},"end":{"line":325,"column":378}},"106":{"start":{"line":328,"column":12},"end":{"line":339,"column":13}},"107":{"start":{"line":329,"column":48},"end":{"line":329,"column":331}},"108":{"start":{"line":332,"column":14},"end":{"line":336,"column":15}},"109":{"start":{"line":333,"column":16},"end":{"line":333,"column":214}},"110":{"start":{"line":335,"column":16},"end":{"line":335,"column":122}},"111":{"start":{"line":338,"column":14},"end":{"line":338,"column":120}},"112":{"start":{"line":343,"column":8},"end":{"line":343,"column":73}},"113":{"start":{"line":350,"column":28},"end":{"line":350,"column":54}},"114":{"start":{"line":351,"column":19},"end":{"line":351,"column":40}},"115":{"start":{"line":353,"column":4},"end":{"line":360,"column":7}},"116":{"start":{"line":354,"column":6},"end":{"line":359,"column":11}},"117":{"start":{"line":355,"column":8},"end":{"line":355,"column":24}},"118":{"start":{"line":358,"column":10},"end":{"line":358,"column":56}},"119":{"start":{"line":378,"column":36},"end":{"line":378,"column":70}},"120":{"start":{"line":379,"column":23},"end":{"line":379,"column":44}},"121":{"start":{"line":381,"column":28},"end":{"line":381,"column":57}},"122":{"start":{"line":382,"column":33},"end":{"line":382,"column":43}},"123":{"start":{"line":384,"column":4},"end":{"line":384,"column":56}},"124":{"start":{"line":385,"column":4},"end":{"line":385,"column":62}},"125":{"start":{"line":387,"column":16},"end":{"line":387,"column":39}},"126":{"start":{"line":388,"column":4},"end":{"line":388,"column":67}},"127":{"start":{"line":389,"column":4},"end":{"line":389,"column":104}},"128":{"start":{"line":391,"column":4},"end":{"line":391,"column":70}},"129":{"start":{"line":392,"column":4},"end":{"line":392,"column":60}},"130":{"start":{"line":393,"column":4},"end":{"line":393,"column":66}},"131":{"start":{"line":394,"column":4},"end":{"line":394,"column":40}},"132":{"start":{"line":395,"column":4},"end":{"line":395,"column":47}},"133":{"start":{"line":397,"column":4},"end":{"line":405,"column":7}},"134":{"start":{"line":398,"column":6},"end":{"line":404,"column":9}},"135":{"start":{"line":399,"column":8},"end":{"line":403,"column":9}},"136":{"start":{"line":400,"column":10},"end":{"line":400,"column":50}},"137":{"start":{"line":402,"column":10},"end":{"line":402,"column":60}},"138":{"start":{"line":422,"column":36},"end":{"line":422,"column":70}},"139":{"start":{"line":423,"column":28},"end":{"line":423,"column":57}},"140":{"start":{"line":426,"column":23},"end":{"line":426,"column":44}},"141":{"start":{"line":428,"column":33},"end":{"line":428,"column":43}},"142":{"start":{"line":431,"column":4},"end":{"line":440,"column":5}},"143":{"start":{"line":434,"column":6},"end":{"line":434,"column":60}},"144":{"start":{"line":436,"column":6},"end":{"line":438,"column":7}},"145":{"start":{"line":437,"column":8},"end":{"line":437,"column":75}},"146":{"start":{"line":443,"column":4},"end":{"line":445,"column":5}},"147":{"start":{"line":444,"column":6},"end":{"line":444,"column":48}},"148":{"start":{"line":447,"column":16},"end":{"line":447,"column":39}},"149":{"start":{"line":448,"column":4},"end":{"line":448,"column":67}},"150":{"start":{"line":449,"column":4},"end":{"line":449,"column":104}},"151":{"start":{"line":450,"column":4},"end":{"line":450,"column":56}},"152":{"start":{"line":451,"column":4},"end":{"line":451,"column":62}},"153":{"start":{"line":453,"column":4},"end":{"line":453,"column":70}},"154":{"start":{"line":454,"column":4},"end":{"line":454,"column":60}},"155":{"start":{"line":456,"column":4},"end":{"line":464,"column":7}},"156":{"start":{"line":457,"column":6},"end":{"line":463,"column":9}},"157":{"start":{"line":458,"column":8},"end":{"line":462,"column":9}},"158":{"start":{"line":459,"column":10},"end":{"line":459,"column":50}},"159":{"start":{"line":461,"column":10},"end":{"line":461,"column":60}},"160":{"start":{"line":478,"column":4},"end":{"line":492,"column":7}},"161":{"start":{"line":479,"column":6},"end":{"line":491,"column":11}},"162":{"start":{"line":480,"column":8},"end":{"line":484,"column":9}},"163":{"start":{"line":481,"column":10},"end":{"line":481,"column":88}},"164":{"start":{"line":483,"column":10},"end":{"line":483,"column":61}},"165":{"start":{"line":488,"column":10},"end":{"line":488,"column":40}},"166":{"start":{"line":489,"column":10},"end":{"line":489,"column":33}},"167":{"start":{"line":490,"column":10},"end":{"line":490,"column":56}},"168":{"start":{"line":505,"column":36},"end":{"line":505,"column":70}},"169":{"start":{"line":508,"column":4},"end":{"line":568,"column":5}},"170":{"start":{"line":510,"column":29},"end":{"line":510,"column":52}},"171":{"start":{"line":511,"column":40},"end":{"line":511,"column":176}},"172":{"start":{"line":514,"column":32},"end":{"line":514,"column":118}},"173":{"start":{"line":517,"column":6},"end":{"line":550,"column":7}},"174":{"start":{"line":518,"column":23},"end":{"line":518,"column":98}},"175":{"start":{"line":520,"column":8},"end":{"line":547,"column":11}},"176":{"start":{"line":522,"column":10},"end":{"line":546,"column":15}},"177":{"start":{"line":524,"column":12},"end":{"line":541,"column":13}},"178":{"start":{"line":525,"column":14},"end":{"line":525,"column":130}},"179":{"start":{"line":528,"column":14},"end":{"line":538,"column":15}},"180":{"start":{"line":529,"column":16},"end":{"line":531,"column":17}},"181":{"start":{"line":529,"column":29},"end":{"line":529,"column":30}},"182":{"start":{"line":530,"column":18},"end":{"line":530,"column":70}},"183":{"start":{"line":533,"column":16},"end":{"line":537,"column":19}},"184":{"start":{"line":534,"column":18},"end":{"line":534,"column":57}},"185":{"start":{"line":535,"column":18},"end":{"line":535,"column":57}},"186":{"start":{"line":536,"column":18},"end":{"line":536,"column":52}},"187":{"start":{"line":540,"column":14},"end":{"line":540,"column":104}},"188":{"start":{"line":545,"column":14},"end":{"line":545,"column":99}},"189":{"start":{"line":549,"column":8},"end":{"line":549,"column":44}},"190":{"start":{"line":553,"column":21},"end":{"line":553,"column":96}},"191":{"start":{"line":555,"column":6},"end":{"line":567,"column":9}},"192":{"start":{"line":556,"column":8},"end":{"line":566,"column":13}},"193":{"start":{"line":558,"column":10},"end":{"line":562,"column":11}},"194":{"start":{"line":559,"column":12},"end":{"line":559,"column":102}},"195":{"start":{"line":561,"column":12},"end":{"line":561,"column":129}},"196":{"start":{"line":565,"column":12},"end":{"line":565,"column":97}},"197":{"start":{"line":580,"column":22},"end":{"line":580,"column":47}},"198":{"start":{"line":581,"column":19},"end":{"line":581,"column":116}},"199":{"start":{"line":583,"column":4},"end":{"line":593,"column":7}},"200":{"start":{"line":584,"column":6},"end":{"line":592,"column":9}},"201":{"start":{"line":585,"column":8},"end":{"line":589,"column":9}},"202":{"start":{"line":586,"column":10},"end":{"line":586,"column":119}},"203":{"start":{"line":588,"column":10},"end":{"line":588,"column":92}},"204":{"start":{"line":591,"column":8},"end":{"line":591,"column":93}},"205":{"start":{"line":598,"column":22},"end":{"line":598,"column":47}},"206":{"start":{"line":599,"column":19},"end":{"line":599,"column":39}},"207":{"start":{"line":601,"column":4},"end":{"line":613,"column":7}},"208":{"start":{"line":602,"column":6},"end":{"line":612,"column":11}},"209":{"start":{"line":603,"column":8},"end":{"line":607,"column":9}},"210":{"start":{"line":604,"column":10},"end":{"line":604,"column":119}},"211":{"start":{"line":606,"column":10},"end":{"line":606,"column":92}},"212":{"start":{"line":610,"column":10},"end":{"line":610,"column":30}},"213":{"start":{"line":611,"column":10},"end":{"line":611,"column":95}},"214":{"start":{"line":618,"column":22},"end":{"line":618,"column":47}},"215":{"start":{"line":619,"column":19},"end":{"line":619,"column":46}},"216":{"start":{"line":621,"column":4},"end":{"line":633,"column":7}},"217":{"start":{"line":622,"column":6},"end":{"line":632,"column":11}},"218":{"start":{"line":623,"column":8},"end":{"line":627,"column":9}},"219":{"start":{"line":624,"column":10},"end":{"line":624,"column":119}},"220":{"start":{"line":626,"column":10},"end":{"line":626,"column":92}},"221":{"start":{"line":630,"column":10},"end":{"line":630,"column":30}},"222":{"start":{"line":631,"column":10},"end":{"line":631,"column":95}},"223":{"start":{"line":645,"column":36},"end":{"line":645,"column":70}},"224":{"start":{"line":647,"column":19},"end":{"line":647,"column":43}},"225":{"start":{"line":648,"column":19},"end":{"line":648,"column":48}},"226":{"start":{"line":650,"column":4},"end":{"line":657,"column":7}},"227":{"start":{"line":651,"column":6},"end":{"line":656,"column":11}},"228":{"start":{"line":652,"column":8},"end":{"line":652,"column":107}},"229":{"start":{"line":655,"column":10},"end":{"line":655,"column":95}},"230":{"start":{"line":661,"column":23},"end":{"line":661,"column":46}},"231":{"start":{"line":663,"column":4},"end":{"line":665,"column":5}},"232":{"start":{"line":664,"column":6},"end":{"line":664,"column":304}},"233":{"start":{"line":667,"column":34},"end":{"line":667,"column":75}},"234":{"start":{"line":668,"column":22},"end":{"line":668,"column":47}},"235":{"start":{"line":669,"column":19},"end":{"line":669,"column":35}},"236":{"start":{"line":670,"column":19},"end":{"line":670,"column":112}},"237":{"start":{"line":672,"column":22},"end":{"line":672,"column":57}},"238":{"start":{"line":674,"column":4},"end":{"line":692,"column":5}},"239":{"start":{"line":676,"column":40},"end":{"line":676,"column":326}},"240":{"start":{"line":678,"column":6},"end":{"line":689,"column":7}},"241":{"start":{"line":679,"column":8},"end":{"line":686,"column":11}},"242":{"start":{"line":680,"column":10},"end":{"line":685,"column":13}},"243":{"start":{"line":681,"column":48},"end":{"line":681,"column":300}},"244":{"start":{"line":682,"column":12},"end":{"line":682,"column":231}},"245":{"start":{"line":684,"column":12},"end":{"line":684,"column":216}},"246":{"start":{"line":688,"column":8},"end":{"line":688,"column":114}},"247":{"start":{"line":691,"column":6},"end":{"line":691,"column":132}},"248":{"start":{"line":696,"column":22},"end":{"line":696,"column":47}},"249":{"start":{"line":698,"column":4},"end":{"line":802,"column":5}},"250":{"start":{"line":700,"column":6},"end":{"line":709,"column":9}},"251":{"start":{"line":701,"column":8},"end":{"line":708,"column":11}},"252":{"start":{"line":702,"column":10},"end":{"line":707,"column":11}},"253":{"start":{"line":704,"column":12},"end":{"line":704,"column":49}},"254":{"start":{"line":706,"column":12},"end":{"line":706,"column":48}},"255":{"start":{"line":710,"column":11},"end":{"line":802,"column":5}},"256":{"start":{"line":712,"column":6},"end":{"line":729,"column":9}},"257":{"start":{"line":714,"column":8},"end":{"line":728,"column":11}},"258":{"start":{"line":715,"column":10},"end":{"line":727,"column":11}},"259":{"start":{"line":717,"column":12},"end":{"line":717,"column":49}},"260":{"start":{"line":719,"column":12},"end":{"line":726,"column":15}},"261":{"start":{"line":720,"column":14},"end":{"line":725,"column":15}},"262":{"start":{"line":722,"column":16},"end":{"line":722,"column":53}},"263":{"start":{"line":724,"column":16},"end":{"line":724,"column":52}},"264":{"start":{"line":730,"column":11},"end":{"line":802,"column":5}},"265":{"start":{"line":731,"column":6},"end":{"line":748,"column":9}},"266":{"start":{"line":733,"column":8},"end":{"line":747,"column":11}},"267":{"start":{"line":734,"column":10},"end":{"line":746,"column":11}},"268":{"start":{"line":736,"column":12},"end":{"line":736,"column":49}},"269":{"start":{"line":738,"column":12},"end":{"line":745,"column":15}},"270":{"start":{"line":739,"column":14},"end":{"line":744,"column":15}},"271":{"start":{"line":741,"column":16},"end":{"line":741,"column":53}},"272":{"start":{"line":743,"column":16},"end":{"line":743,"column":52}},"273":{"start":{"line":749,"column":11},"end":{"line":802,"column":5}},"274":{"start":{"line":750,"column":6},"end":{"line":750,"column":30}},"275":{"start":{"line":751,"column":6},"end":{"line":768,"column":9}},"276":{"start":{"line":753,"column":8},"end":{"line":767,"column":11}},"277":{"start":{"line":754,"column":10},"end":{"line":766,"column":11}},"278":{"start":{"line":756,"column":12},"end":{"line":756,"column":49}},"279":{"start":{"line":758,"column":12},"end":{"line":765,"column":15}},"280":{"start":{"line":759,"column":14},"end":{"line":764,"column":15}},"281":{"start":{"line":761,"column":16},"end":{"line":761,"column":53}},"282":{"start":{"line":763,"column":16},"end":{"line":763,"column":52}},"283":{"start":{"line":769,"column":11},"end":{"line":802,"column":5}},"284":{"start":{"line":770,"column":6},"end":{"line":770,"column":31}},"285":{"start":{"line":771,"column":6},"end":{"line":788,"column":9}},"286":{"start":{"line":773,"column":8},"end":{"line":787,"column":11}},"287":{"start":{"line":774,"column":10},"end":{"line":786,"column":11}},"288":{"start":{"line":776,"column":12},"end":{"line":776,"column":49}},"289":{"start":{"line":778,"column":12},"end":{"line":785,"column":15}},"290":{"start":{"line":779,"column":14},"end":{"line":784,"column":15}},"291":{"start":{"line":781,"column":16},"end":{"line":781,"column":53}},"292":{"start":{"line":783,"column":16},"end":{"line":783,"column":52}},"293":{"start":{"line":789,"column":11},"end":{"line":802,"column":5}},"294":{"start":{"line":790,"column":6},"end":{"line":790,"column":29}},"295":{"start":{"line":791,"column":6},"end":{"line":801,"column":9}},"296":{"start":{"line":793,"column":8},"end":{"line":800,"column":11}},"297":{"start":{"line":794,"column":10},"end":{"line":799,"column":11}},"298":{"start":{"line":796,"column":12},"end":{"line":796,"column":49}},"299":{"start":{"line":798,"column":12},"end":{"line":798,"column":48}},"300":{"start":{"line":806,"column":22},"end":{"line":806,"column":47}},"301":{"start":{"line":808,"column":4},"end":{"line":824,"column":7}},"302":{"start":{"line":809,"column":6},"end":{"line":823,"column":11}},"303":{"start":{"line":810,"column":8},"end":{"line":818,"column":9}},"304":{"start":{"line":811,"column":10},"end":{"line":811,"column":70}},"305":{"start":{"line":813,"column":10},"end":{"line":817,"column":11}},"306":{"start":{"line":814,"column":12},"end":{"line":814,"column":66}},"307":{"start":{"line":816,"column":12},"end":{"line":816,"column":95}},"308":{"start":{"line":821,"column":10},"end":{"line":821,"column":30}},"309":{"start":{"line":822,"column":10},"end":{"line":822,"column":56}},"310":{"start":{"line":828,"column":22},"end":{"line":828,"column":47}},"311":{"start":{"line":829,"column":36},"end":{"line":829,"column":70}},"312":{"start":{"line":831,"column":4},"end":{"line":838,"column":7}},"313":{"start":{"line":832,"column":6},"end":{"line":837,"column":9}},"314":{"start":{"line":833,"column":8},"end":{"line":836,"column":12}},"315":{"start":{"line":835,"column":12},"end":{"line":835,"column":85}},"316":{"start":{"line":844,"column":22},"end":{"line":844,"column":47}},"317":{"start":{"line":846,"column":4},"end":{"line":850,"column":7}},"318":{"start":{"line":847,"column":6},"end":{"line":849,"column":9}},"319":{"start":{"line":848,"column":8},"end":{"line":848,"column":90}},"320":{"start":{"line":855,"column":4},"end":{"line":855,"column":31}},"321":{"start":{"line":856,"column":22},"end":{"line":856,"column":48}},"322":{"start":{"line":858,"column":4},"end":{"line":865,"column":7}},"323":{"start":{"line":859,"column":6},"end":{"line":864,"column":9}},"324":{"start":{"line":860,"column":8},"end":{"line":860,"column":34}},"325":{"start":{"line":861,"column":8},"end":{"line":861,"column":26}},"326":{"start":{"line":862,"column":8},"end":{"line":862,"column":26}},"327":{"start":{"line":863,"column":8},"end":{"line":863,"column":136}},"328":{"start":{"line":938,"column":22},"end":{"line":938,"column":47}},"329":{"start":{"line":940,"column":19},"end":{"line":940,"column":35}},"330":{"start":{"line":941,"column":19},"end":{"line":941,"column":32}},"331":{"start":{"line":943,"column":4},"end":{"line":947,"column":7}},"332":{"start":{"line":944,"column":6},"end":{"line":946,"column":9}},"333":{"start":{"line":945,"column":8},"end":{"line":945,"column":91}},"334":{"start":{"line":951,"column":22},"end":{"line":951,"column":47}},"335":{"start":{"line":953,"column":19},"end":{"line":953,"column":35}},"336":{"start":{"line":954,"column":19},"end":{"line":954,"column":95}},"337":{"start":{"line":956,"column":4},"end":{"line":960,"column":7}},"338":{"start":{"line":957,"column":6},"end":{"line":959,"column":8}},"339":{"start":{"line":958,"column":8},"end":{"line":958,"column":24}},"340":{"start":{"line":964,"column":22},"end":{"line":964,"column":47}},"341":{"start":{"line":965,"column":15},"end":{"line":965,"column":28}},"342":{"start":{"line":966,"column":17},"end":{"line":966,"column":32}},"343":{"start":{"line":970,"column":4},"end":{"line":974,"column":5}},"344":{"start":{"line":971,"column":6},"end":{"line":971,"column":21}},"345":{"start":{"line":973,"column":6},"end":{"line":973,"column":46}},"346":{"start":{"line":976,"column":19},"end":{"line":976,"column":35}},"347":{"start":{"line":977,"column":19},"end":{"line":977,"column":97}},"348":{"start":{"line":979,"column":4},"end":{"line":991,"column":7}},"349":{"start":{"line":980,"column":6},"end":{"line":990,"column":8}},"350":{"start":{"line":981,"column":8},"end":{"line":981,"column":89}},"351":{"start":{"line":982,"column":35},"end":{"line":982,"column":428}},"352":{"start":{"line":983,"column":33},"end":{"line":983,"column":411}},"353":{"start":{"line":985,"column":27},"end":{"line":985,"column":50}},"354":{"start":{"line":986,"column":38},"end":{"line":986,"column":79}},"355":{"start":{"line":987,"column":8},"end":{"line":987,"column":270}},"356":{"start":{"line":989,"column":8},"end":{"line":989,"column":252}},"357":{"start":{"line":995,"column":23},"end":{"line":995,"column":49}},"358":{"start":{"line":997,"column":19},"end":{"line":997,"column":40}},"359":{"start":{"line":999,"column":4},"end":{"line":1006,"column":7}},"360":{"start":{"line":1000,"column":6},"end":{"line":1005,"column":11}},"361":{"start":{"line":1001,"column":8},"end":{"line":1001,"column":46}},"362":{"start":{"line":1004,"column":10},"end":{"line":1004,"column":56}},"363":{"start":{"line":1012,"column":4},"end":{"line":1028,"column":7}},"364":{"start":{"line":1013,"column":6},"end":{"line":1027,"column":11}},"365":{"start":{"line":1015,"column":10},"end":{"line":1024,"column":11}},"366":{"start":{"line":1016,"column":12},"end":{"line":1016,"column":57}},"367":{"start":{"line":1019,"column":12},"end":{"line":1023,"column":13}},"368":{"start":{"line":1020,"column":14},"end":{"line":1020,"column":68}},"369":{"start":{"line":1022,"column":14},"end":{"line":1022,"column":66}},"370":{"start":{"line":1026,"column":10},"end":{"line":1026,"column":56}},"371":{"start":{"line":1032,"column":22},"end":{"line":1032,"column":47}},"372":{"start":{"line":1034,"column":19},"end":{"line":1034,"column":35}},"373":{"start":{"line":1036,"column":4},"end":{"line":1045,"column":7}},"374":{"start":{"line":1037,"column":6},"end":{"line":1044,"column":11}},"375":{"start":{"line":1039,"column":8},"end":{"line":1039,"column":24}},"376":{"start":{"line":1042,"column":10},"end":{"line":1042,"column":49}},"377":{"start":{"line":1043,"column":10},"end":{"line":1043,"column":56}},"378":{"start":{"line":1050,"column":22},"end":{"line":1050,"column":47}},"379":{"start":{"line":1052,"column":19},"end":{"line":1052,"column":35}},"380":{"start":{"line":1054,"column":4},"end":{"line":1061,"column":7}},"381":{"start":{"line":1055,"column":6},"end":{"line":1060,"column":11}},"382":{"start":{"line":1056,"column":8},"end":{"line":1056,"column":24}},"383":{"start":{"line":1059,"column":10},"end":{"line":1059,"column":56}},"384":{"start":{"line":1066,"column":19},"end":{"line":1066,"column":46}},"385":{"start":{"line":1068,"column":4},"end":{"line":1075,"column":7}},"386":{"start":{"line":1069,"column":6},"end":{"line":1074,"column":11}},"387":{"start":{"line":1070,"column":8},"end":{"line":1070,"column":24}},"388":{"start":{"line":1073,"column":10},"end":{"line":1073,"column":56}},"389":{"start":{"line":1079,"column":19},"end":{"line":1079,"column":40}},"390":{"start":{"line":1080,"column":19},"end":{"line":1080,"column":46}},"391":{"start":{"line":1082,"column":4},"end":{"line":1091,"column":7}},"392":{"start":{"line":1084,"column":6},"end":{"line":1090,"column":11}},"393":{"start":{"line":1085,"column":8},"end":{"line":1085,"column":39}},"394":{"start":{"line":1086,"column":8},"end":{"line":1086,"column":82}},"395":{"start":{"line":1089,"column":10},"end":{"line":1089,"column":56}},"396":{"start":{"line":1097,"column":19},"end":{"line":1097,"column":40}},"397":{"start":{"line":1098,"column":19},"end":{"line":1098,"column":54}},"398":{"start":{"line":1100,"column":25},"end":{"line":1100,"column":76}},"399":{"start":{"line":1101,"column":16},"end":{"line":1101,"column":62}},"400":{"start":{"line":1103,"column":4},"end":{"line":1116,"column":5}},"401":{"start":{"line":1105,"column":6},"end":{"line":1111,"column":9}},"402":{"start":{"line":1106,"column":8},"end":{"line":1110,"column":11}},"403":{"start":{"line":1107,"column":10},"end":{"line":1107,"column":91}},"404":{"start":{"line":1109,"column":10},"end":{"line":1109,"column":56}},"405":{"start":{"line":1113,"column":6},"end":{"line":1115,"column":9}},"406":{"start":{"line":1114,"column":8},"end":{"line":1114,"column":72}},"407":{"start":{"line":1123,"column":22},"end":{"line":1123,"column":47}},"408":{"start":{"line":1125,"column":4},"end":{"line":1173,"column":7}},"409":{"start":{"line":1129,"column":30},"end":{"line":1129,"column":31}},"410":{"start":{"line":1130,"column":33},"end":{"line":1130,"column":34}},"411":{"start":{"line":1131,"column":33},"end":{"line":1131,"column":34}},"412":{"start":{"line":1132,"column":30},"end":{"line":1132,"column":31}},"413":{"start":{"line":1134,"column":38},"end":{"line":1134,"column":39}},"414":{"start":{"line":1135,"column":38},"end":{"line":1135,"column":39}},"415":{"start":{"line":1136,"column":35},"end":{"line":1136,"column":36}},"416":{"start":{"line":1138,"column":6},"end":{"line":1172,"column":9}},"417":{"start":{"line":1139,"column":8},"end":{"line":1165,"column":9}},"418":{"start":{"line":1140,"column":10},"end":{"line":1162,"column":11}},"419":{"start":{"line":1140,"column":23},"end":{"line":1140,"column":24}},"420":{"start":{"line":1141,"column":12},"end":{"line":1143,"column":13}},"421":{"start":{"line":1142,"column":14},"end":{"line":1142,"column":34}},"422":{"start":{"line":1145,"column":12},"end":{"line":1149,"column":13}},"423":{"start":{"line":1146,"column":14},"end":{"line":1146,"column":42}},"424":{"start":{"line":1147,"column":19},"end":{"line":1149,"column":13}},"425":{"start":{"line":1148,"column":14},"end":{"line":1148,"column":37}},"426":{"start":{"line":1151,"column":12},"end":{"line":1155,"column":13}},"427":{"start":{"line":1152,"column":14},"end":{"line":1152,"column":42}},"428":{"start":{"line":1153,"column":19},"end":{"line":1155,"column":13}},"429":{"start":{"line":1154,"column":14},"end":{"line":1154,"column":37}},"430":{"start":{"line":1157,"column":12},"end":{"line":1161,"column":13}},"431":{"start":{"line":1158,"column":14},"end":{"line":1158,"column":39}},"432":{"start":{"line":1159,"column":19},"end":{"line":1161,"column":13}},"433":{"start":{"line":1160,"column":14},"end":{"line":1160,"column":34}},"434":{"start":{"line":1164,"column":10},"end":{"line":1164,"column":34}},"435":{"start":{"line":1167,"column":8},"end":{"line":1167,"column":337}},"436":{"start":{"line":1169,"column":8},"end":{"line":1169,"column":41}},"437":{"start":{"line":1171,"column":8},"end":{"line":1171,"column":54}},"438":{"start":{"line":1177,"column":22},"end":{"line":1177,"column":47}},"439":{"start":{"line":1179,"column":4},"end":{"line":1183,"column":7}},"440":{"start":{"line":1180,"column":6},"end":{"line":1182,"column":9}},"441":{"start":{"line":1181,"column":8},"end":{"line":1181,"column":27}},"442":{"start":{"line":1187,"column":22},"end":{"line":1187,"column":48}},"443":{"start":{"line":1189,"column":4},"end":{"line":1193,"column":7}},"444":{"start":{"line":1190,"column":6},"end":{"line":1192,"column":9}},"445":{"start":{"line":1191,"column":8},"end":{"line":1191,"column":32}},"446":{"start":{"line":1197,"column":22},"end":{"line":1197,"column":47}},"447":{"start":{"line":1201,"column":4},"end":{"line":1205,"column":5}},"448":{"start":{"line":1202,"column":6},"end":{"line":1202,"column":36}},"449":{"start":{"line":1204,"column":6},"end":{"line":1204,"column":43}},"450":{"start":{"line":1207,"column":4},"end":{"line":1212,"column":7}},"451":{"start":{"line":1208,"column":6},"end":{"line":1211,"column":9}},"452":{"start":{"line":1209,"column":8},"end":{"line":1209,"column":27}},"453":{"start":{"line":1210,"column":8},"end":{"line":1210,"column":24}},"454":{"start":{"line":1216,"column":22},"end":{"line":1216,"column":47}},"455":{"start":{"line":1218,"column":17},"end":{"line":1218,"column":33}},"456":{"start":{"line":1220,"column":4},"end":{"line":1224,"column":7}},"457":{"start":{"line":1221,"column":6},"end":{"line":1223,"column":9}},"458":{"start":{"line":1222,"column":8},"end":{"line":1222,"column":24}},"459":{"start":{"line":1228,"column":22},"end":{"line":1228,"column":47}},"460":{"start":{"line":1230,"column":17},"end":{"line":1230,"column":75}},"461":{"start":{"line":1232,"column":4},"end":{"line":1253,"column":7}},"462":{"start":{"line":1233,"column":6},"end":{"line":1252,"column":9}},"463":{"start":{"line":1234,"column":8},"end":{"line":1234,"column":27}},"464":{"start":{"line":1235,"column":26},"end":{"line":1235,"column":31}},"465":{"start":{"line":1236,"column":23},"end":{"line":1236,"column":49}},"466":{"start":{"line":1238,"column":34},"end":{"line":1238,"column":128}},"467":{"start":{"line":1239,"column":32},"end":{"line":1239,"column":124}},"468":{"start":{"line":1241,"column":8},"end":{"line":1249,"column":9}},"469":{"start":{"line":1241,"column":21},"end":{"line":1241,"column":22}},"470":{"start":{"line":1242,"column":42},"end":{"line":1242,"column":162}},"471":{"start":{"line":1243,"column":40},"end":{"line":1243,"column":164}},"472":{"start":{"line":1245,"column":10},"end":{"line":1248,"column":11}},"473":{"start":{"line":1246,"column":12},"end":{"line":1246,"column":31}},"474":{"start":{"line":1247,"column":12},"end":{"line":1247,"column":32}},"475":{"start":{"line":1251,"column":8},"end":{"line":1251,"column":29}},"476":{"start":{"line":1262,"column":0},"end":{"line":1262,"column":26}}},"fnMap":{"0":{"name":"(anonymous_0)","decl":{"start":{"line":5,"column":2},"end":{"line":5,"column":3}},"loc":{"start":{"line":5,"column":35},"end":{"line":9,"column":3}},"line":5},"1":{"name":"(anonymous_1)","decl":{"start":{"line":12,"column":2},"end":{"line":12,"column":3}},"loc":{"start":{"line":12,"column":12},"end":{"line":47,"column":3}},"line":12},"2":{"name":"(anonymous_2)","decl":{"start":{"line":13,"column":23},"end":{"line":13,"column":24}},"loc":{"start":{"line":13,"column":44},"end":{"line":46,"column":5}},"line":13},"3":{"name":"(anonymous_3)","decl":{"start":{"line":20,"column":8},"end":{"line":20,"column":9}},"loc":{"start":{"line":20,"column":38},"end":{"line":26,"column":9}},"line":20},"4":{"name":"(anonymous_4)","decl":{"start":{"line":31,"column":42},"end":{"line":31,"column":43}},"loc":{"start":{"line":31,"column":48},"end":{"line":33,"column":7}},"line":31},"5":{"name":"(anonymous_5)","decl":{"start":{"line":36,"column":38},"end":{"line":36,"column":39}},"loc":{"start":{"line":36,"column":49},"end":{"line":38,"column":7}},"line":36},"6":{"name":"(anonymous_6)","decl":{"start":{"line":50,"column":2},"end":{"line":50,"column":3}},"loc":{"start":{"line":50,"column":15},"end":{"line":54,"column":3}},"line":50},"7":{"name":"(anonymous_7)","decl":{"start":{"line":51,"column":30},"end":{"line":51,"column":31}},"loc":{"start":{"line":51,"column":42},"end":{"line":53,"column":5}},"line":51},"8":{"name":"(anonymous_8)","decl":{"start":{"line":66,"column":2},"end":{"line":66,"column":3}},"loc":{"start":{"line":66,"column":70},"end":{"line":92,"column":3}},"line":66},"9":{"name":"(anonymous_9)","decl":{"start":{"line":78,"column":23},"end":{"line":78,"column":24}},"loc":{"start":{"line":78,"column":44},"end":{"line":91,"column":5}},"line":78},"10":{"name":"(anonymous_10)","decl":{"start":{"line":79,"column":19},"end":{"line":79,"column":20}},"loc":{"start":{"line":79,"column":34},"end":{"line":90,"column":7}},"line":79},"11":{"name":"(anonymous_11)","decl":{"start":{"line":106,"column":2},"end":{"line":106,"column":3}},"loc":{"start":{"line":106,"column":105},"end":{"line":118,"column":3}},"line":106},"12":{"name":"(anonymous_12)","decl":{"start":{"line":110,"column":23},"end":{"line":110,"column":24}},"loc":{"start":{"line":110,"column":44},"end":{"line":117,"column":5}},"line":110},"13":{"name":"(anonymous_13)","decl":{"start":{"line":111,"column":54},"end":{"line":111,"column":55}},"loc":{"start":{"line":111,"column":64},"end":{"line":113,"column":7}},"line":111},"14":{"name":"(anonymous_14)","decl":{"start":{"line":114,"column":15},"end":{"line":114,"column":16}},"loc":{"start":{"line":114,"column":30},"end":{"line":116,"column":9}},"line":114},"15":{"name":"(anonymous_15)","decl":{"start":{"line":128,"column":2},"end":{"line":128,"column":3}},"loc":{"start":{"line":128,"column":26},"end":{"line":145,"column":3}},"line":128},"16":{"name":"(anonymous_16)","decl":{"start":{"line":129,"column":23},"end":{"line":129,"column":24}},"loc":{"start":{"line":129,"column":44},"end":{"line":144,"column":5}},"line":129},"17":{"name":"(anonymous_17)","decl":{"start":{"line":131,"column":14},"end":{"line":131,"column":15}},"loc":{"start":{"line":131,"column":27},"end":{"line":141,"column":9}},"line":131},"18":{"name":"(anonymous_18)","decl":{"start":{"line":141,"column":17},"end":{"line":141,"column":18}},"loc":{"start":{"line":141,"column":32},"end":{"line":143,"column":9}},"line":141},"19":{"name":"(anonymous_19)","decl":{"start":{"line":156,"column":2},"end":{"line":156,"column":3}},"loc":{"start":{"line":156,"column":30},"end":{"line":166,"column":3}},"line":156},"20":{"name":"(anonymous_20)","decl":{"start":{"line":157,"column":23},"end":{"line":157,"column":24}},"loc":{"start":{"line":157,"column":44},"end":{"line":165,"column":5}},"line":157},"21":{"name":"(anonymous_21)","decl":{"start":{"line":159,"column":14},"end":{"line":159,"column":15}},"loc":{"start":{"line":159,"column":32},"end":{"line":161,"column":9}},"line":159},"22":{"name":"(anonymous_22)","decl":{"start":{"line":161,"column":17},"end":{"line":161,"column":18}},"loc":{"start":{"line":161,"column":32},"end":{"line":164,"column":9}},"line":161},"23":{"name":"(anonymous_23)","decl":{"start":{"line":176,"column":2},"end":{"line":176,"column":3}},"loc":{"start":{"line":176,"column":31},"end":{"line":189,"column":3}},"line":176},"24":{"name":"(anonymous_24)","decl":{"start":{"line":180,"column":23},"end":{"line":180,"column":24}},"loc":{"start":{"line":180,"column":44},"end":{"line":188,"column":5}},"line":180},"25":{"name":"(anonymous_25)","decl":{"start":{"line":182,"column":14},"end":{"line":182,"column":15}},"loc":{"start":{"line":182,"column":29},"end":{"line":184,"column":9}},"line":182},"26":{"name":"(anonymous_26)","decl":{"start":{"line":184,"column":17},"end":{"line":184,"column":18}},"loc":{"start":{"line":184,"column":32},"end":{"line":187,"column":9}},"line":184},"27":{"name":"(anonymous_27)","decl":{"start":{"line":199,"column":2},"end":{"line":199,"column":3}},"loc":{"start":{"line":199,"column":39},"end":{"line":212,"column":3}},"line":199},"28":{"name":"(anonymous_28)","decl":{"start":{"line":203,"column":23},"end":{"line":203,"column":24}},"loc":{"start":{"line":203,"column":44},"end":{"line":211,"column":5}},"line":203},"29":{"name":"(anonymous_29)","decl":{"start":{"line":205,"column":14},"end":{"line":205,"column":15}},"loc":{"start":{"line":205,"column":32},"end":{"line":207,"column":9}},"line":205},"30":{"name":"(anonymous_30)","decl":{"start":{"line":207,"column":17},"end":{"line":207,"column":18}},"loc":{"start":{"line":207,"column":32},"end":{"line":210,"column":9}},"line":207},"31":{"name":"(anonymous_31)","decl":{"start":{"line":222,"column":2},"end":{"line":222,"column":3}},"loc":{"start":{"line":222,"column":30},"end":{"line":235,"column":3}},"line":222},"32":{"name":"(anonymous_32)","decl":{"start":{"line":226,"column":23},"end":{"line":226,"column":24}},"loc":{"start":{"line":226,"column":44},"end":{"line":234,"column":5}},"line":226},"33":{"name":"(anonymous_33)","decl":{"start":{"line":228,"column":14},"end":{"line":228,"column":15}},"loc":{"start":{"line":228,"column":32},"end":{"line":230,"column":9}},"line":228},"34":{"name":"(anonymous_34)","decl":{"start":{"line":230,"column":17},"end":{"line":230,"column":18}},"loc":{"start":{"line":230,"column":32},"end":{"line":233,"column":9}},"line":230},"35":{"name":"(anonymous_35)","decl":{"start":{"line":245,"column":2},"end":{"line":245,"column":3}},"loc":{"start":{"line":245,"column":52},"end":{"line":258,"column":3}},"line":245},"36":{"name":"(anonymous_36)","decl":{"start":{"line":249,"column":23},"end":{"line":249,"column":24}},"loc":{"start":{"line":249,"column":44},"end":{"line":257,"column":5}},"line":249},"37":{"name":"(anonymous_37)","decl":{"start":{"line":251,"column":14},"end":{"line":251,"column":15}},"loc":{"start":{"line":251,"column":32},"end":{"line":253,"column":9}},"line":251},"38":{"name":"(anonymous_38)","decl":{"start":{"line":253,"column":17},"end":{"line":253,"column":18}},"loc":{"start":{"line":253,"column":32},"end":{"line":256,"column":9}},"line":253},"39":{"name":"(anonymous_39)","decl":{"start":{"line":269,"column":2},"end":{"line":269,"column":3}},"loc":{"start":{"line":269,"column":47},"end":{"line":281,"column":3}},"line":269},"40":{"name":"(anonymous_40)","decl":{"start":{"line":273,"column":23},"end":{"line":273,"column":24}},"loc":{"start":{"line":273,"column":44},"end":{"line":280,"column":5}},"line":273},"41":{"name":"(anonymous_41)","decl":{"start":{"line":274,"column":54},"end":{"line":274,"column":55}},"loc":{"start":{"line":274,"column":64},"end":{"line":276,"column":7}},"line":274},"42":{"name":"(anonymous_42)","decl":{"start":{"line":277,"column":15},"end":{"line":277,"column":16}},"loc":{"start":{"line":277,"column":30},"end":{"line":279,"column":9}},"line":277},"43":{"name":"(anonymous_43)","decl":{"start":{"line":296,"column":2},"end":{"line":296,"column":3}},"loc":{"start":{"line":296,"column":107},"end":{"line":347,"column":3}},"line":296},"44":{"name":"(anonymous_44)","decl":{"start":{"line":317,"column":23},"end":{"line":317,"column":24}},"loc":{"start":{"line":317,"column":44},"end":{"line":346,"column":5}},"line":317},"45":{"name":"(anonymous_45)","decl":{"start":{"line":319,"column":21},"end":{"line":319,"column":22}},"loc":{"start":{"line":319,"column":48},"end":{"line":341,"column":9}},"line":319},"46":{"name":"(anonymous_46)","decl":{"start":{"line":349,"column":2},"end":{"line":349,"column":3}},"loc":{"start":{"line":349,"column":24},"end":{"line":361,"column":3}},"line":349},"47":{"name":"(anonymous_47)","decl":{"start":{"line":353,"column":23},"end":{"line":353,"column":24}},"loc":{"start":{"line":353,"column":44},"end":{"line":360,"column":5}},"line":353},"48":{"name":"(anonymous_48)","decl":{"start":{"line":354,"column":43},"end":{"line":354,"column":44}},"loc":{"start":{"line":354,"column":53},"end":{"line":356,"column":7}},"line":354},"49":{"name":"(anonymous_49)","decl":{"start":{"line":357,"column":15},"end":{"line":357,"column":16}},"loc":{"start":{"line":357,"column":30},"end":{"line":359,"column":9}},"line":357},"50":{"name":"(anonymous_50)","decl":{"start":{"line":377,"column":2},"end":{"line":377,"column":3}},"loc":{"start":{"line":377,"column":242},"end":{"line":406,"column":3}},"line":377},"51":{"name":"(anonymous_51)","decl":{"start":{"line":397,"column":23},"end":{"line":397,"column":24}},"loc":{"start":{"line":397,"column":44},"end":{"line":405,"column":5}},"line":397},"52":{"name":"(anonymous_52)","decl":{"start":{"line":398,"column":29},"end":{"line":398,"column":30}},"loc":{"start":{"line":398,"column":58},"end":{"line":404,"column":7}},"line":398},"53":{"name":"(anonymous_53)","decl":{"start":{"line":421,"column":2},"end":{"line":421,"column":3}},"loc":{"start":{"line":421,"column":230},"end":{"line":465,"column":3}},"line":421},"54":{"name":"(anonymous_54)","decl":{"start":{"line":456,"column":23},"end":{"line":456,"column":24}},"loc":{"start":{"line":456,"column":44},"end":{"line":464,"column":5}},"line":456},"55":{"name":"(anonymous_55)","decl":{"start":{"line":457,"column":29},"end":{"line":457,"column":30}},"loc":{"start":{"line":457,"column":58},"end":{"line":463,"column":7}},"line":457},"56":{"name":"(anonymous_56)","decl":{"start":{"line":477,"column":2},"end":{"line":477,"column":3}},"loc":{"start":{"line":477,"column":78},"end":{"line":493,"column":3}},"line":477},"57":{"name":"(anonymous_57)","decl":{"start":{"line":478,"column":23},"end":{"line":478,"column":24}},"loc":{"start":{"line":478,"column":44},"end":{"line":492,"column":5}},"line":478},"58":{"name":"(anonymous_58)","decl":{"start":{"line":479,"column":104},"end":{"line":479,"column":105}},"loc":{"start":{"line":479,"column":123},"end":{"line":486,"column":7}},"line":479},"59":{"name":"(anonymous_59)","decl":{"start":{"line":487,"column":15},"end":{"line":487,"column":16}},"loc":{"start":{"line":487,"column":30},"end":{"line":491,"column":9}},"line":487},"60":{"name":"(anonymous_60)","decl":{"start":{"line":504,"column":2},"end":{"line":504,"column":3}},"loc":{"start":{"line":504,"column":62},"end":{"line":569,"column":3}},"line":504},"61":{"name":"(anonymous_61)","decl":{"start":{"line":520,"column":27},"end":{"line":520,"column":28}},"loc":{"start":{"line":520,"column":48},"end":{"line":547,"column":9}},"line":520},"62":{"name":"(anonymous_62)","decl":{"start":{"line":522,"column":89},"end":{"line":522,"column":90}},"loc":{"start":{"line":522,"column":108},"end":{"line":543,"column":11}},"line":522},"63":{"name":"(anonymous_63)","decl":{"start":{"line":533,"column":51},"end":{"line":533,"column":52}},"loc":{"start":{"line":533,"column":67},"end":{"line":537,"column":17}},"line":533},"64":{"name":"(anonymous_64)","decl":{"start":{"line":544,"column":19},"end":{"line":544,"column":20}},"loc":{"start":{"line":544,"column":34},"end":{"line":546,"column":13}},"line":544},"65":{"name":"(anonymous_65)","decl":{"start":{"line":555,"column":25},"end":{"line":555,"column":26}},"loc":{"start":{"line":555,"column":46},"end":{"line":567,"column":7}},"line":555},"66":{"name":"(anonymous_66)","decl":{"start":{"line":556,"column":87},"end":{"line":556,"column":88}},"loc":{"start":{"line":556,"column":106},"end":{"line":563,"column":9}},"line":556},"67":{"name":"(anonymous_67)","decl":{"start":{"line":564,"column":17},"end":{"line":564,"column":18}},"loc":{"start":{"line":564,"column":32},"end":{"line":566,"column":11}},"line":564},"68":{"name":"(anonymous_68)","decl":{"start":{"line":579,"column":2},"end":{"line":579,"column":3}},"loc":{"start":{"line":579,"column":48},"end":{"line":594,"column":3}},"line":579},"69":{"name":"(anonymous_69)","decl":{"start":{"line":583,"column":23},"end":{"line":583,"column":24}},"loc":{"start":{"line":583,"column":44},"end":{"line":593,"column":5}},"line":583},"70":{"name":"(anonymous_70)","decl":{"start":{"line":584,"column":63},"end":{"line":584,"column":64}},"loc":{"start":{"line":584,"column":74},"end":{"line":590,"column":7}},"line":584},"71":{"name":"(anonymous_71)","decl":{"start":{"line":590,"column":15},"end":{"line":590,"column":16}},"loc":{"start":{"line":590,"column":30},"end":{"line":592,"column":7}},"line":590},"72":{"name":"(anonymous_72)","decl":{"start":{"line":597,"column":2},"end":{"line":597,"column":3}},"loc":{"start":{"line":597,"column":40},"end":{"line":614,"column":3}},"line":597},"73":{"name":"(anonymous_73)","decl":{"start":{"line":601,"column":23},"end":{"line":601,"column":24}},"loc":{"start":{"line":601,"column":44},"end":{"line":613,"column":5}},"line":601},"74":{"name":"(anonymous_74)","decl":{"start":{"line":602,"column":63},"end":{"line":602,"column":64}},"loc":{"start":{"line":602,"column":74},"end":{"line":608,"column":7}},"line":602},"75":{"name":"(anonymous_75)","decl":{"start":{"line":609,"column":15},"end":{"line":609,"column":16}},"loc":{"start":{"line":609,"column":30},"end":{"line":612,"column":9}},"line":609},"76":{"name":"(anonymous_76)","decl":{"start":{"line":617,"column":2},"end":{"line":617,"column":3}},"loc":{"start":{"line":617,"column":40},"end":{"line":634,"column":3}},"line":617},"77":{"name":"(anonymous_77)","decl":{"start":{"line":621,"column":23},"end":{"line":621,"column":24}},"loc":{"start":{"line":621,"column":44},"end":{"line":633,"column":5}},"line":621},"78":{"name":"(anonymous_78)","decl":{"start":{"line":622,"column":63},"end":{"line":622,"column":64}},"loc":{"start":{"line":622,"column":74},"end":{"line":628,"column":7}},"line":622},"79":{"name":"(anonymous_79)","decl":{"start":{"line":629,"column":15},"end":{"line":629,"column":16}},"loc":{"start":{"line":629,"column":30},"end":{"line":632,"column":9}},"line":629},"80":{"name":"(anonymous_80)","decl":{"start":{"line":644,"column":2},"end":{"line":644,"column":3}},"loc":{"start":{"line":644,"column":51},"end":{"line":658,"column":3}},"line":644},"81":{"name":"(anonymous_81)","decl":{"start":{"line":650,"column":23},"end":{"line":650,"column":24}},"loc":{"start":{"line":650,"column":44},"end":{"line":657,"column":5}},"line":650},"82":{"name":"(anonymous_82)","decl":{"start":{"line":651,"column":68},"end":{"line":651,"column":69}},"loc":{"start":{"line":651,"column":78},"end":{"line":653,"column":7}},"line":651},"83":{"name":"(anonymous_83)","decl":{"start":{"line":654,"column":15},"end":{"line":654,"column":16}},"loc":{"start":{"line":654,"column":30},"end":{"line":656,"column":9}},"line":654},"84":{"name":"(anonymous_84)","decl":{"start":{"line":660,"column":2},"end":{"line":660,"column":3}},"loc":{"start":{"line":660,"column":74},"end":{"line":693,"column":3}},"line":660},"85":{"name":"(anonymous_85)","decl":{"start":{"line":679,"column":27},"end":{"line":679,"column":28}},"loc":{"start":{"line":679,"column":48},"end":{"line":686,"column":9}},"line":679},"86":{"name":"(anonymous_86)","decl":{"start":{"line":680,"column":73},"end":{"line":680,"column":74}},"loc":{"start":{"line":680,"column":89},"end":{"line":685,"column":11}},"line":680},"87":{"name":"(anonymous_87)","decl":{"start":{"line":695,"column":2},"end":{"line":695,"column":3}},"loc":{"start":{"line":695,"column":36},"end":{"line":803,"column":3}},"line":695},"88":{"name":"(anonymous_88)","decl":{"start":{"line":700,"column":25},"end":{"line":700,"column":26}},"loc":{"start":{"line":700,"column":46},"end":{"line":709,"column":7}},"line":700},"89":{"name":"(anonymous_89)","decl":{"start":{"line":701,"column":79},"end":{"line":701,"column":80}},"loc":{"start":{"line":701,"column":95},"end":{"line":708,"column":9}},"line":701},"90":{"name":"(anonymous_90)","decl":{"start":{"line":712,"column":25},"end":{"line":712,"column":26}},"loc":{"start":{"line":712,"column":46},"end":{"line":729,"column":7}},"line":712},"91":{"name":"(anonymous_91)","decl":{"start":{"line":714,"column":79},"end":{"line":714,"column":80}},"loc":{"start":{"line":714,"column":95},"end":{"line":728,"column":9}},"line":714},"92":{"name":"(anonymous_92)","decl":{"start":{"line":719,"column":115},"end":{"line":719,"column":116}},"loc":{"start":{"line":719,"column":131},"end":{"line":726,"column":13}},"line":719},"93":{"name":"(anonymous_93)","decl":{"start":{"line":731,"column":25},"end":{"line":731,"column":26}},"loc":{"start":{"line":731,"column":46},"end":{"line":748,"column":7}},"line":731},"94":{"name":"(anonymous_94)","decl":{"start":{"line":733,"column":79},"end":{"line":733,"column":80}},"loc":{"start":{"line":733,"column":95},"end":{"line":747,"column":9}},"line":733},"95":{"name":"(anonymous_95)","decl":{"start":{"line":738,"column":144},"end":{"line":738,"column":145}},"loc":{"start":{"line":738,"column":160},"end":{"line":745,"column":13}},"line":738},"96":{"name":"(anonymous_96)","decl":{"start":{"line":751,"column":25},"end":{"line":751,"column":26}},"loc":{"start":{"line":751,"column":46},"end":{"line":768,"column":7}},"line":751},"97":{"name":"(anonymous_97)","decl":{"start":{"line":753,"column":79},"end":{"line":753,"column":80}},"loc":{"start":{"line":753,"column":95},"end":{"line":767,"column":9}},"line":753},"98":{"name":"(anonymous_98)","decl":{"start":{"line":758,"column":177},"end":{"line":758,"column":178}},"loc":{"start":{"line":758,"column":193},"end":{"line":765,"column":13}},"line":758},"99":{"name":"(anonymous_99)","decl":{"start":{"line":771,"column":25},"end":{"line":771,"column":26}},"loc":{"start":{"line":771,"column":46},"end":{"line":788,"column":7}},"line":771},"100":{"name":"(anonymous_100)","decl":{"start":{"line":773,"column":79},"end":{"line":773,"column":80}},"loc":{"start":{"line":773,"column":95},"end":{"line":787,"column":9}},"line":773},"101":{"name":"(anonymous_101)","decl":{"start":{"line":778,"column":176},"end":{"line":778,"column":177}},"loc":{"start":{"line":778,"column":192},"end":{"line":785,"column":13}},"line":778},"102":{"name":"(anonymous_102)","decl":{"start":{"line":791,"column":25},"end":{"line":791,"column":26}},"loc":{"start":{"line":791,"column":46},"end":{"line":801,"column":7}},"line":791},"103":{"name":"(anonymous_103)","decl":{"start":{"line":793,"column":90},"end":{"line":793,"column":91}},"loc":{"start":{"line":793,"column":106},"end":{"line":800,"column":9}},"line":793},"104":{"name":"(anonymous_104)","decl":{"start":{"line":805,"column":2},"end":{"line":805,"column":3}},"loc":{"start":{"line":805,"column":27},"end":{"line":825,"column":3}},"line":805},"105":{"name":"(anonymous_105)","decl":{"start":{"line":808,"column":23},"end":{"line":808,"column":24}},"loc":{"start":{"line":808,"column":44},"end":{"line":824,"column":5}},"line":808},"106":{"name":"(anonymous_106)","decl":{"start":{"line":809,"column":47},"end":{"line":809,"column":48}},"loc":{"start":{"line":809,"column":57},"end":{"line":819,"column":7}},"line":809},"107":{"name":"(anonymous_107)","decl":{"start":{"line":820,"column":15},"end":{"line":820,"column":16}},"loc":{"start":{"line":820,"column":30},"end":{"line":823,"column":9}},"line":820},"108":{"name":"(anonymous_108)","decl":{"start":{"line":827,"column":2},"end":{"line":827,"column":3}},"loc":{"start":{"line":827,"column":10},"end":{"line":839,"column":3}},"line":827},"109":{"name":"(anonymous_109)","decl":{"start":{"line":831,"column":23},"end":{"line":831,"column":24}},"loc":{"start":{"line":831,"column":44},"end":{"line":838,"column":5}},"line":831},"110":{"name":"(anonymous_110)","decl":{"start":{"line":832,"column":36},"end":{"line":832,"column":37}},"loc":{"start":{"line":832,"column":46},"end":{"line":837,"column":7}},"line":832},"111":{"name":"(anonymous_111)","decl":{"start":{"line":834,"column":16},"end":{"line":834,"column":17}},"loc":{"start":{"line":834,"column":34},"end":{"line":836,"column":11}},"line":834},"112":{"name":"(anonymous_112)","decl":{"start":{"line":843,"column":2},"end":{"line":843,"column":3}},"loc":{"start":{"line":843,"column":55},"end":{"line":851,"column":3}},"line":843},"113":{"name":"(anonymous_113)","decl":{"start":{"line":846,"column":23},"end":{"line":846,"column":24}},"loc":{"start":{"line":846,"column":44},"end":{"line":850,"column":5}},"line":846},"114":{"name":"(anonymous_114)","decl":{"start":{"line":847,"column":69},"end":{"line":847,"column":70}},"loc":{"start":{"line":847,"column":80},"end":{"line":849,"column":7}},"line":847},"115":{"name":"(anonymous_115)","decl":{"start":{"line":854,"column":2},"end":{"line":854,"column":3}},"loc":{"start":{"line":854,"column":41},"end":{"line":866,"column":3}},"line":854},"116":{"name":"(anonymous_116)","decl":{"start":{"line":858,"column":23},"end":{"line":858,"column":24}},"loc":{"start":{"line":858,"column":44},"end":{"line":865,"column":5}},"line":858},"117":{"name":"(anonymous_117)","decl":{"start":{"line":859,"column":52},"end":{"line":859,"column":53}},"loc":{"start":{"line":859,"column":62},"end":{"line":864,"column":7}},"line":859},"118":{"name":"(anonymous_118)","decl":{"start":{"line":937,"column":2},"end":{"line":937,"column":3}},"loc":{"start":{"line":937,"column":82},"end":{"line":948,"column":3}},"line":937},"119":{"name":"(anonymous_119)","decl":{"start":{"line":943,"column":23},"end":{"line":943,"column":24}},"loc":{"start":{"line":943,"column":50},"end":{"line":947,"column":5}},"line":943},"120":{"name":"(anonymous_120)","decl":{"start":{"line":944,"column":69},"end":{"line":944,"column":70}},"loc":{"start":{"line":944,"column":79},"end":{"line":946,"column":7}},"line":944},"121":{"name":"(anonymous_121)","decl":{"start":{"line":950,"column":2},"end":{"line":950,"column":3}},"loc":{"start":{"line":950,"column":74},"end":{"line":961,"column":3}},"line":950},"122":{"name":"(anonymous_122)","decl":{"start":{"line":956,"column":23},"end":{"line":956,"column":24}},"loc":{"start":{"line":956,"column":44},"end":{"line":960,"column":5}},"line":956},"123":{"name":"(anonymous_123)","decl":{"start":{"line":957,"column":69},"end":{"line":957,"column":70}},"loc":{"start":{"line":957,"column":79},"end":{"line":959,"column":7}},"line":957},"124":{"name":"(anonymous_124)","decl":{"start":{"line":963,"column":2},"end":{"line":963,"column":3}},"loc":{"start":{"line":963,"column":35},"end":{"line":992,"column":3}},"line":963},"125":{"name":"(anonymous_125)","decl":{"start":{"line":979,"column":23},"end":{"line":979,"column":24}},"loc":{"start":{"line":979,"column":44},"end":{"line":991,"column":5}},"line":979},"126":{"name":"(anonymous_126)","decl":{"start":{"line":980,"column":69},"end":{"line":980,"column":70}},"loc":{"start":{"line":980,"column":87},"end":{"line":990,"column":7}},"line":980},"127":{"name":"(anonymous_127)","decl":{"start":{"line":994,"column":2},"end":{"line":994,"column":3}},"loc":{"start":{"line":994,"column":29},"end":{"line":1007,"column":3}},"line":994},"128":{"name":"(anonymous_128)","decl":{"start":{"line":999,"column":23},"end":{"line":999,"column":24}},"loc":{"start":{"line":999,"column":44},"end":{"line":1006,"column":5}},"line":999},"129":{"name":"(anonymous_129)","decl":{"start":{"line":1000,"column":55},"end":{"line":1000,"column":56}},"loc":{"start":{"line":1000,"column":65},"end":{"line":1002,"column":7}},"line":1000},"130":{"name":"(anonymous_130)","decl":{"start":{"line":1003,"column":15},"end":{"line":1003,"column":16}},"loc":{"start":{"line":1003,"column":30},"end":{"line":1005,"column":9}},"line":1003},"131":{"name":"(anonymous_131)","decl":{"start":{"line":1011,"column":2},"end":{"line":1011,"column":3}},"loc":{"start":{"line":1011,"column":28},"end":{"line":1029,"column":3}},"line":1011},"132":{"name":"(anonymous_132)","decl":{"start":{"line":1012,"column":23},"end":{"line":1012,"column":24}},"loc":{"start":{"line":1012,"column":44},"end":{"line":1028,"column":5}},"line":1012},"133":{"name":"(anonymous_133)","decl":{"start":{"line":1014,"column":14},"end":{"line":1014,"column":15}},"loc":{"start":{"line":1014,"column":27},"end":{"line":1025,"column":9}},"line":1014},"134":{"name":"(anonymous_134)","decl":{"start":{"line":1025,"column":17},"end":{"line":1025,"column":18}},"loc":{"start":{"line":1025,"column":32},"end":{"line":1027,"column":9}},"line":1025},"135":{"name":"(anonymous_135)","decl":{"start":{"line":1031,"column":2},"end":{"line":1031,"column":3}},"loc":{"start":{"line":1031,"column":26},"end":{"line":1046,"column":3}},"line":1031},"136":{"name":"(anonymous_136)","decl":{"start":{"line":1036,"column":23},"end":{"line":1036,"column":24}},"loc":{"start":{"line":1036,"column":44},"end":{"line":1045,"column":5}},"line":1036},"137":{"name":"(anonymous_137)","decl":{"start":{"line":1037,"column":89},"end":{"line":1037,"column":90}},"loc":{"start":{"line":1037,"column":99},"end":{"line":1040,"column":7}},"line":1037},"138":{"name":"(anonymous_138)","decl":{"start":{"line":1041,"column":15},"end":{"line":1041,"column":16}},"loc":{"start":{"line":1041,"column":30},"end":{"line":1044,"column":9}},"line":1041},"139":{"name":"(anonymous_139)","decl":{"start":{"line":1049,"column":2},"end":{"line":1049,"column":3}},"loc":{"start":{"line":1049,"column":27},"end":{"line":1062,"column":3}},"line":1049},"140":{"name":"(anonymous_140)","decl":{"start":{"line":1054,"column":23},"end":{"line":1054,"column":24}},"loc":{"start":{"line":1054,"column":44},"end":{"line":1061,"column":5}},"line":1054},"141":{"name":"(anonymous_141)","decl":{"start":{"line":1055,"column":111},"end":{"line":1055,"column":112}},"loc":{"start":{"line":1055,"column":121},"end":{"line":1057,"column":7}},"line":1055},"142":{"name":"(anonymous_142)","decl":{"start":{"line":1058,"column":15},"end":{"line":1058,"column":16}},"loc":{"start":{"line":1058,"column":30},"end":{"line":1060,"column":9}},"line":1058},"143":{"name":"(anonymous_143)","decl":{"start":{"line":1065,"column":2},"end":{"line":1065,"column":3}},"loc":{"start":{"line":1065,"column":67},"end":{"line":1076,"column":3}},"line":1065},"144":{"name":"(anonymous_144)","decl":{"start":{"line":1068,"column":23},"end":{"line":1068,"column":24}},"loc":{"start":{"line":1068,"column":44},"end":{"line":1075,"column":5}},"line":1068},"145":{"name":"(anonymous_145)","decl":{"start":{"line":1069,"column":149},"end":{"line":1069,"column":150}},"loc":{"start":{"line":1069,"column":159},"end":{"line":1071,"column":7}},"line":1069},"146":{"name":"(anonymous_146)","decl":{"start":{"line":1072,"column":15},"end":{"line":1072,"column":16}},"loc":{"start":{"line":1072,"column":30},"end":{"line":1074,"column":9}},"line":1072},"147":{"name":"(anonymous_147)","decl":{"start":{"line":1078,"column":2},"end":{"line":1078,"column":3}},"loc":{"start":{"line":1078,"column":40},"end":{"line":1093,"column":3}},"line":1078},"148":{"name":"(anonymous_148)","decl":{"start":{"line":1082,"column":23},"end":{"line":1082,"column":24}},"loc":{"start":{"line":1082,"column":44},"end":{"line":1091,"column":5}},"line":1082},"149":{"name":"(anonymous_149)","decl":{"start":{"line":1084,"column":54},"end":{"line":1084,"column":55}},"loc":{"start":{"line":1084,"column":64},"end":{"line":1087,"column":7}},"line":1084},"150":{"name":"(anonymous_150)","decl":{"start":{"line":1088,"column":15},"end":{"line":1088,"column":16}},"loc":{"start":{"line":1088,"column":30},"end":{"line":1090,"column":9}},"line":1088},"151":{"name":"(anonymous_151)","decl":{"start":{"line":1096,"column":2},"end":{"line":1096,"column":3}},"loc":{"start":{"line":1096,"column":41},"end":{"line":1118,"column":3}},"line":1096},"152":{"name":"(anonymous_152)","decl":{"start":{"line":1105,"column":25},"end":{"line":1105,"column":26}},"loc":{"start":{"line":1105,"column":46},"end":{"line":1111,"column":7}},"line":1105},"153":{"name":"(anonymous_153)","decl":{"start":{"line":1106,"column":56},"end":{"line":1106,"column":57}},"loc":{"start":{"line":1106,"column":66},"end":{"line":1108,"column":9}},"line":1106},"154":{"name":"(anonymous_154)","decl":{"start":{"line":1108,"column":17},"end":{"line":1108,"column":18}},"loc":{"start":{"line":1108,"column":32},"end":{"line":1110,"column":9}},"line":1108},"155":{"name":"(anonymous_155)","decl":{"start":{"line":1113,"column":25},"end":{"line":1113,"column":26}},"loc":{"start":{"line":1113,"column":46},"end":{"line":1115,"column":7}},"line":1113},"156":{"name":"(anonymous_156)","decl":{"start":{"line":1122,"column":2},"end":{"line":1122,"column":3}},"loc":{"start":{"line":1122,"column":32},"end":{"line":1174,"column":3}},"line":1122},"157":{"name":"(anonymous_157)","decl":{"start":{"line":1125,"column":23},"end":{"line":1125,"column":24}},"loc":{"start":{"line":1125,"column":44},"end":{"line":1173,"column":5}},"line":1125},"158":{"name":"(anonymous_158)","decl":{"start":{"line":1138,"column":88},"end":{"line":1138,"column":89}},"loc":{"start":{"line":1138,"column":99},"end":{"line":1170,"column":7}},"line":1138},"159":{"name":"(anonymous_159)","decl":{"start":{"line":1170,"column":15},"end":{"line":1170,"column":16}},"loc":{"start":{"line":1170,"column":30},"end":{"line":1172,"column":7}},"line":1170},"160":{"name":"(anonymous_160)","decl":{"start":{"line":1176,"column":2},"end":{"line":1176,"column":3}},"loc":{"start":{"line":1176,"column":33},"end":{"line":1184,"column":3}},"line":1176},"161":{"name":"(anonymous_161)","decl":{"start":{"line":1179,"column":23},"end":{"line":1179,"column":24}},"loc":{"start":{"line":1179,"column":44},"end":{"line":1183,"column":5}},"line":1179},"162":{"name":"(anonymous_162)","decl":{"start":{"line":1180,"column":49},"end":{"line":1180,"column":50}},"loc":{"start":{"line":1180,"column":67},"end":{"line":1182,"column":7}},"line":1180},"163":{"name":"(anonymous_163)","decl":{"start":{"line":1186,"column":2},"end":{"line":1186,"column":3}},"loc":{"start":{"line":1186,"column":27},"end":{"line":1194,"column":3}},"line":1186},"164":{"name":"(anonymous_164)","decl":{"start":{"line":1189,"column":23},"end":{"line":1189,"column":24}},"loc":{"start":{"line":1189,"column":44},"end":{"line":1193,"column":5}},"line":1189},"165":{"name":"(anonymous_165)","decl":{"start":{"line":1190,"column":54},"end":{"line":1190,"column":55}},"loc":{"start":{"line":1190,"column":72},"end":{"line":1192,"column":7}},"line":1190},"166":{"name":"(anonymous_166)","decl":{"start":{"line":1196,"column":2},"end":{"line":1196,"column":3}},"loc":{"start":{"line":1196,"column":30},"end":{"line":1213,"column":3}},"line":1196},"167":{"name":"(anonymous_167)","decl":{"start":{"line":1207,"column":23},"end":{"line":1207,"column":24}},"loc":{"start":{"line":1207,"column":44},"end":{"line":1212,"column":5}},"line":1207},"168":{"name":"(anonymous_168)","decl":{"start":{"line":1208,"column":34},"end":{"line":1208,"column":35}},"loc":{"start":{"line":1208,"column":44},"end":{"line":1211,"column":7}},"line":1208},"169":{"name":"(anonymous_169)","decl":{"start":{"line":1215,"column":2},"end":{"line":1215,"column":3}},"loc":{"start":{"line":1215,"column":31},"end":{"line":1225,"column":3}},"line":1215},"170":{"name":"(anonymous_170)","decl":{"start":{"line":1220,"column":23},"end":{"line":1220,"column":24}},"loc":{"start":{"line":1220,"column":44},"end":{"line":1224,"column":5}},"line":1220},"171":{"name":"(anonymous_171)","decl":{"start":{"line":1221,"column":69},"end":{"line":1221,"column":70}},"loc":{"start":{"line":1221,"column":79},"end":{"line":1223,"column":7}},"line":1221},"172":{"name":"(anonymous_172)","decl":{"start":{"line":1227,"column":2},"end":{"line":1227,"column":3}},"loc":{"start":{"line":1227,"column":60},"end":{"line":1254,"column":3}},"line":1227},"173":{"name":"(anonymous_173)","decl":{"start":{"line":1232,"column":23},"end":{"line":1232,"column":24}},"loc":{"start":{"line":1232,"column":44},"end":{"line":1253,"column":5}},"line":1232},"174":{"name":"(anonymous_174)","decl":{"start":{"line":1233,"column":34},"end":{"line":1233,"column":35}},"loc":{"start":{"line":1233,"column":44},"end":{"line":1252,"column":7}},"line":1233}},"branchMap":{"0":{"loc":{"start":{"line":21,"column":10},"end":{"line":21,"column":48}},"type":"if","locations":[{"start":{"line":21,"column":10},"end":{"line":21,"column":48}},{"start":{"line":21,"column":10},"end":{"line":21,"column":48}}],"line":21},"1":{"loc":{"start":{"line":23,"column":18},"end":{"line":25,"column":23}},"type":"cond-expr","locations":[{"start":{"line":24,"column":14},"end":{"line":24,"column":61}},{"start":{"line":25,"column":14},"end":{"line":25,"column":23}}],"line":23},"2":{"loc":{"start":{"line":80,"column":8},"end":{"line":89,"column":9}},"type":"if","locations":[{"start":{"line":80,"column":8},"end":{"line":89,"column":9}},{"start":{"line":80,"column":8},"end":{"line":89,"column":9}}],"line":80},"3":{"loc":{"start":{"line":132,"column":10},"end":{"line":140,"column":11}},"type":"if","locations":[{"start":{"line":132,"column":10},"end":{"line":140,"column":11}},{"start":{"line":132,"column":10},"end":{"line":140,"column":11}}],"line":132},"4":{"loc":{"start":{"line":135,"column":12},"end":{"line":139,"column":13}},"type":"if","locations":[{"start":{"line":135,"column":12},"end":{"line":139,"column":13}},{"start":{"line":135,"column":12},"end":{"line":139,"column":13}}],"line":135},"5":{"loc":{"start":{"line":321,"column":10},"end":{"line":340,"column":11}},"type":"if","locations":[{"start":{"line":321,"column":10},"end":{"line":340,"column":11}},{"start":{"line":321,"column":10},"end":{"line":340,"column":11}}],"line":321},"6":{"loc":{"start":{"line":328,"column":12},"end":{"line":339,"column":13}},"type":"if","locations":[{"start":{"line":328,"column":12},"end":{"line":339,"column":13}},{"start":{"line":328,"column":12},"end":{"line":339,"column":13}}],"line":328},"7":{"loc":{"start":{"line":332,"column":14},"end":{"line":336,"column":15}},"type":"if","locations":[{"start":{"line":332,"column":14},"end":{"line":336,"column":15}},{"start":{"line":332,"column":14},"end":{"line":336,"column":15}}],"line":332},"8":{"loc":{"start":{"line":377,"column":143},"end":{"line":377,"column":240}},"type":"default-arg","locations":[{"start":{"line":377,"column":157},"end":{"line":377,"column":240}}],"line":377},"9":{"loc":{"start":{"line":399,"column":8},"end":{"line":403,"column":9}},"type":"if","locations":[{"start":{"line":399,"column":8},"end":{"line":403,"column":9}},{"start":{"line":399,"column":8},"end":{"line":403,"column":9}}],"line":399},"10":{"loc":{"start":{"line":421,"column":68},"end":{"line":421,"column":84}},"type":"default-arg","locations":[{"start":{"line":421,"column":82},"end":{"line":421,"column":84}}],"line":421},"11":{"loc":{"start":{"line":421,"column":105},"end":{"line":421,"column":129}},"type":"default-arg","locations":[{"start":{"line":421,"column":125},"end":{"line":421,"column":129}}],"line":421},"12":{"loc":{"start":{"line":421,"column":131},"end":{"line":421,"column":228}},"type":"default-arg","locations":[{"start":{"line":421,"column":145},"end":{"line":421,"column":228}}],"line":421},"13":{"loc":{"start":{"line":431,"column":4},"end":{"line":440,"column":5}},"type":"if","locations":[{"start":{"line":431,"column":4},"end":{"line":440,"column":5}},{"start":{"line":431,"column":4},"end":{"line":440,"column":5}}],"line":431},"14":{"loc":{"start":{"line":436,"column":6},"end":{"line":438,"column":7}},"type":"if","locations":[{"start":{"line":436,"column":6},"end":{"line":438,"column":7}},{"start":{"line":436,"column":6},"end":{"line":438,"column":7}}],"line":436},"15":{"loc":{"start":{"line":443,"column":4},"end":{"line":445,"column":5}},"type":"if","locations":[{"start":{"line":443,"column":4},"end":{"line":445,"column":5}},{"start":{"line":443,"column":4},"end":{"line":445,"column":5}}],"line":443},"16":{"loc":{"start":{"line":458,"column":8},"end":{"line":462,"column":9}},"type":"if","locations":[{"start":{"line":458,"column":8},"end":{"line":462,"column":9}},{"start":{"line":458,"column":8},"end":{"line":462,"column":9}}],"line":458},"17":{"loc":{"start":{"line":480,"column":8},"end":{"line":484,"column":9}},"type":"if","locations":[{"start":{"line":480,"column":8},"end":{"line":484,"column":9}},{"start":{"line":480,"column":8},"end":{"line":484,"column":9}}],"line":480},"18":{"loc":{"start":{"line":508,"column":4},"end":{"line":568,"column":5}},"type":"if","locations":[{"start":{"line":508,"column":4},"end":{"line":568,"column":5}},{"start":{"line":508,"column":4},"end":{"line":568,"column":5}}],"line":508},"19":{"loc":{"start":{"line":517,"column":6},"end":{"line":550,"column":7}},"type":"if","locations":[{"start":{"line":517,"column":6},"end":{"line":550,"column":7}},{"start":{"line":517,"column":6},"end":{"line":550,"column":7}}],"line":517},"20":{"loc":{"start":{"line":524,"column":12},"end":{"line":541,"column":13}},"type":"if","locations":[{"start":{"line":524,"column":12},"end":{"line":541,"column":13}},{"start":{"line":524,"column":12},"end":{"line":541,"column":13}}],"line":524},"21":{"loc":{"start":{"line":524,"column":16},"end":{"line":524
[...]
7":1,"18":1,"19":1,"20":1,"21":1},"f":{"0":1,"1":1,"2":1,"3":1,"4":1,"5":1},"b":{},"_coverageSchema":"43e27e138ebf9cfc5966b082cf9a028302ed4184","hash":"b594e1af486ae87a54932456ce0efdbee3840b73","contentHash":"18deb1dfeb683fbedd3808c86ec42430ff9c0b9daafe6de41561100a62192457"},"E:\\Computing Level 8\\DK821 Year 4\\Semester 1\\Team Project\\Code\\Service_Loop_Server\\services\\registration\\create_p12_certificate.js":{"path":"E:\\Computing Level 8\\DK821 Year 4\\Semester 1\\Team Project\\Code\\Service_Loop_Server\\services\\registration\\create_p12_certificate.js","statementMap":{"0":{"start":{"line":14,"column":30},"end":{"line":63,"column":1}},"1":{"start":{"line":17,"column":4},"end":{"line":62,"column":5}},"2":{"start":{"line":24,"column":22},"end":{"line":24,"column":27}},"3":{"start":{"line":28,"column":18},"end":{"line":28,"column":61}},"4":{"start":{"line":29,"column":25},"end":{"line":43,"column":9}},"5":{"start":{"line":46,"column":8},"end":{"line":51,"column":11}},"6":{"start":{"line":47,"column":12},"end":{"line":47,"column":27}},"7":{"start":{"line":49,"column":12},"end":{"line":49,"column":28}},"8":{"start":{"line":50,"column":12},"end":{"line":50,"column":32}},"9":{"start":{"line":53,"column":8},"end":{"line":58,"column":9}},"10":{"start":{"line":54,"column":12},"end":{"line":54,"column":52}},"11":{"start":{"line":57,"column":12},"end":{"line":57,"column":58}},"12":{"start":{"line":61,"column":8},"end":{"line":61,"column":27}},"13":{"start":{"line":65,"column":0},"end":{"line":65,"column":58}}},"fnMap":{"0":{"name":"create_user_certificate","decl":{"start":{"line":14,"column":45},"end":{"line":14,"column":68}},"loc":{"start":{"line":14,"column":134},"end":{"line":63,"column":1}},"line":14},"1":{"name":"(anonymous_1)","decl":{"start":{"line":46,"column":35},"end":{"line":46,"column":36}},"loc":{"start":{"line":46,"column":65},"end":{"line":48,"column":9}},"line":46},"2":{"name":"(anonymous_2)","decl":{"start":{"line":48,"column":16},"end":{"line":48,"column":17}},"loc":{"start":{"line":48,"column":25},"end":{"line":51,"column":9}},"line":48}},"branchMap":{"0":{"loc":{"start":{"line":53,"column":8},"end":{"line":58,"column":9}},"type":"if","locations":[{"start":{"line":53,"column":8},"end":{"line":58,"column":9}},{"start":{"line":53,"column":8},"end":{"line":58,"column":9}}],"line":53}},"s":{"0":1,"1":3,"2":3,"3":3,"4":3,"5":3,"6":2,"7":1,"8":1,"9":2,"10":2,"11":0,"12":1,"13":1},"f":{"0":3,"1":2,"2":1},"b":{"0":[2,0]},"_coverageSchema":"43e27e138ebf9cfc5966b082cf9a028302ed4184","hash":"76c459d852d6e4af56046f19e84729320c57c7cc","contentHash":"f2ece9e130576d4d73d510b1718bc5bde5ea57b884204a373f7dc1afa3e329eb"},"E:\\Computing Level 8\\DK821 Year 4\\Semester 1\\Team Project\\Code\\Service_Loop_Server\\spec\\Request_Tutorial_Spec.js":{"path":"E:\\Computing Level 8\\DK821 Year 4\\Semester 1\\Team Project\\Code\\Service_Loop_Server\\spec\\Request_Tutorial_Spec.js","statementMap":{"0":{"start":{"line":1,"column":15},"end":{"line":1,"column":46}},"1":{"start":{"line":2,"column":28},"end":{"line":2,"column":93}},"2":{"start":{"line":3,"column":0},"end":{"line":3,"column":30}},"3":{"start":{"line":5,"column":0},"end":{"line":17,"column":3}},"4":{"start":{"line":6,"column":4},"end":{"line":8,"column":7}},"5":{"start":{"line":7,"column":8},"end":{"line":7,"column":48}},"6":{"start":{"line":10,"column":4},"end":{"line":16,"column":7}},"7":{"start":{"line":11,"column":35},"end":{"line":11,"column":227}},"8":{"start":{"line":12,"column":8},"end":{"line":12,"column":82}},"9":{"start":{"line":14,"column":8},"end":{"line":14,"column":86}},"10":{"start":{"line":15,"column":8},"end":{"line":15,"column":15}}},"fnMap":{"0":{"name":"(anonymous_0)","decl":{"start":{"line":5,"column":31},"end":{"line":5,"column":32}},"loc":{"start":{"line":5,"column":43},"end":{"line":17,"column":1}},"line":5},"1":{"name":"(anonymous_1)","decl":{"start":{"line":6,"column":15},"end":{"line":6,"column":16}},"loc":{"start":{"line":6,"column":27},"end":{"line":8,"column":5}},"line":6},"2":{"name":"(anonymous_2)","decl":{"start":{"line":10,"column":55},"end":{"line":10,"column":56}},"loc":{"start":{"line":10,"column":77},"end":{"line":16,"column":5}},"line":10}},"branchMap":{},"s":{"0":1,"1":1,"2":1,"3":1,"4":1,"5":1,"6":1,"7":1,"8":1,"9":1,"10":1},"f":{"0":1,"1":1,"2":1},"b":{},"_coverageSchema":"43e27e138ebf9cfc5966b082cf9a028302ed4184","hash":"06976535e49981c0affa74f23dedf0fec7055df7","contentHash":"f456bc4d27518c1383e55d95e6acf0cb8e002dc9b60cad9fc38ceab0ee27d051"},"E:\\Computing Level 8\\DK821 Year 4\\Semester 1\\Team Project\\Code\\Service_Loop_Server\\spec\\Verify_JWT_Spec.js":{"path":"E:\\Computing Level 8\\DK821 Year 4\\Semester 1\\Team Project\\Code\\Service_Loop_Server\\spec\\Verify_JWT_Spec.js","statementMap":{"0":{"start":{"line":2,"column":30},"end":{"line":2,"column":63}},"1":{"start":{"line":3,"column":15},"end":{"line":3,"column":46}},"2":{"start":{"line":4,"column":28},"end":{"line":4,"column":93}},"3":{"start":{"line":5,"column":0},"end":{"line":5,"column":30}},"4":{"start":{"line":7,"column":0},"end":{"line":25,"column":3}},"5":{"start":{"line":8,"column":4},"end":{"line":10,"column":7}},"6":{"start":{"line":9,"column":8},"end":{"line":9,"column":49}},"7":{"start":{"line":12,"column":4},"end":{"line":17,"column":7}},"8":{"start":{"line":13,"column":31},"end":{"line":13,"column":305}},"9":{"start":{"line":15,"column":8},"end":{"line":15,"column":59}},"10":{"start":{"line":16,"column":8},"end":{"line":16,"column":15}},"11":{"start":{"line":19,"column":4},"end":{"line":24,"column":7}},"12":{"start":{"line":20,"column":31},"end":{"line":20,"column":305}},"13":{"start":{"line":22,"column":8},"end":{"line":22,"column":58}},"14":{"start":{"line":23,"column":8},"end":{"line":23,"column":15}}},"fnMap":{"0":{"name":"(anonymous_0)","decl":{"start":{"line":7,"column":33},"end":{"line":7,"column":34}},"loc":{"start":{"line":7,"column":45},"end":{"line":25,"column":1}},"line":7},"1":{"name":"(anonymous_1)","decl":{"start":{"line":8,"column":15},"end":{"line":8,"column":16}},"loc":{"start":{"line":8,"column":26},"end":{"line":10,"column":5}},"line":8},"2":{"name":"(anonymous_2)","decl":{"start":{"line":12,"column":50},"end":{"line":12,"column":51}},"loc":{"start":{"line":12,"column":72},"end":{"line":17,"column":5}},"line":12},"3":{"name":"(anonymous_3)","decl":{"start":{"line":19,"column":53},"end":{"line":19,"column":54}},"loc":{"start":{"line":19,"column":75},"end":{"line":24,"column":5}},"line":19}},"branchMap":{},"s":{"0":1,"1":1,"2":1,"3":1,"4":1,"5":1,"6":2,"7":1,"8":1,"9":1,"10":1,"11":1,"12":1,"13":1,"14":1},"f":{"0":1,"1":2,"2":1,"3":1},"b":{},"_coverageSchema":"43e27e138ebf9cfc5966b082cf9a028302ed4184","hash":"1181f38e1002709f8234410c2fcfa282d73fe98a","contentHash":"c8ddbd8ce16b2d091bff274488622426c601e6fcd18f572ce1db9e97104a363a"},"E:\\Computing Level 8\\DK821 Year 4\\Semester 1\\Team Project\\Code\\Service_Loop_Server\\services\\verify_jwt.js":{"path":"E:\\Computing Level 8\\DK821 Year 4\\Semester 1\\Team Project\\Code\\Service_Loop_Server\\services\\verify_jwt.js","statementMap":{"0":{"start":{"line":1,"column":17},"end":{"line":22,"column":1}},"1":{"start":{"line":2,"column":16},"end":{"line":2,"column":39}},"2":{"start":{"line":4,"column":4},"end":{"line":21,"column":5}},"3":{"start":{"line":5,"column":8},"end":{"line":5,"column":45}},"4":{"start":{"line":7,"column":24},"end":{"line":7,"column":39}},"5":{"start":{"line":8,"column":24},"end":{"line":8,"column":78}},"6":{"start":{"line":9,"column":23},"end":{"line":9,"column":40}},"7":{"start":{"line":10,"column":26},"end":{"line":10,"column":60}},"8":{"start":{"line":12,"column":8},"end":{"line":12,"column":59}},"9":{"start":{"line":14,"column":8},"end":{"line":20,"column":9}},"10":{"start":{"line":15,"column":12},"end":{"line":15,"column":69}},"11":{"start":{"line":16,"column":15},"end":{"line":20,"column":9}},"12":{"start":{"line":17,"column":12},"end":{"line":17,"column":69}},"13":{"start":{"line":19,"column":12},"end":{"line":19,"column":55}},"14":{"start":{"line":24,"column":0},"end":{"line":24,"column":32}}},"fnMap":{"0":{"name":"verify_jwt","decl":{"start":{"line":1,"column":32},"end":{"line":1,"column":42}},"loc":{"start":{"line":1,"column":93},"end":{"line":22,"column":1}},"line":1}},"branchMap":{"0":{"loc":{"start":{"line":1,"column":50},"end":{"line":1,"column":91}},"type":"default-arg","locations":[{"start":{"line":1,"column":58},"end":{"line":1,"column":91}}],"line":1},"1":{"loc":{"start":{"line":14,"column":8},"end":{"line":20,"column":9}},"type":"if","locations":[{"start":{"line":14,"column":8},"end":{"line":20,"column":9}},{"start":{"line":14,"column":8},"end":{"line":20,"column":9}}],"line":14},"2":{"loc":{"start":{"line":16,"column":15},"end":{"line":20,"column":9}},"type":"if","locations":[{"start":{"line":16,"column":15},"end":{"line":20,"column":9}},{"start":{"line":16,"column":15},"end":{"line":20,"column":9}}],"line":16}},"s":{"0":1,"1":2,"2":2,"3":2,"4":1,"5":1,"6":1,"7":1,"8":1,"9":1,"10":0,"11":1,"12":0,"13":1,"14":1},"f":{"0":2},"b":{"0":[0],"1":[0,1],"2":[0,1]},"_coverageSchema":"43e27e138ebf9cfc5966b082cf9a028302ed4184","hash":"5d58fd7b93b82408d32be1bb3df4c72a1614bd68","contentHash":"19d882e4ef74d44bf6438213802ac031a9af4b148b644c357fa1ad6cc8b7aceb"},"E:\\Computing Level 8\\DK821 Year 4\\Semester 1\\Team Project\\Code\\Service_Loop_Server\\models\\post.js":{"path":"E:\\Computing Level 8\\DK821 Year 4\\Semester 1\\Team Project\\Code\\Service_Loop_Server\\models\\post.js","statementMap":{"0":{"start":{"line":1,"column":17},"end":{"line":1,"column":36}},"1":{"start":{"line":3,"column":19},"end":{"line":109,"column":2}},"2":{"start":{"line":111,"column":13},"end":{"line":111,"column":47}},"3":{"start":{"line":112,"column":0},"end":{"line":112,"column":22}}},"fnMap":{},"branchMap":{},"s":{"0":1,"1":1,"2":1,"3":1},"f":{},"b":{},"_coverageSchema":"43e27e138ebf9cfc5966b082cf9a028302ed4184","hash":"6b7c9917ccad94745718919c692c299b6f6b323b","contentHash":"b6ff95612261661bcb620e6e146f270f959561b51c70fcd873da7fffd1940051"},"E:\\Computing Level 8\\DK821 Year 4\\Semester 1\\Team Project\\Code\\Service_Loop_Server\\models\\notifications.js":{"path":"E:\\Computing Level 8\\DK821 Year 4\\Semester 1\\Team Project\\Code\\Service_Loop_Server\\models\\notifications.js","statementMap":{"0":{"start":{"line":1,"column":17},"end":{"line":1,"column":36}},"1":{"start":{"line":3,"column":27},"end":{"line":47,"column":2}},"2":{"start":{"line":49,"column":21},"end":{"line":49,"column":71}},"3":{"start":{"line":50,"column":0},"end":{"line":50,"column":30}}},"fnMap":{},"branchMap":{},"s":{"0":1,"1":1,"2":1,"3":1},"f":{},"b":{},"_coverageSchema":"43e27e138ebf9cfc5966b082cf9a028302ed4184","hash":"3b6b43753ce2374f1e4fe9d90da2af38184aa541","contentHash":"a1d4368493afb083a71a2629bfa3ac50d1983d5651ab44954a8e9a6e4b0f339f"},"E:\\Computing Level 8\\DK821 Year 4\\Semester 1\\Team Project\\Code\\Service_Loop_Server\\services\\registration\\filter_registration_input.js":{"path":"E:\\Computing Level 8\\DK821 Year 4\\Semester 1\\Team Project\\Code\\Service_Loop_Server\\services\\registration\\filter_registration_input.js","statementMap":{"0":{"start":{"line":15,"column":32},"end":{"line":69,"column":1}},"1":{"start":{"line":16,"column":22},"end":{"line":16,"column":42}},"2":{"start":{"line":17,"column":32},"end":{"line":17,"column":37}},"3":{"start":{"line":18,"column":27},"end":{"line":18,"column":32}},"4":{"start":{"line":21,"column":4},"end":{"line":23,"column":5}},"5":{"start":{"line":22,"column":8},"end":{"line":22,"column":98}},"6":{"start":{"line":27,"column":4},"end":{"line":44,"column":5}},"7":{"start":{"line":28,"column":8},"end":{"line":41,"column":9}},"8":{"start":{"line":29,"column":12},"end":{"line":38,"column":13}},"9":{"start":{"line":31,"column":16},"end":{"line":35,"column":17}},"10":{"start":{"line":32,"column":20},"end":{"line":32,"column":49}},"11":{"start":{"line":34,"column":20},"end":{"line":34,"column":130}},"12":{"start":{"line":37,"column":16},"end":{"line":37,"column":215}},"13":{"start":{"line":40,"column":12},"end":{"line":40,"column":96}},"14":{"start":{"line":43,"column":8},"end":{"line":43,"column":106}},"15":{"start":{"line":46,"column":4},"end":{"line":68,"column":5}},"16":{"start":{"line":50,"column":8},"end":{"line":67,"column":9}},"17":{"start":{"line":51,"column":12},"end":{"line":64,"column":15}},"18":{"start":{"line":52,"column":35},"end":{"line":52,"column":39}},"19":{"start":{"line":53,"column":51},"end":{"line":53,"column":106}},"20":{"start":{"line":55,"column":16},"end":{"line":63,"column":17}},"21":{"start":{"line":56,"column":20},"end":{"line":56,"column":94}},"22":{"start":{"line":58,"column":20},"end":{"line":62,"column":21}},"23":{"start":{"line":59,"column":24},"end":{"line":59,"column":70}},"24":{"start":{"line":61,"column":24},"end":{"line":61,"column":154}},"25":{"start":{"line":66,"column":12},"end":{"line":66,"column":47}},"26":{"start":{"line":72,"column":30},"end":{"line":99,"column":1}},"27":{"start":{"line":74,"column":22},"end":{"line":74,"column":42}},"28":{"start":{"line":77,"column":4},"end":{"line":79,"column":5}},"29":{"start":{"line":78,"column":8},"end":{"line":78,"column":59}},"30":{"start":{"line":81,"column":4},"end":{"line":98,"column":5}},"31":{"start":{"line":82,"column":8},"end":{"line":94,"column":9}},"32":{"start":{"line":83,"column":12},"end":{"line":91,"column":13}},"33":{"start":{"line":85,"column":16},"end":{"line":85,"column":49}},"34":{"start":{"line":86,"column":16},"end":{"line":86,"column":59}},"35":{"start":{"line":90,"column":16},"end":{"line":90,"column":215}},"36":{"start":{"line":93,"column":12},"end":{"line":93,"column":96}},"37":{"start":{"line":96,"column":8},"end":{"line":96,"column":106}},"38":{"start":{"line":101,"column":26},"end":{"line":117,"column":1}},"39":{"start":{"line":103,"column":22},"end":{"line":103,"column":42}},"40":{"start":{"line":104,"column":4},"end":{"line":107,"column":5}},"41":{"start":{"line":106,"column":8},"end":{"line":106,"column":79}},"42":{"start":{"line":108,"column":4},"end":{"line":114,"column":5}},"43":{"start":{"line":110,"column":8},"end":{"line":110,"column":51}},"44":{"start":{"line":113,"column":8},"end":{"line":113,"column":118}},"45":{"start":{"line":119,"column":0},"end":{"line":119,"column":64}},"46":{"start":{"line":120,"column":0},"end":{"line":120,"column":50}},"47":{"start":{"line":121,"column":0},"end":{"line":121,"column":58}}},"fnMap":{"0":{"name":"validate_registration_input","decl":{"start":{"line":15,"column":41},"end":{"line":15,"column":68}},"loc":{"start":{"line":15,"column":180},"end":{"line":69,"column":1}},"line":15},"1":{"name":"(anonymous_1)","decl":{"start":{"line":51,"column":31},"end":{"line":51,"column":32}},"loc":{"start":{"line":51,"column":58},"end":{"line":64,"column":13}},"line":51},"2":{"name":"validate_password_input","decl":{"start":{"line":72,"column":39},"end":{"line":72,"column":62}},"loc":{"start":{"line":73,"column":0},"end":{"line":99,"column":1}},"line":73},"3":{"name":"validate_user_details","decl":{"start":{"line":101,"column":35},"end":{"line":101,"column":56}},"loc":{"start":{"line":102,"column":0},"end":{"line":117,"column":1}},"line":102}},"branchMap":{"0":{"loc":{"start":{"line":21,"column":4},"end":{"line":23,"column":5}},"type":"if","locations":[{"start":{"line":21,"column":4},"end":{"line":23,"column":5}},{"start":{"line":21,"column":4},"end":{"line":23,"column":5}}],"line":21},"1":{"loc":{"start":{"line":21,"column":8},"end":{"line":21,"column":169}},"type":"binary-expr","locations":[{"start":{"line":21,"column":8},"end":{"line":21,"column":36}},{"start":{"line":21,"column":40},"end":{"line":21,"column":67}},{"start":{"line":21,"column":71},"end":{"line":21,"column":106}},{"start":{"line":21,"column":110},"end":{"line":21,"column":134}},{"start":{"line":21,"column":138},"end":{"line":21,"column":169}}],"line":21},"2":{"loc":{"start":{"line":27,"column":4},"end":{"line":44,"column":5}},"type":"if","locations":[{"start":{"line":27,"column":4},"end":{"line":44,"column":5}},{"start":{"line":27,"column":4},"end":{"line":44,"column":5}}],"line":27},"3":{"loc":{"start":{"line":28,"column":8},"end":{"line":41,"column":9}},"type":"if","locations":[{"start":{"line":28,"column":8},"end":{"line":41,"column":9}},{"start":{"line":28,"column":8},"end":{"line":41,"column":9}}],"line":28},"4":{"loc":{"start":{"line":29,"column":12},"end":{"line":38,"column":13}},"type":"if","locations":[{"start":{"line":29,"column":12},"end":{"line":38,"column":13}},{"start":{"line":29,"column":12},"end":{"line":38,"column":13}}],"line":29},"5":{"loc":{"start":{"line":31,"column":16},"end":{"line":35,"column":17}},"type":"if","locations":[{"start":{"line":31,"column":16},"end":{"line":35,"column":17}},{"start":{"line":31,"column":16},"end":{"line":35,"column":17}}],"line":31},"6":{"loc":{"start":{"line":46,"column":4},"end":{"line":68,"column":5}},"type":"if","locations":[{"start":{"line":46,"column":4},"end":{"line":68,"column":5}},{"start":{"line":46,"column":4},"end":{"line":68,"column":5}}],"line":46},"7":{"loc":{"start":{"line":55,"column":16},"end":{"line":63,"column":17}},"type":"if","locations":[{"start":{"line":55,"column":16},"end":{"line":63,"column":17}},{"start":{"line":55,"column":16},"end":{"line":63,"column":17}}],"line":55},"8":{"loc":{"start":{"line":58,"column":20},"end":{"line":62,"column":21}},"type":"if","locations":[{"start":{"line":58,"column":20},"end":{"line":62,"column":21}},{"start":{"line":58,"column":20},"end":{"line":62,"column":21}}],"line":58},"9":{"loc":{"start":{"line":77,"column":4},"end":{"line":79,"column":5}},"type":"if","locations":[{"start":{"line":77,"column":4},"end":{"line":79,"column":5}},{"start":{"line":77,"column":4},"end":{"line":79,"column":5}}],"line":77},"10":{"loc":{"start":{"line":77,"column":9},"end":{"line":77,"column":75}},"type":"binary-expr","locations":[{"start":{"line":77,"column":9},"end":{"line":77,"column":36}},{"start":{"line":77,"column":40},"end":{"line":77,"column":75}}],"line":77},"11":{"loc":{"start":{"line":81,"column":4},"end":{"line":98,"column":5}},"type":"if","locations":[{"start":{"line":81,"column":4},"end":{"line":98,"column":5}},{"start":{"line":81,"column":4},"end":{"line":98,"column":5}}],"line":81},"12":{"loc":{"start":{"line":82,"column":8},"end":{"line":94,"column":9}},"type":"if","locations":[{"start":{"line":82,"column":8},"end":{"line":94,"column":9}},{"start":{"line":82,"column":8},"end":{"line":94,"column":9}}],"line":82},"13":{"loc":{"start":{"line":83,"column":12},"end":{"line":91,"column":13}},"type":"if","locations":[{"start":{"line":83,"column":12},"end":{"line":91,"column":13}},{"start":{"line":83,"column":12},"end":{"line":91,"column":13}}],"line":83},"14":{"loc":{"start":{"line":104,"column":4},"end":{"line":107,"column":5}},"type":"if","locations":[{"start":{"line":104,"column":4},"end":{"line":107,"column":5}},{"start":{"line":104,"column":4},"end":{"line":107,"column":5}}],"line":104},"15":{"loc":{"start":{"line":108,"column":4},"end":{"line":114,"column":5}},"type":"if","locations":[{"start":{"line":108,"column":4},"end":{"line":114,"column":5}},{"start":{"line":108,"column":4},"end":{"line":114,"column":5}}],"line":108}},"s":{"0":1,"1":10,"2":10,"3":10,"4":10,"5":1,"6":9,"7":8,"8":7,"9":6,"10":4,"11":2,"12":1,"13":1,"14":1,"15":4,"16":4,"17":4,"18":4,"19":4,"20":4,"21":0,"22":4,"23":3,"24":1,"25":0,"26":1,"27":5,"28":5,"29":1,"30":4,"31":3,"32":2,"33":1,"34":1,"35":1,"36":1,"37":1,"38":1,"39":5,"40":5,"41":1,"42":4,"43":3,"44":1,"45":1,"46":1,"47":1},"f":{"0":10,"1":4,"2":5,"3":5},"b":{"0":[1,9],"1":[10,10,10,10,9],"2":[8,1],"3":[7,1],"4":[6,1],"5":[4,2],"6":[4,0],"7":[0,4],"8":[3,1],"9":[1,4],"10":[5,4],"11":[3,1],"12":[2,1],"13":[1,1],"14":[1,4],"15":[3,1]},"_coverageSchema":"43e27e138ebf9cfc5966b082cf9a028302ed4184","hash":"5996f7e9e45e053ffb8432e26787729d3be31dde","contentHash":"cf20a45986cf501aec25825c633292dc4cbe2b049ae1b13f7d47db273cb0bef6"}}